[2024-07-21T00:31:48.016+0000] {taskinstance.py:1159} INFO - Dependencies all met for dep_context=non-requeueable deps ti=<TaskInstance: our_dag_with_python_operator_v05.get_name scheduled__2024-07-20T00:00:00+00:00 [queued]>
[2024-07-21T00:31:48.034+0000] {taskinstance.py:1159} INFO - Dependencies all met for dep_context=requeueable deps ti=<TaskInstance: our_dag_with_python_operator_v05.get_name scheduled__2024-07-20T00:00:00+00:00 [queued]>
[2024-07-21T00:31:48.035+0000] {taskinstance.py:1361} INFO - Starting attempt 1 of 6
[2024-07-21T00:31:48.086+0000] {taskinstance.py:1382} INFO - Executing <Task(PythonOperator): get_name> on 2024-07-20 00:00:00+00:00
[2024-07-21T00:31:48.122+0000] {standard_task_runner.py:57} INFO - Started process 27740 to run task
[2024-07-21T00:31:48.130+0000] {standard_task_runner.py:84} INFO - Running: ['***', 'tasks', 'run', 'our_dag_with_python_operator_v05', 'get_name', 'scheduled__2024-07-20T00:00:00+00:00', '--job-id', '1099', '--raw', '--subdir', 'DAGS_FOLDER/create_dag_with_python_operator.py', '--cfg-path', '/tmp/tmph9e0l5dl']
[2024-07-21T00:31:48.138+0000] {standard_task_runner.py:85} INFO - Job 1099: Subtask get_name
[2024-07-21T00:31:48.340+0000] {task_command.py:416} INFO - Running <TaskInstance: our_dag_with_python_operator_v05.get_name scheduled__2024-07-20T00:00:00+00:00 [running]> on host b8647d758ea8
[2024-07-21T00:31:48.584+0000] {taskinstance.py:1662} INFO - Exporting env vars: AIRFLOW_CTX_DAG_OWNER='Bowen' AIRFLOW_CTX_DAG_ID='our_dag_with_python_operator_v05' AIRFLOW_CTX_TASK_ID='get_name' AIRFLOW_CTX_EXECUTION_DATE='2024-07-20T00:00:00+00:00' AIRFLOW_CTX_TRY_NUMBER='1' AIRFLOW_CTX_DAG_RUN_ID='scheduled__2024-07-20T00:00:00+00:00'
[2024-07-21T00:31:48.667+0000] {python.py:194} INFO - Done. Returned value was: None
[2024-07-21T00:31:48.688+0000] {taskinstance.py:1400} INFO - Marking task as SUCCESS. dag_id=our_dag_with_python_operator_v05, task_id=get_name, execution_date=20240720T000000, start_date=20240721T003148, end_date=20240721T003148
[2024-07-21T00:31:48.765+0000] {local_task_job_runner.py:228} INFO - Task exited with return code 0
[2024-07-21T00:31:48.841+0000] {taskinstance.py:2778} INFO - 1 downstream tasks scheduled from follow-on schedule check
[2024-07-21T00:38:55.730+0000] {taskinstance.py:1159} INFO - Dependencies all met for dep_context=non-requeueable deps ti=<TaskInstance: our_dag_with_python_operator_v05.get_name scheduled__2024-07-20T00:00:00+00:00 [queued]>
[2024-07-21T00:38:55.935+0000] {taskinstance.py:1159} INFO - Dependencies all met for dep_context=requeueable deps ti=<TaskInstance: our_dag_with_python_operator_v05.get_name scheduled__2024-07-20T00:00:00+00:00 [queued]>
[2024-07-21T00:38:55.938+0000] {taskinstance.py:1361} INFO - Starting attempt 1 of 6
[2024-07-21T00:38:56.052+0000] {taskinstance.py:1382} INFO - Executing <Task(PythonOperator): get_name> on 2024-07-20 00:00:00+00:00
[2024-07-21T00:38:56.108+0000] {standard_task_runner.py:57} INFO - Started process 28016 to run task
[2024-07-21T00:38:56.155+0000] {standard_task_runner.py:84} INFO - Running: ['***', 'tasks', 'run', 'our_dag_with_python_operator_v05', 'get_name', 'scheduled__2024-07-20T00:00:00+00:00', '--job-id', '1104', '--raw', '--subdir', 'DAGS_FOLDER/create_dag_with_python_operator.py', '--cfg-path', '/tmp/tmpcas6d17r']
[2024-07-21T00:38:56.210+0000] {standard_task_runner.py:85} INFO - Job 1104: Subtask get_name
[2024-07-21T00:38:57.449+0000] {task_command.py:416} INFO - Running <TaskInstance: our_dag_with_python_operator_v05.get_name scheduled__2024-07-20T00:00:00+00:00 [running]> on host b8647d758ea8
[2024-07-21T00:38:58.711+0000] {taskinstance.py:1662} INFO - Exporting env vars: AIRFLOW_CTX_DAG_OWNER='Bowen' AIRFLOW_CTX_DAG_ID='our_dag_with_python_operator_v05' AIRFLOW_CTX_TASK_ID='get_name' AIRFLOW_CTX_EXECUTION_DATE='2024-07-20T00:00:00+00:00' AIRFLOW_CTX_TRY_NUMBER='1' AIRFLOW_CTX_DAG_RUN_ID='scheduled__2024-07-20T00:00:00+00:00'
[2024-07-21T00:38:59.709+0000] {python.py:194} INFO - Done. Returned value was: None
[2024-07-21T00:38:59.987+0000] {taskinstance.py:1400} INFO - Marking task as SUCCESS. dag_id=our_dag_with_python_operator_v05, task_id=get_name, execution_date=20240720T000000, start_date=20240721T003855, end_date=20240721T003859
[2024-07-21T00:39:00.931+0000] {local_task_job_runner.py:228} INFO - Task exited with return code 0
[2024-07-21T00:39:01.250+0000] {taskinstance.py:2778} INFO - 1 downstream tasks scheduled from follow-on schedule check
