[2024-07-20T00:17:40.009+0000] {processor.py:157} INFO - Started process (PID=205) to work on /home/airflow/.local/lib/python3.8/site-packages/airflow/example_dags/example_params_trigger_ui.py
[2024-07-20T00:17:40.013+0000] {processor.py:829} INFO - Processing file /home/airflow/.local/lib/python3.8/site-packages/airflow/example_dags/example_params_trigger_ui.py for tasks to queue
[2024-07-20T00:17:40.020+0000] {logging_mixin.py:154} INFO - [2024-07-20T00:17:40.019+0000] {dagbag.py:536} INFO - Filling up the DagBag from /home/airflow/.local/lib/python3.8/site-packages/airflow/example_dags/example_params_trigger_ui.py
[2024-07-20T00:17:40.091+0000] {processor.py:839} INFO - DAG(s) dict_keys(['example_params_trigger_ui']) retrieved from /home/airflow/.local/lib/python3.8/site-packages/airflow/example_dags/example_params_trigger_ui.py
[2024-07-20T00:17:40.127+0000] {logging_mixin.py:154} INFO - [2024-07-20T00:17:40.127+0000] {dag.py:2941} INFO - Sync 1 DAGs
[2024-07-20T00:17:40.207+0000] {logging_mixin.py:154} INFO - [2024-07-20T00:17:40.207+0000] {dag.py:2963} INFO - Creating ORM DAG for example_params_trigger_ui
[2024-07-20T00:17:40.210+0000] {logging_mixin.py:154} INFO - [2024-07-20T00:17:40.210+0000] {dag.py:3722} INFO - Setting next_dagrun for example_params_trigger_ui to None, run_after=None
[2024-07-20T00:17:40.260+0000] {processor.py:179} INFO - Processing /home/airflow/.local/lib/python3.8/site-packages/airflow/example_dags/example_params_trigger_ui.py took 0.270 seconds
[2024-07-20T00:18:11.704+0000] {processor.py:157} INFO - Started process (PID=448) to work on /home/airflow/.local/lib/python3.8/site-packages/airflow/example_dags/example_params_trigger_ui.py
[2024-07-20T00:18:11.707+0000] {processor.py:829} INFO - Processing file /home/airflow/.local/lib/python3.8/site-packages/airflow/example_dags/example_params_trigger_ui.py for tasks to queue
[2024-07-20T00:18:11.710+0000] {logging_mixin.py:154} INFO - [2024-07-20T00:18:11.709+0000] {dagbag.py:536} INFO - Filling up the DagBag from /home/airflow/.local/lib/python3.8/site-packages/airflow/example_dags/example_params_trigger_ui.py
[2024-07-20T00:18:11.837+0000] {processor.py:839} INFO - DAG(s) dict_keys(['example_params_trigger_ui']) retrieved from /home/airflow/.local/lib/python3.8/site-packages/airflow/example_dags/example_params_trigger_ui.py
[2024-07-20T00:18:12.120+0000] {logging_mixin.py:154} INFO - [2024-07-20T00:18:12.120+0000] {dag.py:2941} INFO - Sync 1 DAGs
[2024-07-20T00:18:12.167+0000] {logging_mixin.py:154} INFO - [2024-07-20T00:18:12.167+0000] {dag.py:3722} INFO - Setting next_dagrun for example_params_trigger_ui to None, run_after=None
[2024-07-20T00:18:12.314+0000] {processor.py:179} INFO - Processing /home/airflow/.local/lib/python3.8/site-packages/airflow/example_dags/example_params_trigger_ui.py took 0.621 seconds
[2024-07-20T00:18:42.975+0000] {processor.py:157} INFO - Started process (PID=691) to work on /home/airflow/.local/lib/python3.8/site-packages/airflow/example_dags/example_params_trigger_ui.py
[2024-07-20T00:18:42.977+0000] {processor.py:829} INFO - Processing file /home/airflow/.local/lib/python3.8/site-packages/airflow/example_dags/example_params_trigger_ui.py for tasks to queue
[2024-07-20T00:18:42.980+0000] {logging_mixin.py:154} INFO - [2024-07-20T00:18:42.979+0000] {dagbag.py:536} INFO - Filling up the DagBag from /home/airflow/.local/lib/python3.8/site-packages/airflow/example_dags/example_params_trigger_ui.py
[2024-07-20T00:18:43.026+0000] {processor.py:839} INFO - DAG(s) dict_keys(['example_params_trigger_ui']) retrieved from /home/airflow/.local/lib/python3.8/site-packages/airflow/example_dags/example_params_trigger_ui.py
[2024-07-20T00:18:43.148+0000] {logging_mixin.py:154} INFO - [2024-07-20T00:18:43.147+0000] {dag.py:2941} INFO - Sync 1 DAGs
[2024-07-20T00:18:43.183+0000] {logging_mixin.py:154} INFO - [2024-07-20T00:18:43.183+0000] {dag.py:3722} INFO - Setting next_dagrun for example_params_trigger_ui to None, run_after=None
[2024-07-20T00:18:43.240+0000] {processor.py:179} INFO - Processing /home/airflow/.local/lib/python3.8/site-packages/airflow/example_dags/example_params_trigger_ui.py took 0.270 seconds
[2024-07-20T00:19:14.256+0000] {processor.py:157} INFO - Started process (PID=933) to work on /home/airflow/.local/lib/python3.8/site-packages/airflow/example_dags/example_params_trigger_ui.py
[2024-07-20T00:19:14.259+0000] {processor.py:829} INFO - Processing file /home/airflow/.local/lib/python3.8/site-packages/airflow/example_dags/example_params_trigger_ui.py for tasks to queue
[2024-07-20T00:19:14.269+0000] {logging_mixin.py:154} INFO - [2024-07-20T00:19:14.268+0000] {dagbag.py:536} INFO - Filling up the DagBag from /home/airflow/.local/lib/python3.8/site-packages/airflow/example_dags/example_params_trigger_ui.py
[2024-07-20T00:19:14.323+0000] {processor.py:839} INFO - DAG(s) dict_keys(['example_params_trigger_ui']) retrieved from /home/airflow/.local/lib/python3.8/site-packages/airflow/example_dags/example_params_trigger_ui.py
[2024-07-20T00:19:14.521+0000] {logging_mixin.py:154} INFO - [2024-07-20T00:19:14.521+0000] {dag.py:2941} INFO - Sync 1 DAGs
[2024-07-20T00:19:14.547+0000] {logging_mixin.py:154} INFO - [2024-07-20T00:19:14.547+0000] {dag.py:3722} INFO - Setting next_dagrun for example_params_trigger_ui to None, run_after=None
[2024-07-20T00:19:14.576+0000] {processor.py:179} INFO - Processing /home/airflow/.local/lib/python3.8/site-packages/airflow/example_dags/example_params_trigger_ui.py took 0.332 seconds
