[2024-07-20T00:17:44.957+0000] {processor.py:157} INFO - Started process (PID=275) to work on /home/airflow/.local/lib/python3.8/site-packages/airflow/example_dags/example_trigger_controller_dag.py
[2024-07-20T00:17:44.960+0000] {processor.py:829} INFO - Processing file /home/airflow/.local/lib/python3.8/site-packages/airflow/example_dags/example_trigger_controller_dag.py for tasks to queue
[2024-07-20T00:17:44.967+0000] {logging_mixin.py:154} INFO - [2024-07-20T00:17:44.966+0000] {dagbag.py:536} INFO - Filling up the DagBag from /home/airflow/.local/lib/python3.8/site-packages/airflow/example_dags/example_trigger_controller_dag.py
[2024-07-20T00:17:45.003+0000] {processor.py:839} INFO - DAG(s) dict_keys(['example_trigger_controller_dag']) retrieved from /home/airflow/.local/lib/python3.8/site-packages/airflow/example_dags/example_trigger_controller_dag.py
[2024-07-20T00:17:45.110+0000] {logging_mixin.py:154} INFO - [2024-07-20T00:17:45.110+0000] {dag.py:2941} INFO - Sync 1 DAGs
[2024-07-20T00:17:45.197+0000] {logging_mixin.py:154} INFO - [2024-07-20T00:17:45.197+0000] {dag.py:2963} INFO - Creating ORM DAG for example_trigger_controller_dag
[2024-07-20T00:17:45.283+0000] {logging_mixin.py:154} INFO - [2024-07-20T00:17:45.283+0000] {dag.py:3722} INFO - Setting next_dagrun for example_trigger_controller_dag to 2021-01-01T00:00:00+00:00, run_after=2021-01-01T00:00:00+00:00
[2024-07-20T00:17:45.465+0000] {processor.py:179} INFO - Processing /home/airflow/.local/lib/python3.8/site-packages/airflow/example_dags/example_trigger_controller_dag.py took 0.543 seconds
[2024-07-20T00:18:16.069+0000] {processor.py:157} INFO - Started process (PID=520) to work on /home/airflow/.local/lib/python3.8/site-packages/airflow/example_dags/example_trigger_controller_dag.py
[2024-07-20T00:18:16.071+0000] {processor.py:829} INFO - Processing file /home/airflow/.local/lib/python3.8/site-packages/airflow/example_dags/example_trigger_controller_dag.py for tasks to queue
[2024-07-20T00:18:16.075+0000] {logging_mixin.py:154} INFO - [2024-07-20T00:18:16.074+0000] {dagbag.py:536} INFO - Filling up the DagBag from /home/airflow/.local/lib/python3.8/site-packages/airflow/example_dags/example_trigger_controller_dag.py
[2024-07-20T00:18:16.090+0000] {processor.py:839} INFO - DAG(s) dict_keys(['example_trigger_controller_dag']) retrieved from /home/airflow/.local/lib/python3.8/site-packages/airflow/example_dags/example_trigger_controller_dag.py
[2024-07-20T00:18:16.229+0000] {logging_mixin.py:154} INFO - [2024-07-20T00:18:16.229+0000] {dag.py:2941} INFO - Sync 1 DAGs
[2024-07-20T00:18:16.319+0000] {logging_mixin.py:154} INFO - [2024-07-20T00:18:16.318+0000] {dag.py:3722} INFO - Setting next_dagrun for example_trigger_controller_dag to 2021-01-01T00:00:00+00:00, run_after=2021-01-01T00:00:00+00:00
[2024-07-20T00:18:16.385+0000] {processor.py:179} INFO - Processing /home/airflow/.local/lib/python3.8/site-packages/airflow/example_dags/example_trigger_controller_dag.py took 0.324 seconds
[2024-07-20T00:18:47.062+0000] {processor.py:157} INFO - Started process (PID=763) to work on /home/airflow/.local/lib/python3.8/site-packages/airflow/example_dags/example_trigger_controller_dag.py
[2024-07-20T00:18:47.073+0000] {processor.py:829} INFO - Processing file /home/airflow/.local/lib/python3.8/site-packages/airflow/example_dags/example_trigger_controller_dag.py for tasks to queue
[2024-07-20T00:18:47.079+0000] {logging_mixin.py:154} INFO - [2024-07-20T00:18:47.078+0000] {dagbag.py:536} INFO - Filling up the DagBag from /home/airflow/.local/lib/python3.8/site-packages/airflow/example_dags/example_trigger_controller_dag.py
[2024-07-20T00:18:47.093+0000] {processor.py:839} INFO - DAG(s) dict_keys(['example_trigger_controller_dag']) retrieved from /home/airflow/.local/lib/python3.8/site-packages/airflow/example_dags/example_trigger_controller_dag.py
[2024-07-20T00:18:47.138+0000] {logging_mixin.py:154} INFO - [2024-07-20T00:18:47.138+0000] {dag.py:2941} INFO - Sync 1 DAGs
[2024-07-20T00:18:47.196+0000] {logging_mixin.py:154} INFO - [2024-07-20T00:18:47.195+0000] {dag.py:3722} INFO - Setting next_dagrun for example_trigger_controller_dag to 2021-01-01T00:00:00+00:00, run_after=2021-01-01T00:00:00+00:00
[2024-07-20T00:18:47.224+0000] {processor.py:179} INFO - Processing /home/airflow/.local/lib/python3.8/site-packages/airflow/example_dags/example_trigger_controller_dag.py took 0.167 seconds
[2024-07-20T00:19:17.937+0000] {processor.py:157} INFO - Started process (PID=1005) to work on /home/airflow/.local/lib/python3.8/site-packages/airflow/example_dags/example_trigger_controller_dag.py
[2024-07-20T00:19:17.939+0000] {processor.py:829} INFO - Processing file /home/airflow/.local/lib/python3.8/site-packages/airflow/example_dags/example_trigger_controller_dag.py for tasks to queue
[2024-07-20T00:19:17.942+0000] {logging_mixin.py:154} INFO - [2024-07-20T00:19:17.941+0000] {dagbag.py:536} INFO - Filling up the DagBag from /home/airflow/.local/lib/python3.8/site-packages/airflow/example_dags/example_trigger_controller_dag.py
[2024-07-20T00:19:17.957+0000] {processor.py:839} INFO - DAG(s) dict_keys(['example_trigger_controller_dag']) retrieved from /home/airflow/.local/lib/python3.8/site-packages/airflow/example_dags/example_trigger_controller_dag.py
[2024-07-20T00:19:18.013+0000] {logging_mixin.py:154} INFO - [2024-07-20T00:19:18.013+0000] {dag.py:2941} INFO - Sync 1 DAGs
[2024-07-20T00:19:18.056+0000] {logging_mixin.py:154} INFO - [2024-07-20T00:19:18.056+0000] {dag.py:3722} INFO - Setting next_dagrun for example_trigger_controller_dag to 2021-01-01T00:00:00+00:00, run_after=2021-01-01T00:00:00+00:00
[2024-07-20T00:19:18.098+0000] {processor.py:179} INFO - Processing /home/airflow/.local/lib/python3.8/site-packages/airflow/example_dags/example_trigger_controller_dag.py took 0.170 seconds
