[2024-07-20T00:17:37.988+0000] {processor.py:157} INFO - Started process (PID=175) to work on /home/airflow/.local/lib/python3.8/site-packages/airflow/example_dags/example_dag_decorator.py
[2024-07-20T00:17:37.990+0000] {processor.py:829} INFO - Processing file /home/airflow/.local/lib/python3.8/site-packages/airflow/example_dags/example_dag_decorator.py for tasks to queue
[2024-07-20T00:17:37.993+0000] {logging_mixin.py:154} INFO - [2024-07-20T00:17:37.992+0000] {dagbag.py:536} INFO - Filling up the DagBag from /home/airflow/.local/lib/python3.8/site-packages/airflow/example_dags/example_dag_decorator.py
[2024-07-20T00:17:38.441+0000] {processor.py:839} INFO - DAG(s) dict_keys(['example_dag_decorator']) retrieved from /home/airflow/.local/lib/python3.8/site-packages/airflow/example_dags/example_dag_decorator.py
[2024-07-20T00:17:38.471+0000] {logging_mixin.py:154} INFO - [2024-07-20T00:17:38.471+0000] {dag.py:2941} INFO - Sync 1 DAGs
[2024-07-20T00:17:38.806+0000] {logging_mixin.py:154} INFO - [2024-07-20T00:17:38.806+0000] {dag.py:2963} INFO - Creating ORM DAG for example_dag_decorator
[2024-07-20T00:17:38.819+0000] {logging_mixin.py:154} INFO - [2024-07-20T00:17:38.819+0000] {dag.py:3722} INFO - Setting next_dagrun for example_dag_decorator to None, run_after=None
[2024-07-20T00:17:39.035+0000] {processor.py:179} INFO - Processing /home/airflow/.local/lib/python3.8/site-packages/airflow/example_dags/example_dag_decorator.py took 1.067 seconds
[2024-07-20T00:18:09.603+0000] {processor.py:157} INFO - Started process (PID=420) to work on /home/airflow/.local/lib/python3.8/site-packages/airflow/example_dags/example_dag_decorator.py
[2024-07-20T00:18:09.611+0000] {processor.py:829} INFO - Processing file /home/airflow/.local/lib/python3.8/site-packages/airflow/example_dags/example_dag_decorator.py for tasks to queue
[2024-07-20T00:18:09.623+0000] {logging_mixin.py:154} INFO - [2024-07-20T00:18:09.618+0000] {dagbag.py:536} INFO - Filling up the DagBag from /home/airflow/.local/lib/python3.8/site-packages/airflow/example_dags/example_dag_decorator.py
[2024-07-20T00:18:10.050+0000] {processor.py:839} INFO - DAG(s) dict_keys(['example_dag_decorator']) retrieved from /home/airflow/.local/lib/python3.8/site-packages/airflow/example_dags/example_dag_decorator.py
[2024-07-20T00:18:10.586+0000] {logging_mixin.py:154} INFO - [2024-07-20T00:18:10.586+0000] {dag.py:2941} INFO - Sync 1 DAGs
[2024-07-20T00:18:10.625+0000] {logging_mixin.py:154} INFO - [2024-07-20T00:18:10.625+0000] {dag.py:3722} INFO - Setting next_dagrun for example_dag_decorator to None, run_after=None
[2024-07-20T00:18:10.757+0000] {processor.py:179} INFO - Processing /home/airflow/.local/lib/python3.8/site-packages/airflow/example_dags/example_dag_decorator.py took 1.164 seconds
[2024-07-20T00:18:41.158+0000] {processor.py:157} INFO - Started process (PID=668) to work on /home/airflow/.local/lib/python3.8/site-packages/airflow/example_dags/example_dag_decorator.py
[2024-07-20T00:18:41.160+0000] {processor.py:829} INFO - Processing file /home/airflow/.local/lib/python3.8/site-packages/airflow/example_dags/example_dag_decorator.py for tasks to queue
[2024-07-20T00:18:41.161+0000] {logging_mixin.py:154} INFO - [2024-07-20T00:18:41.161+0000] {dagbag.py:536} INFO - Filling up the DagBag from /home/airflow/.local/lib/python3.8/site-packages/airflow/example_dags/example_dag_decorator.py
[2024-07-20T00:18:41.315+0000] {processor.py:839} INFO - DAG(s) dict_keys(['example_dag_decorator']) retrieved from /home/airflow/.local/lib/python3.8/site-packages/airflow/example_dags/example_dag_decorator.py
[2024-07-20T00:18:41.534+0000] {logging_mixin.py:154} INFO - [2024-07-20T00:18:41.534+0000] {dag.py:2941} INFO - Sync 1 DAGs
[2024-07-20T00:18:41.551+0000] {logging_mixin.py:154} INFO - [2024-07-20T00:18:41.551+0000] {dag.py:3722} INFO - Setting next_dagrun for example_dag_decorator to None, run_after=None
[2024-07-20T00:18:41.606+0000] {processor.py:179} INFO - Processing /home/airflow/.local/lib/python3.8/site-packages/airflow/example_dags/example_dag_decorator.py took 0.454 seconds
[2024-07-20T00:19:12.208+0000] {processor.py:157} INFO - Started process (PID=910) to work on /home/airflow/.local/lib/python3.8/site-packages/airflow/example_dags/example_dag_decorator.py
[2024-07-20T00:19:12.218+0000] {processor.py:829} INFO - Processing file /home/airflow/.local/lib/python3.8/site-packages/airflow/example_dags/example_dag_decorator.py for tasks to queue
[2024-07-20T00:19:12.221+0000] {logging_mixin.py:154} INFO - [2024-07-20T00:19:12.220+0000] {dagbag.py:536} INFO - Filling up the DagBag from /home/airflow/.local/lib/python3.8/site-packages/airflow/example_dags/example_dag_decorator.py
[2024-07-20T00:19:12.466+0000] {processor.py:839} INFO - DAG(s) dict_keys(['example_dag_decorator']) retrieved from /home/airflow/.local/lib/python3.8/site-packages/airflow/example_dags/example_dag_decorator.py
[2024-07-20T00:19:12.722+0000] {logging_mixin.py:154} INFO - [2024-07-20T00:19:12.722+0000] {dag.py:2941} INFO - Sync 1 DAGs
[2024-07-20T00:19:12.776+0000] {logging_mixin.py:154} INFO - [2024-07-20T00:19:12.775+0000] {dag.py:3722} INFO - Setting next_dagrun for example_dag_decorator to None, run_after=None
[2024-07-20T00:19:12.818+0000] {processor.py:179} INFO - Processing /home/airflow/.local/lib/python3.8/site-packages/airflow/example_dags/example_dag_decorator.py took 0.615 seconds
