[2024-07-20T00:17:39.713+0000] {processor.py:157} INFO - Started process (PID=197) to work on /home/airflow/.local/lib/python3.8/site-packages/airflow/example_dags/example_xcomargs.py
[2024-07-20T00:17:39.715+0000] {processor.py:829} INFO - Processing file /home/airflow/.local/lib/python3.8/site-packages/airflow/example_dags/example_xcomargs.py for tasks to queue
[2024-07-20T00:17:39.717+0000] {logging_mixin.py:154} INFO - [2024-07-20T00:17:39.717+0000] {dagbag.py:536} INFO - Filling up the DagBag from /home/airflow/.local/lib/python3.8/site-packages/airflow/example_dags/example_xcomargs.py
[2024-07-20T00:17:39.738+0000] {processor.py:839} INFO - DAG(s) dict_keys(['example_xcom_args_with_operators', 'example_xcom_args']) retrieved from /home/airflow/.local/lib/python3.8/site-packages/airflow/example_dags/example_xcomargs.py
[2024-07-20T00:17:39.795+0000] {logging_mixin.py:154} INFO - [2024-07-20T00:17:39.793+0000] {dag.py:2941} INFO - Sync 2 DAGs
[2024-07-20T00:17:39.828+0000] {logging_mixin.py:154} INFO - [2024-07-20T00:17:39.827+0000] {dag.py:2963} INFO - Creating ORM DAG for example_xcom_args
[2024-07-20T00:17:39.830+0000] {logging_mixin.py:154} INFO - [2024-07-20T00:17:39.830+0000] {dag.py:2963} INFO - Creating ORM DAG for example_xcom_args_with_operators
[2024-07-20T00:17:39.832+0000] {logging_mixin.py:154} INFO - [2024-07-20T00:17:39.832+0000] {dag.py:3722} INFO - Setting next_dagrun for example_xcom_args to None, run_after=None
[2024-07-20T00:17:39.834+0000] {logging_mixin.py:154} INFO - [2024-07-20T00:17:39.834+0000] {dag.py:3722} INFO - Setting next_dagrun for example_xcom_args_with_operators to None, run_after=None
[2024-07-20T00:17:39.889+0000] {processor.py:179} INFO - Processing /home/airflow/.local/lib/python3.8/site-packages/airflow/example_dags/example_xcomargs.py took 0.182 seconds
[2024-07-20T00:18:10.990+0000] {processor.py:157} INFO - Started process (PID=438) to work on /home/airflow/.local/lib/python3.8/site-packages/airflow/example_dags/example_xcomargs.py
[2024-07-20T00:18:10.997+0000] {processor.py:829} INFO - Processing file /home/airflow/.local/lib/python3.8/site-packages/airflow/example_dags/example_xcomargs.py for tasks to queue
[2024-07-20T00:18:11.002+0000] {logging_mixin.py:154} INFO - [2024-07-20T00:18:11.000+0000] {dagbag.py:536} INFO - Filling up the DagBag from /home/airflow/.local/lib/python3.8/site-packages/airflow/example_dags/example_xcomargs.py
[2024-07-20T00:18:11.063+0000] {processor.py:839} INFO - DAG(s) dict_keys(['example_xcom_args', 'example_xcom_args_with_operators']) retrieved from /home/airflow/.local/lib/python3.8/site-packages/airflow/example_dags/example_xcomargs.py
[2024-07-20T00:18:11.241+0000] {logging_mixin.py:154} INFO - [2024-07-20T00:18:11.241+0000] {dag.py:2941} INFO - Sync 2 DAGs
[2024-07-20T00:18:11.344+0000] {logging_mixin.py:154} INFO - [2024-07-20T00:18:11.344+0000] {dag.py:3722} INFO - Setting next_dagrun for example_xcom_args to None, run_after=None
[2024-07-20T00:18:11.359+0000] {logging_mixin.py:154} INFO - [2024-07-20T00:18:11.358+0000] {dag.py:3722} INFO - Setting next_dagrun for example_xcom_args_with_operators to None, run_after=None
[2024-07-20T00:18:11.533+0000] {processor.py:179} INFO - Processing /home/airflow/.local/lib/python3.8/site-packages/airflow/example_dags/example_xcomargs.py took 0.575 seconds
[2024-07-20T00:18:41.722+0000] {processor.py:157} INFO - Started process (PID=681) to work on /home/airflow/.local/lib/python3.8/site-packages/airflow/example_dags/example_xcomargs.py
[2024-07-20T00:18:41.724+0000] {processor.py:829} INFO - Processing file /home/airflow/.local/lib/python3.8/site-packages/airflow/example_dags/example_xcomargs.py for tasks to queue
[2024-07-20T00:18:41.726+0000] {logging_mixin.py:154} INFO - [2024-07-20T00:18:41.725+0000] {dagbag.py:536} INFO - Filling up the DagBag from /home/airflow/.local/lib/python3.8/site-packages/airflow/example_dags/example_xcomargs.py
[2024-07-20T00:18:41.739+0000] {processor.py:839} INFO - DAG(s) dict_keys(['example_xcom_args', 'example_xcom_args_with_operators']) retrieved from /home/airflow/.local/lib/python3.8/site-packages/airflow/example_dags/example_xcomargs.py
[2024-07-20T00:18:41.793+0000] {logging_mixin.py:154} INFO - [2024-07-20T00:18:41.792+0000] {dag.py:2941} INFO - Sync 2 DAGs
[2024-07-20T00:18:41.811+0000] {logging_mixin.py:154} INFO - [2024-07-20T00:18:41.811+0000] {dag.py:3722} INFO - Setting next_dagrun for example_xcom_args to None, run_after=None
[2024-07-20T00:18:41.824+0000] {logging_mixin.py:154} INFO - [2024-07-20T00:18:41.823+0000] {dag.py:3722} INFO - Setting next_dagrun for example_xcom_args_with_operators to None, run_after=None
[2024-07-20T00:18:41.859+0000] {processor.py:179} INFO - Processing /home/airflow/.local/lib/python3.8/site-packages/airflow/example_dags/example_xcomargs.py took 0.143 seconds
[2024-07-20T00:19:12.807+0000] {processor.py:157} INFO - Started process (PID=923) to work on /home/airflow/.local/lib/python3.8/site-packages/airflow/example_dags/example_xcomargs.py
[2024-07-20T00:19:12.810+0000] {processor.py:829} INFO - Processing file /home/airflow/.local/lib/python3.8/site-packages/airflow/example_dags/example_xcomargs.py for tasks to queue
[2024-07-20T00:19:12.813+0000] {logging_mixin.py:154} INFO - [2024-07-20T00:19:12.812+0000] {dagbag.py:536} INFO - Filling up the DagBag from /home/airflow/.local/lib/python3.8/site-packages/airflow/example_dags/example_xcomargs.py
[2024-07-20T00:19:12.838+0000] {processor.py:839} INFO - DAG(s) dict_keys(['example_xcom_args', 'example_xcom_args_with_operators']) retrieved from /home/airflow/.local/lib/python3.8/site-packages/airflow/example_dags/example_xcomargs.py
[2024-07-20T00:19:12.920+0000] {logging_mixin.py:154} INFO - [2024-07-20T00:19:12.920+0000] {dag.py:2941} INFO - Sync 2 DAGs
[2024-07-20T00:19:12.975+0000] {logging_mixin.py:154} INFO - [2024-07-20T00:19:12.974+0000] {dag.py:3722} INFO - Setting next_dagrun for example_xcom_args to None, run_after=None
[2024-07-20T00:19:12.982+0000] {logging_mixin.py:154} INFO - [2024-07-20T00:19:12.982+0000] {dag.py:3722} INFO - Setting next_dagrun for example_xcom_args_with_operators to None, run_after=None
[2024-07-20T00:19:13.010+0000] {processor.py:179} INFO - Processing /home/airflow/.local/lib/python3.8/site-packages/airflow/example_dags/example_xcomargs.py took 0.213 seconds
