[2024-07-20T00:17:48.886+0000] {processor.py:157} INFO - Started process (PID=362) to work on /home/airflow/.local/lib/python3.8/site-packages/airflow/example_dags/example_external_task_marker_dag.py
[2024-07-20T00:17:48.888+0000] {processor.py:829} INFO - Processing file /home/airflow/.local/lib/python3.8/site-packages/airflow/example_dags/example_external_task_marker_dag.py for tasks to queue
[2024-07-20T00:17:48.890+0000] {logging_mixin.py:154} INFO - [2024-07-20T00:17:48.889+0000] {dagbag.py:536} INFO - Filling up the DagBag from /home/airflow/.local/lib/python3.8/site-packages/airflow/example_dags/example_external_task_marker_dag.py
[2024-07-20T00:17:48.923+0000] {processor.py:839} INFO - DAG(s) dict_keys(['example_external_task_marker_child', 'example_external_task_marker_parent']) retrieved from /home/airflow/.local/lib/python3.8/site-packages/airflow/example_dags/example_external_task_marker_dag.py
[2024-07-20T00:17:48.972+0000] {logging_mixin.py:154} INFO - [2024-07-20T00:17:48.971+0000] {dag.py:2941} INFO - Sync 2 DAGs
[2024-07-20T00:17:49.024+0000] {logging_mixin.py:154} INFO - [2024-07-20T00:17:49.024+0000] {dag.py:2963} INFO - Creating ORM DAG for example_external_task_marker_child
[2024-07-20T00:17:49.029+0000] {logging_mixin.py:154} INFO - [2024-07-20T00:17:49.027+0000] {dag.py:2963} INFO - Creating ORM DAG for example_external_task_marker_parent
[2024-07-20T00:17:49.032+0000] {logging_mixin.py:154} INFO - [2024-07-20T00:17:49.031+0000] {dag.py:3722} INFO - Setting next_dagrun for example_external_task_marker_child to None, run_after=None
[2024-07-20T00:17:49.036+0000] {logging_mixin.py:154} INFO - [2024-07-20T00:17:49.035+0000] {dag.py:3722} INFO - Setting next_dagrun for example_external_task_marker_parent to None, run_after=None
[2024-07-20T00:17:49.141+0000] {processor.py:179} INFO - Processing /home/airflow/.local/lib/python3.8/site-packages/airflow/example_dags/example_external_task_marker_dag.py took 0.269 seconds
[2024-07-20T00:18:20.106+0000] {processor.py:157} INFO - Started process (PID=605) to work on /home/airflow/.local/lib/python3.8/site-packages/airflow/example_dags/example_external_task_marker_dag.py
[2024-07-20T00:18:20.109+0000] {processor.py:829} INFO - Processing file /home/airflow/.local/lib/python3.8/site-packages/airflow/example_dags/example_external_task_marker_dag.py for tasks to queue
[2024-07-20T00:18:20.113+0000] {logging_mixin.py:154} INFO - [2024-07-20T00:18:20.111+0000] {dagbag.py:536} INFO - Filling up the DagBag from /home/airflow/.local/lib/python3.8/site-packages/airflow/example_dags/example_external_task_marker_dag.py
[2024-07-20T00:18:20.135+0000] {processor.py:839} INFO - DAG(s) dict_keys(['example_external_task_marker_parent', 'example_external_task_marker_child']) retrieved from /home/airflow/.local/lib/python3.8/site-packages/airflow/example_dags/example_external_task_marker_dag.py
[2024-07-20T00:18:20.216+0000] {logging_mixin.py:154} INFO - [2024-07-20T00:18:20.215+0000] {dag.py:2941} INFO - Sync 2 DAGs
[2024-07-20T00:18:20.245+0000] {logging_mixin.py:154} INFO - [2024-07-20T00:18:20.244+0000] {dag.py:3722} INFO - Setting next_dagrun for example_external_task_marker_child to None, run_after=None
[2024-07-20T00:18:20.256+0000] {logging_mixin.py:154} INFO - [2024-07-20T00:18:20.256+0000] {dag.py:3722} INFO - Setting next_dagrun for example_external_task_marker_parent to None, run_after=None
[2024-07-20T00:18:20.287+0000] {processor.py:179} INFO - Processing /home/airflow/.local/lib/python3.8/site-packages/airflow/example_dags/example_external_task_marker_dag.py took 0.207 seconds
[2024-07-20T00:18:51.274+0000] {processor.py:157} INFO - Started process (PID=847) to work on /home/airflow/.local/lib/python3.8/site-packages/airflow/example_dags/example_external_task_marker_dag.py
[2024-07-20T00:18:51.296+0000] {processor.py:829} INFO - Processing file /home/airflow/.local/lib/python3.8/site-packages/airflow/example_dags/example_external_task_marker_dag.py for tasks to queue
[2024-07-20T00:18:51.300+0000] {logging_mixin.py:154} INFO - [2024-07-20T00:18:51.299+0000] {dagbag.py:536} INFO - Filling up the DagBag from /home/airflow/.local/lib/python3.8/site-packages/airflow/example_dags/example_external_task_marker_dag.py
[2024-07-20T00:18:51.316+0000] {processor.py:839} INFO - DAG(s) dict_keys(['example_external_task_marker_child', 'example_external_task_marker_parent']) retrieved from /home/airflow/.local/lib/python3.8/site-packages/airflow/example_dags/example_external_task_marker_dag.py
[2024-07-20T00:18:51.424+0000] {logging_mixin.py:154} INFO - [2024-07-20T00:18:51.423+0000] {dag.py:2941} INFO - Sync 2 DAGs
[2024-07-20T00:18:51.454+0000] {logging_mixin.py:154} INFO - [2024-07-20T00:18:51.453+0000] {dag.py:3722} INFO - Setting next_dagrun for example_external_task_marker_child to None, run_after=None
[2024-07-20T00:18:51.469+0000] {logging_mixin.py:154} INFO - [2024-07-20T00:18:51.468+0000] {dag.py:3722} INFO - Setting next_dagrun for example_external_task_marker_parent to None, run_after=None
[2024-07-20T00:18:51.530+0000] {processor.py:179} INFO - Processing /home/airflow/.local/lib/python3.8/site-packages/airflow/example_dags/example_external_task_marker_dag.py took 0.288 seconds
[2024-07-20T00:19:22.156+0000] {processor.py:157} INFO - Started process (PID=1091) to work on /home/airflow/.local/lib/python3.8/site-packages/airflow/example_dags/example_external_task_marker_dag.py
[2024-07-20T00:19:22.160+0000] {processor.py:829} INFO - Processing file /home/airflow/.local/lib/python3.8/site-packages/airflow/example_dags/example_external_task_marker_dag.py for tasks to queue
[2024-07-20T00:19:22.165+0000] {logging_mixin.py:154} INFO - [2024-07-20T00:19:22.164+0000] {dagbag.py:536} INFO - Filling up the DagBag from /home/airflow/.local/lib/python3.8/site-packages/airflow/example_dags/example_external_task_marker_dag.py
[2024-07-20T00:19:22.208+0000] {processor.py:839} INFO - DAG(s) dict_keys(['example_external_task_marker_parent', 'example_external_task_marker_child']) retrieved from /home/airflow/.local/lib/python3.8/site-packages/airflow/example_dags/example_external_task_marker_dag.py
[2024-07-20T00:19:22.525+0000] {logging_mixin.py:154} INFO - [2024-07-20T00:19:22.525+0000] {dag.py:2941} INFO - Sync 2 DAGs
[2024-07-20T00:19:22.635+0000] {logging_mixin.py:154} INFO - [2024-07-20T00:19:22.635+0000] {dag.py:3722} INFO - Setting next_dagrun for example_external_task_marker_child to None, run_after=None
[2024-07-20T00:19:22.645+0000] {logging_mixin.py:154} INFO - [2024-07-20T00:19:22.645+0000] {dag.py:3722} INFO - Setting next_dagrun for example_external_task_marker_parent to None, run_after=None
[2024-07-20T00:19:22.683+0000] {processor.py:179} INFO - Processing /home/airflow/.local/lib/python3.8/site-packages/airflow/example_dags/example_external_task_marker_dag.py took 0.544 seconds
