[2024-07-20T00:17:48.445+0000] {processor.py:157} INFO - Started process (PID=352) to work on /home/airflow/.local/lib/python3.8/site-packages/airflow/example_dags/example_task_group.py
[2024-07-20T00:17:48.454+0000] {processor.py:829} INFO - Processing file /home/airflow/.local/lib/python3.8/site-packages/airflow/example_dags/example_task_group.py for tasks to queue
[2024-07-20T00:17:48.456+0000] {logging_mixin.py:154} INFO - [2024-07-20T00:17:48.456+0000] {dagbag.py:536} INFO - Filling up the DagBag from /home/airflow/.local/lib/python3.8/site-packages/airflow/example_dags/example_task_group.py
[2024-07-20T00:17:48.485+0000] {processor.py:839} INFO - DAG(s) dict_keys(['example_task_group']) retrieved from /home/airflow/.local/lib/python3.8/site-packages/airflow/example_dags/example_task_group.py
[2024-07-20T00:17:48.571+0000] {logging_mixin.py:154} INFO - [2024-07-20T00:17:48.571+0000] {dag.py:2941} INFO - Sync 1 DAGs
[2024-07-20T00:17:48.625+0000] {logging_mixin.py:154} INFO - [2024-07-20T00:17:48.625+0000] {dag.py:2963} INFO - Creating ORM DAG for example_task_group
[2024-07-20T00:17:48.652+0000] {logging_mixin.py:154} INFO - [2024-07-20T00:17:48.651+0000] {dag.py:3722} INFO - Setting next_dagrun for example_task_group to 2024-07-19T00:17:48.651647+00:00, run_after=2024-07-20T00:17:48.651647+00:00
[2024-07-20T00:17:48.747+0000] {processor.py:179} INFO - Processing /home/airflow/.local/lib/python3.8/site-packages/airflow/example_dags/example_task_group.py took 0.321 seconds
[2024-07-20T00:18:19.525+0000] {processor.py:157} INFO - Started process (PID=595) to work on /home/airflow/.local/lib/python3.8/site-packages/airflow/example_dags/example_task_group.py
[2024-07-20T00:18:19.532+0000] {processor.py:829} INFO - Processing file /home/airflow/.local/lib/python3.8/site-packages/airflow/example_dags/example_task_group.py for tasks to queue
[2024-07-20T00:18:19.541+0000] {logging_mixin.py:154} INFO - [2024-07-20T00:18:19.538+0000] {dagbag.py:536} INFO - Filling up the DagBag from /home/airflow/.local/lib/python3.8/site-packages/airflow/example_dags/example_task_group.py
[2024-07-20T00:18:19.606+0000] {processor.py:839} INFO - DAG(s) dict_keys(['example_task_group']) retrieved from /home/airflow/.local/lib/python3.8/site-packages/airflow/example_dags/example_task_group.py
[2024-07-20T00:18:19.735+0000] {logging_mixin.py:154} INFO - [2024-07-20T00:18:19.735+0000] {dag.py:2941} INFO - Sync 1 DAGs
[2024-07-20T00:18:19.809+0000] {logging_mixin.py:154} INFO - [2024-07-20T00:18:19.808+0000] {dag.py:3722} INFO - Setting next_dagrun for example_task_group to 2024-07-19T00:18:19.808376+00:00, run_after=2024-07-20T00:18:19.808376+00:00
[2024-07-20T00:18:19.936+0000] {processor.py:179} INFO - Processing /home/airflow/.local/lib/python3.8/site-packages/airflow/example_dags/example_task_group.py took 0.424 seconds
[2024-07-20T00:18:50.738+0000] {processor.py:157} INFO - Started process (PID=837) to work on /home/airflow/.local/lib/python3.8/site-packages/airflow/example_dags/example_task_group.py
[2024-07-20T00:18:50.740+0000] {processor.py:829} INFO - Processing file /home/airflow/.local/lib/python3.8/site-packages/airflow/example_dags/example_task_group.py for tasks to queue
[2024-07-20T00:18:50.743+0000] {logging_mixin.py:154} INFO - [2024-07-20T00:18:50.742+0000] {dagbag.py:536} INFO - Filling up the DagBag from /home/airflow/.local/lib/python3.8/site-packages/airflow/example_dags/example_task_group.py
[2024-07-20T00:18:50.781+0000] {processor.py:839} INFO - DAG(s) dict_keys(['example_task_group']) retrieved from /home/airflow/.local/lib/python3.8/site-packages/airflow/example_dags/example_task_group.py
[2024-07-20T00:18:50.830+0000] {logging_mixin.py:154} INFO - [2024-07-20T00:18:50.829+0000] {dag.py:2941} INFO - Sync 1 DAGs
[2024-07-20T00:18:50.883+0000] {logging_mixin.py:154} INFO - [2024-07-20T00:18:50.883+0000] {dag.py:3722} INFO - Setting next_dagrun for example_task_group to 2024-07-19T00:18:50.883097+00:00, run_after=2024-07-20T00:18:50.883097+00:00
[2024-07-20T00:18:50.914+0000] {processor.py:179} INFO - Processing /home/airflow/.local/lib/python3.8/site-packages/airflow/example_dags/example_task_group.py took 0.185 seconds
[2024-07-20T00:19:21.646+0000] {processor.py:157} INFO - Started process (PID=1081) to work on /home/airflow/.local/lib/python3.8/site-packages/airflow/example_dags/example_task_group.py
[2024-07-20T00:19:21.648+0000] {processor.py:829} INFO - Processing file /home/airflow/.local/lib/python3.8/site-packages/airflow/example_dags/example_task_group.py for tasks to queue
[2024-07-20T00:19:21.651+0000] {logging_mixin.py:154} INFO - [2024-07-20T00:19:21.650+0000] {dagbag.py:536} INFO - Filling up the DagBag from /home/airflow/.local/lib/python3.8/site-packages/airflow/example_dags/example_task_group.py
[2024-07-20T00:19:21.665+0000] {processor.py:839} INFO - DAG(s) dict_keys(['example_task_group']) retrieved from /home/airflow/.local/lib/python3.8/site-packages/airflow/example_dags/example_task_group.py
[2024-07-20T00:19:21.757+0000] {logging_mixin.py:154} INFO - [2024-07-20T00:19:21.757+0000] {dag.py:2941} INFO - Sync 1 DAGs
[2024-07-20T00:19:21.823+0000] {logging_mixin.py:154} INFO - [2024-07-20T00:19:21.823+0000] {dag.py:3722} INFO - Setting next_dagrun for example_task_group to 2024-07-19T00:19:21.823298+00:00, run_after=2024-07-20T00:19:21.823298+00:00
[2024-07-20T00:19:21.865+0000] {processor.py:179} INFO - Processing /home/airflow/.local/lib/python3.8/site-packages/airflow/example_dags/example_task_group.py took 0.226 seconds
