[2024-07-20T00:17:45.062+0000] {processor.py:157} INFO - Started process (PID=280) to work on /home/airflow/.local/lib/python3.8/site-packages/airflow/example_dags/example_trigger_target_dag.py
[2024-07-20T00:17:45.078+0000] {processor.py:829} INFO - Processing file /home/airflow/.local/lib/python3.8/site-packages/airflow/example_dags/example_trigger_target_dag.py for tasks to queue
[2024-07-20T00:17:45.080+0000] {logging_mixin.py:154} INFO - [2024-07-20T00:17:45.080+0000] {dagbag.py:536} INFO - Filling up the DagBag from /home/airflow/.local/lib/python3.8/site-packages/airflow/example_dags/example_trigger_target_dag.py
[2024-07-20T00:17:45.233+0000] {processor.py:839} INFO - DAG(s) dict_keys(['example_trigger_target_dag']) retrieved from /home/airflow/.local/lib/python3.8/site-packages/airflow/example_dags/example_trigger_target_dag.py
[2024-07-20T00:17:45.313+0000] {logging_mixin.py:154} INFO - [2024-07-20T00:17:45.312+0000] {dag.py:2941} INFO - Sync 1 DAGs
[2024-07-20T00:17:45.365+0000] {logging_mixin.py:154} INFO - [2024-07-20T00:17:45.365+0000] {dag.py:2963} INFO - Creating ORM DAG for example_trigger_target_dag
[2024-07-20T00:17:45.368+0000] {logging_mixin.py:154} INFO - [2024-07-20T00:17:45.368+0000] {dag.py:3722} INFO - Setting next_dagrun for example_trigger_target_dag to None, run_after=None
[2024-07-20T00:17:45.397+0000] {processor.py:179} INFO - Processing /home/airflow/.local/lib/python3.8/site-packages/airflow/example_dags/example_trigger_target_dag.py took 0.372 seconds
[2024-07-20T00:18:16.069+0000] {processor.py:157} INFO - Started process (PID=521) to work on /home/airflow/.local/lib/python3.8/site-packages/airflow/example_dags/example_trigger_target_dag.py
[2024-07-20T00:18:16.072+0000] {processor.py:829} INFO - Processing file /home/airflow/.local/lib/python3.8/site-packages/airflow/example_dags/example_trigger_target_dag.py for tasks to queue
[2024-07-20T00:18:16.073+0000] {logging_mixin.py:154} INFO - [2024-07-20T00:18:16.073+0000] {dagbag.py:536} INFO - Filling up the DagBag from /home/airflow/.local/lib/python3.8/site-packages/airflow/example_dags/example_trigger_target_dag.py
[2024-07-20T00:18:16.094+0000] {processor.py:839} INFO - DAG(s) dict_keys(['example_trigger_target_dag']) retrieved from /home/airflow/.local/lib/python3.8/site-packages/airflow/example_dags/example_trigger_target_dag.py
[2024-07-20T00:18:16.288+0000] {logging_mixin.py:154} INFO - [2024-07-20T00:18:16.288+0000] {dag.py:2941} INFO - Sync 1 DAGs
[2024-07-20T00:18:16.329+0000] {logging_mixin.py:154} INFO - [2024-07-20T00:18:16.329+0000] {dag.py:3722} INFO - Setting next_dagrun for example_trigger_target_dag to None, run_after=None
[2024-07-20T00:18:16.382+0000] {processor.py:179} INFO - Processing /home/airflow/.local/lib/python3.8/site-packages/airflow/example_dags/example_trigger_target_dag.py took 0.332 seconds
[2024-07-20T00:18:47.096+0000] {processor.py:157} INFO - Started process (PID=766) to work on /home/airflow/.local/lib/python3.8/site-packages/airflow/example_dags/example_trigger_target_dag.py
[2024-07-20T00:18:47.099+0000] {processor.py:829} INFO - Processing file /home/airflow/.local/lib/python3.8/site-packages/airflow/example_dags/example_trigger_target_dag.py for tasks to queue
[2024-07-20T00:18:47.101+0000] {logging_mixin.py:154} INFO - [2024-07-20T00:18:47.100+0000] {dagbag.py:536} INFO - Filling up the DagBag from /home/airflow/.local/lib/python3.8/site-packages/airflow/example_dags/example_trigger_target_dag.py
[2024-07-20T00:18:47.118+0000] {processor.py:839} INFO - DAG(s) dict_keys(['example_trigger_target_dag']) retrieved from /home/airflow/.local/lib/python3.8/site-packages/airflow/example_dags/example_trigger_target_dag.py
[2024-07-20T00:18:47.166+0000] {logging_mixin.py:154} INFO - [2024-07-20T00:18:47.166+0000] {dag.py:2941} INFO - Sync 1 DAGs
[2024-07-20T00:18:47.201+0000] {logging_mixin.py:154} INFO - [2024-07-20T00:18:47.201+0000] {dag.py:3722} INFO - Setting next_dagrun for example_trigger_target_dag to None, run_after=None
[2024-07-20T00:18:47.233+0000] {processor.py:179} INFO - Processing /home/airflow/.local/lib/python3.8/site-packages/airflow/example_dags/example_trigger_target_dag.py took 0.143 seconds
[2024-07-20T00:19:17.971+0000] {processor.py:157} INFO - Started process (PID=1008) to work on /home/airflow/.local/lib/python3.8/site-packages/airflow/example_dags/example_trigger_target_dag.py
[2024-07-20T00:19:17.974+0000] {processor.py:829} INFO - Processing file /home/airflow/.local/lib/python3.8/site-packages/airflow/example_dags/example_trigger_target_dag.py for tasks to queue
[2024-07-20T00:19:17.978+0000] {logging_mixin.py:154} INFO - [2024-07-20T00:19:17.977+0000] {dagbag.py:536} INFO - Filling up the DagBag from /home/airflow/.local/lib/python3.8/site-packages/airflow/example_dags/example_trigger_target_dag.py
[2024-07-20T00:19:17.995+0000] {processor.py:839} INFO - DAG(s) dict_keys(['example_trigger_target_dag']) retrieved from /home/airflow/.local/lib/python3.8/site-packages/airflow/example_dags/example_trigger_target_dag.py
[2024-07-20T00:19:18.054+0000] {logging_mixin.py:154} INFO - [2024-07-20T00:19:18.054+0000] {dag.py:2941} INFO - Sync 1 DAGs
[2024-07-20T00:19:18.186+0000] {logging_mixin.py:154} INFO - [2024-07-20T00:19:18.186+0000] {dag.py:3722} INFO - Setting next_dagrun for example_trigger_target_dag to None, run_after=None
[2024-07-20T00:19:18.247+0000] {processor.py:179} INFO - Processing /home/airflow/.local/lib/python3.8/site-packages/airflow/example_dags/example_trigger_target_dag.py took 0.289 seconds
