[2024-07-20T00:17:41.129+0000] {processor.py:157} INFO - Started process (PID=230) to work on /home/airflow/.local/lib/python3.8/site-packages/airflow/example_dags/example_kubernetes_executor.py
[2024-07-20T00:17:41.133+0000] {processor.py:829} INFO - Processing file /home/airflow/.local/lib/python3.8/site-packages/airflow/example_dags/example_kubernetes_executor.py for tasks to queue
[2024-07-20T00:17:41.136+0000] {logging_mixin.py:154} INFO - [2024-07-20T00:17:41.135+0000] {dagbag.py:536} INFO - Filling up the DagBag from /home/airflow/.local/lib/python3.8/site-packages/airflow/example_dags/example_kubernetes_executor.py
[2024-07-20T00:17:41.204+0000] {processor.py:839} INFO - DAG(s) dict_keys(['example_kubernetes_executor']) retrieved from /home/airflow/.local/lib/python3.8/site-packages/airflow/example_dags/example_kubernetes_executor.py
[2024-07-20T00:17:41.233+0000] {logging_mixin.py:154} INFO - [2024-07-20T00:17:41.233+0000] {dag.py:2941} INFO - Sync 1 DAGs
[2024-07-20T00:17:41.331+0000] {logging_mixin.py:154} INFO - [2024-07-20T00:17:41.331+0000] {dag.py:2963} INFO - Creating ORM DAG for example_kubernetes_executor
[2024-07-20T00:17:41.334+0000] {logging_mixin.py:154} INFO - [2024-07-20T00:17:41.333+0000] {dag.py:3722} INFO - Setting next_dagrun for example_kubernetes_executor to None, run_after=None
[2024-07-20T00:17:41.406+0000] {processor.py:179} INFO - Processing /home/airflow/.local/lib/python3.8/site-packages/airflow/example_dags/example_kubernetes_executor.py took 0.291 seconds
[2024-07-20T00:18:13.234+0000] {processor.py:157} INFO - Started process (PID=473) to work on /home/airflow/.local/lib/python3.8/site-packages/airflow/example_dags/example_kubernetes_executor.py
[2024-07-20T00:18:13.242+0000] {processor.py:829} INFO - Processing file /home/airflow/.local/lib/python3.8/site-packages/airflow/example_dags/example_kubernetes_executor.py for tasks to queue
[2024-07-20T00:18:13.244+0000] {logging_mixin.py:154} INFO - [2024-07-20T00:18:13.244+0000] {dagbag.py:536} INFO - Filling up the DagBag from /home/airflow/.local/lib/python3.8/site-packages/airflow/example_dags/example_kubernetes_executor.py
[2024-07-20T00:18:13.312+0000] {processor.py:839} INFO - DAG(s) dict_keys(['example_kubernetes_executor']) retrieved from /home/airflow/.local/lib/python3.8/site-packages/airflow/example_dags/example_kubernetes_executor.py
[2024-07-20T00:18:13.421+0000] {logging_mixin.py:154} INFO - [2024-07-20T00:18:13.420+0000] {dag.py:2941} INFO - Sync 1 DAGs
[2024-07-20T00:18:13.465+0000] {logging_mixin.py:154} INFO - [2024-07-20T00:18:13.464+0000] {dag.py:3722} INFO - Setting next_dagrun for example_kubernetes_executor to None, run_after=None
[2024-07-20T00:18:13.498+0000] {processor.py:179} INFO - Processing /home/airflow/.local/lib/python3.8/site-packages/airflow/example_dags/example_kubernetes_executor.py took 0.283 seconds
[2024-07-20T00:18:43.803+0000] {processor.py:157} INFO - Started process (PID=716) to work on /home/airflow/.local/lib/python3.8/site-packages/airflow/example_dags/example_kubernetes_executor.py
[2024-07-20T00:18:43.805+0000] {processor.py:829} INFO - Processing file /home/airflow/.local/lib/python3.8/site-packages/airflow/example_dags/example_kubernetes_executor.py for tasks to queue
[2024-07-20T00:18:43.807+0000] {logging_mixin.py:154} INFO - [2024-07-20T00:18:43.807+0000] {dagbag.py:536} INFO - Filling up the DagBag from /home/airflow/.local/lib/python3.8/site-packages/airflow/example_dags/example_kubernetes_executor.py
[2024-07-20T00:18:43.846+0000] {processor.py:839} INFO - DAG(s) dict_keys(['example_kubernetes_executor']) retrieved from /home/airflow/.local/lib/python3.8/site-packages/airflow/example_dags/example_kubernetes_executor.py
[2024-07-20T00:18:43.948+0000] {logging_mixin.py:154} INFO - [2024-07-20T00:18:43.948+0000] {dag.py:2941} INFO - Sync 1 DAGs
[2024-07-20T00:18:43.973+0000] {logging_mixin.py:154} INFO - [2024-07-20T00:18:43.973+0000] {dag.py:3722} INFO - Setting next_dagrun for example_kubernetes_executor to None, run_after=None
[2024-07-20T00:18:44.002+0000] {processor.py:179} INFO - Processing /home/airflow/.local/lib/python3.8/site-packages/airflow/example_dags/example_kubernetes_executor.py took 0.207 seconds
[2024-07-20T00:19:15.123+0000] {processor.py:157} INFO - Started process (PID=958) to work on /home/airflow/.local/lib/python3.8/site-packages/airflow/example_dags/example_kubernetes_executor.py
[2024-07-20T00:19:15.125+0000] {processor.py:829} INFO - Processing file /home/airflow/.local/lib/python3.8/site-packages/airflow/example_dags/example_kubernetes_executor.py for tasks to queue
[2024-07-20T00:19:15.127+0000] {logging_mixin.py:154} INFO - [2024-07-20T00:19:15.127+0000] {dagbag.py:536} INFO - Filling up the DagBag from /home/airflow/.local/lib/python3.8/site-packages/airflow/example_dags/example_kubernetes_executor.py
[2024-07-20T00:19:15.159+0000] {processor.py:839} INFO - DAG(s) dict_keys(['example_kubernetes_executor']) retrieved from /home/airflow/.local/lib/python3.8/site-packages/airflow/example_dags/example_kubernetes_executor.py
[2024-07-20T00:19:15.259+0000] {logging_mixin.py:154} INFO - [2024-07-20T00:19:15.259+0000] {dag.py:2941} INFO - Sync 1 DAGs
[2024-07-20T00:19:15.279+0000] {logging_mixin.py:154} INFO - [2024-07-20T00:19:15.279+0000] {dag.py:3722} INFO - Setting next_dagrun for example_kubernetes_executor to None, run_after=None
[2024-07-20T00:19:15.335+0000] {processor.py:179} INFO - Processing /home/airflow/.local/lib/python3.8/site-packages/airflow/example_dags/example_kubernetes_executor.py took 0.217 seconds
