[2024-07-20T00:17:47.331+0000] {processor.py:157} INFO - Started process (PID=322) to work on /home/airflow/.local/lib/python3.8/site-packages/airflow/example_dags/example_branch_day_of_week_operator.py
[2024-07-20T00:17:47.334+0000] {processor.py:829} INFO - Processing file /home/airflow/.local/lib/python3.8/site-packages/airflow/example_dags/example_branch_day_of_week_operator.py for tasks to queue
[2024-07-20T00:17:47.336+0000] {logging_mixin.py:154} INFO - [2024-07-20T00:17:47.336+0000] {dagbag.py:536} INFO - Filling up the DagBag from /home/airflow/.local/lib/python3.8/site-packages/airflow/example_dags/example_branch_day_of_week_operator.py
[2024-07-20T00:17:47.355+0000] {processor.py:839} INFO - DAG(s) dict_keys(['example_weekday_branch_operator']) retrieved from /home/airflow/.local/lib/python3.8/site-packages/airflow/example_dags/example_branch_day_of_week_operator.py
[2024-07-20T00:17:47.400+0000] {logging_mixin.py:154} INFO - [2024-07-20T00:17:47.399+0000] {dag.py:2941} INFO - Sync 1 DAGs
[2024-07-20T00:17:47.422+0000] {logging_mixin.py:154} INFO - [2024-07-20T00:17:47.422+0000] {dag.py:2963} INFO - Creating ORM DAG for example_weekday_branch_operator
[2024-07-20T00:17:47.462+0000] {logging_mixin.py:154} INFO - [2024-07-20T00:17:47.462+0000] {dag.py:3722} INFO - Setting next_dagrun for example_weekday_branch_operator to 2024-07-19T00:00:00+00:00, run_after=2024-07-20T00:00:00+00:00
[2024-07-20T00:17:47.545+0000] {processor.py:179} INFO - Processing /home/airflow/.local/lib/python3.8/site-packages/airflow/example_dags/example_branch_day_of_week_operator.py took 0.219 seconds
[2024-07-20T00:18:17.778+0000] {processor.py:157} INFO - Started process (PID=563) to work on /home/airflow/.local/lib/python3.8/site-packages/airflow/example_dags/example_branch_day_of_week_operator.py
[2024-07-20T00:18:17.787+0000] {processor.py:829} INFO - Processing file /home/airflow/.local/lib/python3.8/site-packages/airflow/example_dags/example_branch_day_of_week_operator.py for tasks to queue
[2024-07-20T00:18:17.789+0000] {logging_mixin.py:154} INFO - [2024-07-20T00:18:17.788+0000] {dagbag.py:536} INFO - Filling up the DagBag from /home/airflow/.local/lib/python3.8/site-packages/airflow/example_dags/example_branch_day_of_week_operator.py
[2024-07-20T00:18:17.815+0000] {processor.py:839} INFO - DAG(s) dict_keys(['example_weekday_branch_operator']) retrieved from /home/airflow/.local/lib/python3.8/site-packages/airflow/example_dags/example_branch_day_of_week_operator.py
[2024-07-20T00:18:17.968+0000] {logging_mixin.py:154} INFO - [2024-07-20T00:18:17.965+0000] {dag.py:2941} INFO - Sync 1 DAGs
[2024-07-20T00:18:18.153+0000] {logging_mixin.py:154} INFO - [2024-07-20T00:18:18.152+0000] {dag.py:3722} INFO - Setting next_dagrun for example_weekday_branch_operator to 2024-07-19T00:00:00+00:00, run_after=2024-07-20T00:00:00+00:00
[2024-07-20T00:18:18.239+0000] {processor.py:179} INFO - Processing /home/airflow/.local/lib/python3.8/site-packages/airflow/example_dags/example_branch_day_of_week_operator.py took 0.465 seconds
[2024-07-20T00:18:49.114+0000] {processor.py:157} INFO - Started process (PID=811) to work on /home/airflow/.local/lib/python3.8/site-packages/airflow/example_dags/example_branch_day_of_week_operator.py
[2024-07-20T00:18:49.129+0000] {processor.py:829} INFO - Processing file /home/airflow/.local/lib/python3.8/site-packages/airflow/example_dags/example_branch_day_of_week_operator.py for tasks to queue
[2024-07-20T00:18:49.133+0000] {logging_mixin.py:154} INFO - [2024-07-20T00:18:49.132+0000] {dagbag.py:536} INFO - Filling up the DagBag from /home/airflow/.local/lib/python3.8/site-packages/airflow/example_dags/example_branch_day_of_week_operator.py
[2024-07-20T00:18:49.147+0000] {processor.py:839} INFO - DAG(s) dict_keys(['example_weekday_branch_operator']) retrieved from /home/airflow/.local/lib/python3.8/site-packages/airflow/example_dags/example_branch_day_of_week_operator.py
[2024-07-20T00:18:49.181+0000] {logging_mixin.py:154} INFO - [2024-07-20T00:18:49.181+0000] {dag.py:2941} INFO - Sync 1 DAGs
[2024-07-20T00:18:49.240+0000] {logging_mixin.py:154} INFO - [2024-07-20T00:18:49.239+0000] {dag.py:3722} INFO - Setting next_dagrun for example_weekday_branch_operator to 2024-07-19T00:00:00+00:00, run_after=2024-07-20T00:00:00+00:00
[2024-07-20T00:18:49.273+0000] {processor.py:179} INFO - Processing /home/airflow/.local/lib/python3.8/site-packages/airflow/example_dags/example_branch_day_of_week_operator.py took 0.171 seconds
[2024-07-20T00:19:19.869+0000] {processor.py:157} INFO - Started process (PID=1056) to work on /home/airflow/.local/lib/python3.8/site-packages/airflow/example_dags/example_branch_day_of_week_operator.py
[2024-07-20T00:19:19.893+0000] {processor.py:829} INFO - Processing file /home/airflow/.local/lib/python3.8/site-packages/airflow/example_dags/example_branch_day_of_week_operator.py for tasks to queue
[2024-07-20T00:19:19.896+0000] {logging_mixin.py:154} INFO - [2024-07-20T00:19:19.895+0000] {dagbag.py:536} INFO - Filling up the DagBag from /home/airflow/.local/lib/python3.8/site-packages/airflow/example_dags/example_branch_day_of_week_operator.py
[2024-07-20T00:19:19.917+0000] {processor.py:839} INFO - DAG(s) dict_keys(['example_weekday_branch_operator']) retrieved from /home/airflow/.local/lib/python3.8/site-packages/airflow/example_dags/example_branch_day_of_week_operator.py
[2024-07-20T00:19:20.005+0000] {logging_mixin.py:154} INFO - [2024-07-20T00:19:20.005+0000] {dag.py:2941} INFO - Sync 1 DAGs
[2024-07-20T00:19:20.090+0000] {logging_mixin.py:154} INFO - [2024-07-20T00:19:20.089+0000] {dag.py:3722} INFO - Setting next_dagrun for example_weekday_branch_operator to 2024-07-19T00:00:00+00:00, run_after=2024-07-20T00:00:00+00:00
[2024-07-20T00:19:20.128+0000] {processor.py:179} INFO - Processing /home/airflow/.local/lib/python3.8/site-packages/airflow/example_dags/example_branch_day_of_week_operator.py took 0.265 seconds
