[2024-07-20T00:17:43.950+0000] {processor.py:157} INFO - Started process (PID=260) to work on /home/airflow/.local/lib/python3.8/site-packages/airflow/example_dags/example_dynamic_task_mapping.py
[2024-07-20T00:17:43.952+0000] {processor.py:829} INFO - Processing file /home/airflow/.local/lib/python3.8/site-packages/airflow/example_dags/example_dynamic_task_mapping.py for tasks to queue
[2024-07-20T00:17:43.960+0000] {logging_mixin.py:154} INFO - [2024-07-20T00:17:43.956+0000] {dagbag.py:536} INFO - Filling up the DagBag from /home/airflow/.local/lib/python3.8/site-packages/airflow/example_dags/example_dynamic_task_mapping.py
[2024-07-20T00:17:44.010+0000] {processor.py:839} INFO - DAG(s) dict_keys(['example_dynamic_task_mapping']) retrieved from /home/airflow/.local/lib/python3.8/site-packages/airflow/example_dags/example_dynamic_task_mapping.py
[2024-07-20T00:17:44.065+0000] {logging_mixin.py:154} INFO - [2024-07-20T00:17:44.065+0000] {dag.py:2941} INFO - Sync 1 DAGs
[2024-07-20T00:17:44.160+0000] {logging_mixin.py:154} INFO - [2024-07-20T00:17:44.160+0000] {dag.py:2963} INFO - Creating ORM DAG for example_dynamic_task_mapping
[2024-07-20T00:17:44.194+0000] {logging_mixin.py:154} INFO - [2024-07-20T00:17:44.194+0000] {dag.py:3722} INFO - Setting next_dagrun for example_dynamic_task_mapping to 2022-03-04T00:00:00+00:00, run_after=2022-03-05T00:00:00+00:00
[2024-07-20T00:17:44.264+0000] {processor.py:179} INFO - Processing /home/airflow/.local/lib/python3.8/site-packages/airflow/example_dags/example_dynamic_task_mapping.py took 0.352 seconds
[2024-07-20T00:18:14.595+0000] {processor.py:157} INFO - Started process (PID=505) to work on /home/airflow/.local/lib/python3.8/site-packages/airflow/example_dags/example_dynamic_task_mapping.py
[2024-07-20T00:18:14.597+0000] {processor.py:829} INFO - Processing file /home/airflow/.local/lib/python3.8/site-packages/airflow/example_dags/example_dynamic_task_mapping.py for tasks to queue
[2024-07-20T00:18:14.601+0000] {logging_mixin.py:154} INFO - [2024-07-20T00:18:14.600+0000] {dagbag.py:536} INFO - Filling up the DagBag from /home/airflow/.local/lib/python3.8/site-packages/airflow/example_dags/example_dynamic_task_mapping.py
[2024-07-20T00:18:14.635+0000] {processor.py:839} INFO - DAG(s) dict_keys(['example_dynamic_task_mapping']) retrieved from /home/airflow/.local/lib/python3.8/site-packages/airflow/example_dags/example_dynamic_task_mapping.py
[2024-07-20T00:18:14.668+0000] {logging_mixin.py:154} INFO - [2024-07-20T00:18:14.668+0000] {dag.py:2941} INFO - Sync 1 DAGs
[2024-07-20T00:18:14.703+0000] {logging_mixin.py:154} INFO - [2024-07-20T00:18:14.703+0000] {dag.py:3722} INFO - Setting next_dagrun for example_dynamic_task_mapping to 2022-03-04T00:00:00+00:00, run_after=2022-03-05T00:00:00+00:00
[2024-07-20T00:18:14.747+0000] {processor.py:179} INFO - Processing /home/airflow/.local/lib/python3.8/site-packages/airflow/example_dags/example_dynamic_task_mapping.py took 0.161 seconds
[2024-07-20T00:18:44.844+0000] {processor.py:157} INFO - Started process (PID=748) to work on /home/airflow/.local/lib/python3.8/site-packages/airflow/example_dags/example_dynamic_task_mapping.py
[2024-07-20T00:18:44.846+0000] {processor.py:829} INFO - Processing file /home/airflow/.local/lib/python3.8/site-packages/airflow/example_dags/example_dynamic_task_mapping.py for tasks to queue
[2024-07-20T00:18:44.851+0000] {logging_mixin.py:154} INFO - [2024-07-20T00:18:44.850+0000] {dagbag.py:536} INFO - Filling up the DagBag from /home/airflow/.local/lib/python3.8/site-packages/airflow/example_dags/example_dynamic_task_mapping.py
[2024-07-20T00:18:44.866+0000] {processor.py:839} INFO - DAG(s) dict_keys(['example_dynamic_task_mapping']) retrieved from /home/airflow/.local/lib/python3.8/site-packages/airflow/example_dags/example_dynamic_task_mapping.py
[2024-07-20T00:18:44.899+0000] {logging_mixin.py:154} INFO - [2024-07-20T00:18:44.899+0000] {dag.py:2941} INFO - Sync 1 DAGs
[2024-07-20T00:18:44.946+0000] {logging_mixin.py:154} INFO - [2024-07-20T00:18:44.946+0000] {dag.py:3722} INFO - Setting next_dagrun for example_dynamic_task_mapping to 2022-03-04T00:00:00+00:00, run_after=2022-03-05T00:00:00+00:00
[2024-07-20T00:18:44.974+0000] {processor.py:179} INFO - Processing /home/airflow/.local/lib/python3.8/site-packages/airflow/example_dags/example_dynamic_task_mapping.py took 0.137 seconds
[2024-07-20T00:19:16.567+0000] {processor.py:157} INFO - Started process (PID=990) to work on /home/airflow/.local/lib/python3.8/site-packages/airflow/example_dags/example_dynamic_task_mapping.py
[2024-07-20T00:19:16.569+0000] {processor.py:829} INFO - Processing file /home/airflow/.local/lib/python3.8/site-packages/airflow/example_dags/example_dynamic_task_mapping.py for tasks to queue
[2024-07-20T00:19:16.571+0000] {logging_mixin.py:154} INFO - [2024-07-20T00:19:16.570+0000] {dagbag.py:536} INFO - Filling up the DagBag from /home/airflow/.local/lib/python3.8/site-packages/airflow/example_dags/example_dynamic_task_mapping.py
[2024-07-20T00:19:16.602+0000] {processor.py:839} INFO - DAG(s) dict_keys(['example_dynamic_task_mapping']) retrieved from /home/airflow/.local/lib/python3.8/site-packages/airflow/example_dags/example_dynamic_task_mapping.py
[2024-07-20T00:19:16.679+0000] {logging_mixin.py:154} INFO - [2024-07-20T00:19:16.678+0000] {dag.py:2941} INFO - Sync 1 DAGs
[2024-07-20T00:19:16.715+0000] {logging_mixin.py:154} INFO - [2024-07-20T00:19:16.715+0000] {dag.py:3722} INFO - Setting next_dagrun for example_dynamic_task_mapping to 2022-03-04T00:00:00+00:00, run_after=2022-03-05T00:00:00+00:00
[2024-07-20T00:19:16.774+0000] {processor.py:179} INFO - Processing /home/airflow/.local/lib/python3.8/site-packages/airflow/example_dags/example_dynamic_task_mapping.py took 0.215 seconds
