[2024-07-20T00:17:37.135+0000] {processor.py:157} INFO - Started process (PID=165) to work on /home/airflow/.local/lib/python3.8/site-packages/airflow/example_dags/example_skip_dag.py
[2024-07-20T00:17:37.140+0000] {processor.py:829} INFO - Processing file /home/airflow/.local/lib/python3.8/site-packages/airflow/example_dags/example_skip_dag.py for tasks to queue
[2024-07-20T00:17:37.142+0000] {logging_mixin.py:154} INFO - [2024-07-20T00:17:37.142+0000] {dagbag.py:536} INFO - Filling up the DagBag from /home/airflow/.local/lib/python3.8/site-packages/airflow/example_dags/example_skip_dag.py
[2024-07-20T00:17:37.190+0000] {processor.py:839} INFO - DAG(s) dict_keys(['example_skip_dag']) retrieved from /home/airflow/.local/lib/python3.8/site-packages/airflow/example_dags/example_skip_dag.py
[2024-07-20T00:17:37.371+0000] {logging_mixin.py:154} INFO - [2024-07-20T00:17:37.371+0000] {dag.py:2941} INFO - Sync 1 DAGs
[2024-07-20T00:17:37.441+0000] {logging_mixin.py:154} INFO - [2024-07-20T00:17:37.440+0000] {dag.py:2963} INFO - Creating ORM DAG for example_skip_dag
[2024-07-20T00:17:37.455+0000] {logging_mixin.py:154} INFO - [2024-07-20T00:17:37.455+0000] {dag.py:3722} INFO - Setting next_dagrun for example_skip_dag to 2024-07-19T00:17:37.455438+00:00, run_after=2024-07-20T00:17:37.455438+00:00
[2024-07-20T00:17:37.481+0000] {processor.py:179} INFO - Processing /home/airflow/.local/lib/python3.8/site-packages/airflow/example_dags/example_skip_dag.py took 0.355 seconds
[2024-07-20T00:18:07.592+0000] {processor.py:157} INFO - Started process (PID=405) to work on /home/airflow/.local/lib/python3.8/site-packages/airflow/example_dags/example_skip_dag.py
[2024-07-20T00:18:07.594+0000] {processor.py:829} INFO - Processing file /home/airflow/.local/lib/python3.8/site-packages/airflow/example_dags/example_skip_dag.py for tasks to queue
[2024-07-20T00:18:07.597+0000] {logging_mixin.py:154} INFO - [2024-07-20T00:18:07.596+0000] {dagbag.py:536} INFO - Filling up the DagBag from /home/airflow/.local/lib/python3.8/site-packages/airflow/example_dags/example_skip_dag.py
[2024-07-20T00:18:07.664+0000] {processor.py:839} INFO - DAG(s) dict_keys(['example_skip_dag']) retrieved from /home/airflow/.local/lib/python3.8/site-packages/airflow/example_dags/example_skip_dag.py
[2024-07-20T00:18:07.798+0000] {logging_mixin.py:154} INFO - [2024-07-20T00:18:07.798+0000] {dag.py:2941} INFO - Sync 1 DAGs
[2024-07-20T00:18:07.914+0000] {logging_mixin.py:154} INFO - [2024-07-20T00:18:07.913+0000] {dag.py:3722} INFO - Setting next_dagrun for example_skip_dag to 2024-07-19T00:18:07.913414+00:00, run_after=2024-07-20T00:18:07.913414+00:00
[2024-07-20T00:18:08.003+0000] {processor.py:179} INFO - Processing /home/airflow/.local/lib/python3.8/site-packages/airflow/example_dags/example_skip_dag.py took 0.424 seconds
[2024-07-20T00:18:38.650+0000] {processor.py:157} INFO - Started process (PID=648) to work on /home/airflow/.local/lib/python3.8/site-packages/airflow/example_dags/example_skip_dag.py
[2024-07-20T00:18:38.658+0000] {processor.py:829} INFO - Processing file /home/airflow/.local/lib/python3.8/site-packages/airflow/example_dags/example_skip_dag.py for tasks to queue
[2024-07-20T00:18:38.668+0000] {logging_mixin.py:154} INFO - [2024-07-20T00:18:38.666+0000] {dagbag.py:536} INFO - Filling up the DagBag from /home/airflow/.local/lib/python3.8/site-packages/airflow/example_dags/example_skip_dag.py
[2024-07-20T00:18:38.711+0000] {processor.py:839} INFO - DAG(s) dict_keys(['example_skip_dag']) retrieved from /home/airflow/.local/lib/python3.8/site-packages/airflow/example_dags/example_skip_dag.py
[2024-07-20T00:18:38.813+0000] {logging_mixin.py:154} INFO - [2024-07-20T00:18:38.813+0000] {dag.py:2941} INFO - Sync 1 DAGs
[2024-07-20T00:18:38.993+0000] {logging_mixin.py:154} INFO - [2024-07-20T00:18:38.993+0000] {dag.py:3722} INFO - Setting next_dagrun for example_skip_dag to 2024-07-19T00:18:38.992866+00:00, run_after=2024-07-20T00:18:38.992866+00:00
[2024-07-20T00:18:39.060+0000] {processor.py:179} INFO - Processing /home/airflow/.local/lib/python3.8/site-packages/airflow/example_dags/example_skip_dag.py took 0.418 seconds
[2024-07-20T00:19:09.640+0000] {processor.py:157} INFO - Started process (PID=893) to work on /home/airflow/.local/lib/python3.8/site-packages/airflow/example_dags/example_skip_dag.py
[2024-07-20T00:19:09.644+0000] {processor.py:829} INFO - Processing file /home/airflow/.local/lib/python3.8/site-packages/airflow/example_dags/example_skip_dag.py for tasks to queue
[2024-07-20T00:19:09.646+0000] {logging_mixin.py:154} INFO - [2024-07-20T00:19:09.646+0000] {dagbag.py:536} INFO - Filling up the DagBag from /home/airflow/.local/lib/python3.8/site-packages/airflow/example_dags/example_skip_dag.py
[2024-07-20T00:19:09.661+0000] {processor.py:839} INFO - DAG(s) dict_keys(['example_skip_dag']) retrieved from /home/airflow/.local/lib/python3.8/site-packages/airflow/example_dags/example_skip_dag.py
[2024-07-20T00:19:09.737+0000] {logging_mixin.py:154} INFO - [2024-07-20T00:19:09.737+0000] {dag.py:2941} INFO - Sync 1 DAGs
[2024-07-20T00:19:09.802+0000] {logging_mixin.py:154} INFO - [2024-07-20T00:19:09.802+0000] {dag.py:3722} INFO - Setting next_dagrun for example_skip_dag to 2024-07-19T00:19:09.802333+00:00, run_after=2024-07-20T00:19:09.802333+00:00
[2024-07-20T00:19:09.853+0000] {processor.py:179} INFO - Processing /home/airflow/.local/lib/python3.8/site-packages/airflow/example_dags/example_skip_dag.py took 0.220 seconds
