[2024-07-20T00:17:45.897+0000] {processor.py:157} INFO - Started process (PID=292) to work on /home/airflow/.local/lib/python3.8/site-packages/airflow/example_dags/example_sla_dag.py
[2024-07-20T00:17:45.903+0000] {processor.py:829} INFO - Processing file /home/airflow/.local/lib/python3.8/site-packages/airflow/example_dags/example_sla_dag.py for tasks to queue
[2024-07-20T00:17:45.905+0000] {logging_mixin.py:154} INFO - [2024-07-20T00:17:45.905+0000] {dagbag.py:536} INFO - Filling up the DagBag from /home/airflow/.local/lib/python3.8/site-packages/airflow/example_dags/example_sla_dag.py
[2024-07-20T00:17:45.935+0000] {processor.py:839} INFO - DAG(s) dict_keys(['example_sla_dag']) retrieved from /home/airflow/.local/lib/python3.8/site-packages/airflow/example_dags/example_sla_dag.py
[2024-07-20T00:17:45.996+0000] {logging_mixin.py:154} INFO - [2024-07-20T00:17:45.995+0000] {dag.py:2941} INFO - Sync 1 DAGs
[2024-07-20T00:17:46.094+0000] {logging_mixin.py:154} INFO - [2024-07-20T00:17:46.093+0000] {dag.py:2963} INFO - Creating ORM DAG for example_sla_dag
[2024-07-20T00:17:46.141+0000] {logging_mixin.py:154} INFO - [2024-07-20T00:17:46.141+0000] {dag.py:3722} INFO - Setting next_dagrun for example_sla_dag to 2024-07-20T00:14:00+00:00, run_after=2024-07-20T00:16:00+00:00
[2024-07-20T00:17:46.204+0000] {processor.py:179} INFO - Processing /home/airflow/.local/lib/python3.8/site-packages/airflow/example_dags/example_sla_dag.py took 0.317 seconds
[2024-07-20T00:18:16.801+0000] {processor.py:157} INFO - Started process (PID=535) to work on /home/airflow/.local/lib/python3.8/site-packages/airflow/example_dags/example_sla_dag.py
[2024-07-20T00:18:16.803+0000] {processor.py:829} INFO - Processing file /home/airflow/.local/lib/python3.8/site-packages/airflow/example_dags/example_sla_dag.py for tasks to queue
[2024-07-20T00:18:16.805+0000] {logging_mixin.py:154} INFO - [2024-07-20T00:18:16.805+0000] {dagbag.py:536} INFO - Filling up the DagBag from /home/airflow/.local/lib/python3.8/site-packages/airflow/example_dags/example_sla_dag.py
[2024-07-20T00:18:16.818+0000] {processor.py:839} INFO - DAG(s) dict_keys(['example_sla_dag']) retrieved from /home/airflow/.local/lib/python3.8/site-packages/airflow/example_dags/example_sla_dag.py
[2024-07-20T00:18:16.867+0000] {logging_mixin.py:154} INFO - [2024-07-20T00:18:16.867+0000] {dag.py:2941} INFO - Sync 1 DAGs
[2024-07-20T00:18:16.920+0000] {logging_mixin.py:154} INFO - [2024-07-20T00:18:16.919+0000] {dag.py:3722} INFO - Setting next_dagrun for example_sla_dag to 2024-07-20T00:16:00+00:00, run_after=2024-07-20T00:18:00+00:00
[2024-07-20T00:18:16.988+0000] {processor.py:179} INFO - Processing /home/airflow/.local/lib/python3.8/site-packages/airflow/example_dags/example_sla_dag.py took 0.195 seconds
[2024-07-20T00:18:47.336+0000] {processor.py:157} INFO - Started process (PID=776) to work on /home/airflow/.local/lib/python3.8/site-packages/airflow/example_dags/example_sla_dag.py
[2024-07-20T00:18:47.338+0000] {processor.py:829} INFO - Processing file /home/airflow/.local/lib/python3.8/site-packages/airflow/example_dags/example_sla_dag.py for tasks to queue
[2024-07-20T00:18:47.342+0000] {logging_mixin.py:154} INFO - [2024-07-20T00:18:47.341+0000] {dagbag.py:536} INFO - Filling up the DagBag from /home/airflow/.local/lib/python3.8/site-packages/airflow/example_dags/example_sla_dag.py
[2024-07-20T00:18:47.358+0000] {processor.py:839} INFO - DAG(s) dict_keys(['example_sla_dag']) retrieved from /home/airflow/.local/lib/python3.8/site-packages/airflow/example_dags/example_sla_dag.py
[2024-07-20T00:18:47.408+0000] {logging_mixin.py:154} INFO - [2024-07-20T00:18:47.408+0000] {dag.py:2941} INFO - Sync 1 DAGs
[2024-07-20T00:18:47.446+0000] {logging_mixin.py:154} INFO - [2024-07-20T00:18:47.445+0000] {dag.py:3722} INFO - Setting next_dagrun for example_sla_dag to 2024-07-20T00:16:00+00:00, run_after=2024-07-20T00:18:00+00:00
[2024-07-20T00:18:47.493+0000] {processor.py:179} INFO - Processing /home/airflow/.local/lib/python3.8/site-packages/airflow/example_dags/example_sla_dag.py took 0.163 seconds
[2024-07-20T00:19:18.390+0000] {processor.py:157} INFO - Started process (PID=1018) to work on /home/airflow/.local/lib/python3.8/site-packages/airflow/example_dags/example_sla_dag.py
[2024-07-20T00:19:18.394+0000] {processor.py:829} INFO - Processing file /home/airflow/.local/lib/python3.8/site-packages/airflow/example_dags/example_sla_dag.py for tasks to queue
[2024-07-20T00:19:18.397+0000] {logging_mixin.py:154} INFO - [2024-07-20T00:19:18.396+0000] {dagbag.py:536} INFO - Filling up the DagBag from /home/airflow/.local/lib/python3.8/site-packages/airflow/example_dags/example_sla_dag.py
[2024-07-20T00:19:18.425+0000] {processor.py:839} INFO - DAG(s) dict_keys(['example_sla_dag']) retrieved from /home/airflow/.local/lib/python3.8/site-packages/airflow/example_dags/example_sla_dag.py
[2024-07-20T00:19:18.500+0000] {logging_mixin.py:154} INFO - [2024-07-20T00:19:18.500+0000] {dag.py:2941} INFO - Sync 1 DAGs
[2024-07-20T00:19:18.595+0000] {logging_mixin.py:154} INFO - [2024-07-20T00:19:18.594+0000] {dag.py:3722} INFO - Setting next_dagrun for example_sla_dag to 2024-07-20T00:16:00+00:00, run_after=2024-07-20T00:18:00+00:00
[2024-07-20T00:19:18.703+0000] {processor.py:179} INFO - Processing /home/airflow/.local/lib/python3.8/site-packages/airflow/example_dags/example_sla_dag.py took 0.321 seconds
