[2024-07-20T00:17:42.176+0000] {processor.py:157} INFO - Started process (PID=245) to work on /home/airflow/.local/lib/python3.8/site-packages/airflow/example_dags/example_sensor_decorator.py
[2024-07-20T00:17:42.180+0000] {processor.py:829} INFO - Processing file /home/airflow/.local/lib/python3.8/site-packages/airflow/example_dags/example_sensor_decorator.py for tasks to queue
[2024-07-20T00:17:42.183+0000] {logging_mixin.py:154} INFO - [2024-07-20T00:17:42.182+0000] {dagbag.py:536} INFO - Filling up the DagBag from /home/airflow/.local/lib/python3.8/site-packages/airflow/example_dags/example_sensor_decorator.py
[2024-07-20T00:17:42.364+0000] {processor.py:839} INFO - DAG(s) dict_keys(['example_sensor_decorator']) retrieved from /home/airflow/.local/lib/python3.8/site-packages/airflow/example_dags/example_sensor_decorator.py
[2024-07-20T00:17:42.564+0000] {logging_mixin.py:154} INFO - [2024-07-20T00:17:42.564+0000] {dag.py:2941} INFO - Sync 1 DAGs
[2024-07-20T00:17:42.674+0000] {logging_mixin.py:154} INFO - [2024-07-20T00:17:42.673+0000] {dag.py:2963} INFO - Creating ORM DAG for example_sensor_decorator
[2024-07-20T00:17:42.679+0000] {logging_mixin.py:154} INFO - [2024-07-20T00:17:42.678+0000] {dag.py:3722} INFO - Setting next_dagrun for example_sensor_decorator to None, run_after=None
[2024-07-20T00:17:42.749+0000] {processor.py:179} INFO - Processing /home/airflow/.local/lib/python3.8/site-packages/airflow/example_dags/example_sensor_decorator.py took 0.592 seconds
[2024-07-20T00:18:13.876+0000] {processor.py:157} INFO - Started process (PID=490) to work on /home/airflow/.local/lib/python3.8/site-packages/airflow/example_dags/example_sensor_decorator.py
[2024-07-20T00:18:13.878+0000] {processor.py:829} INFO - Processing file /home/airflow/.local/lib/python3.8/site-packages/airflow/example_dags/example_sensor_decorator.py for tasks to queue
[2024-07-20T00:18:13.880+0000] {logging_mixin.py:154} INFO - [2024-07-20T00:18:13.879+0000] {dagbag.py:536} INFO - Filling up the DagBag from /home/airflow/.local/lib/python3.8/site-packages/airflow/example_dags/example_sensor_decorator.py
[2024-07-20T00:18:13.889+0000] {processor.py:839} INFO - DAG(s) dict_keys(['example_sensor_decorator']) retrieved from /home/airflow/.local/lib/python3.8/site-packages/airflow/example_dags/example_sensor_decorator.py
[2024-07-20T00:18:13.939+0000] {logging_mixin.py:154} INFO - [2024-07-20T00:18:13.939+0000] {dag.py:2941} INFO - Sync 1 DAGs
[2024-07-20T00:18:13.964+0000] {logging_mixin.py:154} INFO - [2024-07-20T00:18:13.964+0000] {dag.py:3722} INFO - Setting next_dagrun for example_sensor_decorator to None, run_after=None
[2024-07-20T00:18:14.023+0000] {processor.py:179} INFO - Processing /home/airflow/.local/lib/python3.8/site-packages/airflow/example_dags/example_sensor_decorator.py took 0.153 seconds
[2024-07-20T00:18:44.294+0000] {processor.py:157} INFO - Started process (PID=731) to work on /home/airflow/.local/lib/python3.8/site-packages/airflow/example_dags/example_sensor_decorator.py
[2024-07-20T00:18:44.297+0000] {processor.py:829} INFO - Processing file /home/airflow/.local/lib/python3.8/site-packages/airflow/example_dags/example_sensor_decorator.py for tasks to queue
[2024-07-20T00:18:44.299+0000] {logging_mixin.py:154} INFO - [2024-07-20T00:18:44.299+0000] {dagbag.py:536} INFO - Filling up the DagBag from /home/airflow/.local/lib/python3.8/site-packages/airflow/example_dags/example_sensor_decorator.py
[2024-07-20T00:18:44.313+0000] {processor.py:839} INFO - DAG(s) dict_keys(['example_sensor_decorator']) retrieved from /home/airflow/.local/lib/python3.8/site-packages/airflow/example_dags/example_sensor_decorator.py
[2024-07-20T00:18:44.399+0000] {logging_mixin.py:154} INFO - [2024-07-20T00:18:44.399+0000] {dag.py:2941} INFO - Sync 1 DAGs
[2024-07-20T00:18:44.451+0000] {logging_mixin.py:154} INFO - [2024-07-20T00:18:44.450+0000] {dag.py:3722} INFO - Setting next_dagrun for example_sensor_decorator to None, run_after=None
[2024-07-20T00:18:44.507+0000] {processor.py:179} INFO - Processing /home/airflow/.local/lib/python3.8/site-packages/airflow/example_dags/example_sensor_decorator.py took 0.219 seconds
[2024-07-20T00:19:15.595+0000] {processor.py:157} INFO - Started process (PID=973) to work on /home/airflow/.local/lib/python3.8/site-packages/airflow/example_dags/example_sensor_decorator.py
[2024-07-20T00:19:15.597+0000] {processor.py:829} INFO - Processing file /home/airflow/.local/lib/python3.8/site-packages/airflow/example_dags/example_sensor_decorator.py for tasks to queue
[2024-07-20T00:19:15.599+0000] {logging_mixin.py:154} INFO - [2024-07-20T00:19:15.599+0000] {dagbag.py:536} INFO - Filling up the DagBag from /home/airflow/.local/lib/python3.8/site-packages/airflow/example_dags/example_sensor_decorator.py
[2024-07-20T00:19:15.772+0000] {processor.py:839} INFO - DAG(s) dict_keys(['example_sensor_decorator']) retrieved from /home/airflow/.local/lib/python3.8/site-packages/airflow/example_dags/example_sensor_decorator.py
[2024-07-20T00:19:15.862+0000] {logging_mixin.py:154} INFO - [2024-07-20T00:19:15.862+0000] {dag.py:2941} INFO - Sync 1 DAGs
[2024-07-20T00:19:15.895+0000] {logging_mixin.py:154} INFO - [2024-07-20T00:19:15.895+0000] {dag.py:3722} INFO - Setting next_dagrun for example_sensor_decorator to None, run_after=None
[2024-07-20T00:19:15.972+0000] {processor.py:179} INFO - Processing /home/airflow/.local/lib/python3.8/site-packages/airflow/example_dags/example_sensor_decorator.py took 0.382 seconds
