[2024-07-20T00:17:48.271+0000] {processor.py:157} INFO - Started process (PID=347) to work on /home/airflow/.local/lib/python3.8/site-packages/airflow/example_dags/example_params_ui_tutorial.py
[2024-07-20T00:17:48.274+0000] {processor.py:829} INFO - Processing file /home/airflow/.local/lib/python3.8/site-packages/airflow/example_dags/example_params_ui_tutorial.py for tasks to queue
[2024-07-20T00:17:48.276+0000] {logging_mixin.py:154} INFO - [2024-07-20T00:17:48.276+0000] {dagbag.py:536} INFO - Filling up the DagBag from /home/airflow/.local/lib/python3.8/site-packages/airflow/example_dags/example_params_ui_tutorial.py
[2024-07-20T00:17:48.410+0000] {processor.py:839} INFO - DAG(s) dict_keys(['example_params_ui_tutorial']) retrieved from /home/airflow/.local/lib/python3.8/site-packages/airflow/example_dags/example_params_ui_tutorial.py
[2024-07-20T00:17:48.438+0000] {logging_mixin.py:154} INFO - [2024-07-20T00:17:48.437+0000] {dag.py:2941} INFO - Sync 1 DAGs
[2024-07-20T00:17:48.482+0000] {logging_mixin.py:154} INFO - [2024-07-20T00:17:48.482+0000] {dag.py:2963} INFO - Creating ORM DAG for example_params_ui_tutorial
[2024-07-20T00:17:48.489+0000] {logging_mixin.py:154} INFO - [2024-07-20T00:17:48.489+0000] {dag.py:3722} INFO - Setting next_dagrun for example_params_ui_tutorial to None, run_after=None
[2024-07-20T00:17:48.539+0000] {processor.py:179} INFO - Processing /home/airflow/.local/lib/python3.8/site-packages/airflow/example_dags/example_params_ui_tutorial.py took 0.297 seconds
[2024-07-20T00:18:19.104+0000] {processor.py:157} INFO - Started process (PID=590) to work on /home/airflow/.local/lib/python3.8/site-packages/airflow/example_dags/example_params_ui_tutorial.py
[2024-07-20T00:18:19.108+0000] {processor.py:829} INFO - Processing file /home/airflow/.local/lib/python3.8/site-packages/airflow/example_dags/example_params_ui_tutorial.py for tasks to queue
[2024-07-20T00:18:19.115+0000] {logging_mixin.py:154} INFO - [2024-07-20T00:18:19.113+0000] {dagbag.py:536} INFO - Filling up the DagBag from /home/airflow/.local/lib/python3.8/site-packages/airflow/example_dags/example_params_ui_tutorial.py
[2024-07-20T00:18:19.326+0000] {processor.py:839} INFO - DAG(s) dict_keys(['example_params_ui_tutorial']) retrieved from /home/airflow/.local/lib/python3.8/site-packages/airflow/example_dags/example_params_ui_tutorial.py
[2024-07-20T00:18:19.639+0000] {logging_mixin.py:154} INFO - [2024-07-20T00:18:19.639+0000] {dag.py:2941} INFO - Sync 1 DAGs
[2024-07-20T00:18:19.701+0000] {logging_mixin.py:154} INFO - [2024-07-20T00:18:19.701+0000] {dag.py:3722} INFO - Setting next_dagrun for example_params_ui_tutorial to None, run_after=None
[2024-07-20T00:18:19.758+0000] {processor.py:179} INFO - Processing /home/airflow/.local/lib/python3.8/site-packages/airflow/example_dags/example_params_ui_tutorial.py took 0.705 seconds
[2024-07-20T00:18:50.706+0000] {processor.py:157} INFO - Started process (PID=834) to work on /home/airflow/.local/lib/python3.8/site-packages/airflow/example_dags/example_params_ui_tutorial.py
[2024-07-20T00:18:50.708+0000] {processor.py:829} INFO - Processing file /home/airflow/.local/lib/python3.8/site-packages/airflow/example_dags/example_params_ui_tutorial.py for tasks to queue
[2024-07-20T00:18:50.711+0000] {logging_mixin.py:154} INFO - [2024-07-20T00:18:50.710+0000] {dagbag.py:536} INFO - Filling up the DagBag from /home/airflow/.local/lib/python3.8/site-packages/airflow/example_dags/example_params_ui_tutorial.py
[2024-07-20T00:18:50.799+0000] {processor.py:839} INFO - DAG(s) dict_keys(['example_params_ui_tutorial']) retrieved from /home/airflow/.local/lib/python3.8/site-packages/airflow/example_dags/example_params_ui_tutorial.py
[2024-07-20T00:18:50.914+0000] {logging_mixin.py:154} INFO - [2024-07-20T00:18:50.914+0000] {dag.py:2941} INFO - Sync 1 DAGs
[2024-07-20T00:18:50.940+0000] {logging_mixin.py:154} INFO - [2024-07-20T00:18:50.939+0000] {dag.py:3722} INFO - Setting next_dagrun for example_params_ui_tutorial to None, run_after=None
[2024-07-20T00:18:50.995+0000] {processor.py:179} INFO - Processing /home/airflow/.local/lib/python3.8/site-packages/airflow/example_dags/example_params_ui_tutorial.py took 0.295 seconds
[2024-07-20T00:19:21.615+0000] {processor.py:157} INFO - Started process (PID=1078) to work on /home/airflow/.local/lib/python3.8/site-packages/airflow/example_dags/example_params_ui_tutorial.py
[2024-07-20T00:19:21.617+0000] {processor.py:829} INFO - Processing file /home/airflow/.local/lib/python3.8/site-packages/airflow/example_dags/example_params_ui_tutorial.py for tasks to queue
[2024-07-20T00:19:21.620+0000] {logging_mixin.py:154} INFO - [2024-07-20T00:19:21.619+0000] {dagbag.py:536} INFO - Filling up the DagBag from /home/airflow/.local/lib/python3.8/site-packages/airflow/example_dags/example_params_ui_tutorial.py
[2024-07-20T00:19:21.742+0000] {processor.py:839} INFO - DAG(s) dict_keys(['example_params_ui_tutorial']) retrieved from /home/airflow/.local/lib/python3.8/site-packages/airflow/example_dags/example_params_ui_tutorial.py
[2024-07-20T00:19:21.912+0000] {logging_mixin.py:154} INFO - [2024-07-20T00:19:21.911+0000] {dag.py:2941} INFO - Sync 1 DAGs
[2024-07-20T00:19:21.949+0000] {logging_mixin.py:154} INFO - [2024-07-20T00:19:21.949+0000] {dag.py:3722} INFO - Setting next_dagrun for example_params_ui_tutorial to None, run_after=None
[2024-07-20T00:19:22.006+0000] {processor.py:179} INFO - Processing /home/airflow/.local/lib/python3.8/site-packages/airflow/example_dags/example_params_ui_tutorial.py took 0.396 seconds
