[2024-07-20T00:17:38.353+0000] {processor.py:157} INFO - Started process (PID=180) to work on /home/airflow/.local/lib/python3.8/site-packages/airflow/example_dags/example_dynamic_task_mapping_with_no_taskflow_operators.py
[2024-07-20T00:17:38.356+0000] {processor.py:829} INFO - Processing file /home/airflow/.local/lib/python3.8/site-packages/airflow/example_dags/example_dynamic_task_mapping_with_no_taskflow_operators.py for tasks to queue
[2024-07-20T00:17:38.365+0000] {logging_mixin.py:154} INFO - [2024-07-20T00:17:38.364+0000] {dagbag.py:536} INFO - Filling up the DagBag from /home/airflow/.local/lib/python3.8/site-packages/airflow/example_dags/example_dynamic_task_mapping_with_no_taskflow_operators.py
[2024-07-20T00:17:38.386+0000] {processor.py:839} INFO - DAG(s) dict_keys(['example_dynamic_task_mapping_with_no_taskflow_operators']) retrieved from /home/airflow/.local/lib/python3.8/site-packages/airflow/example_dags/example_dynamic_task_mapping_with_no_taskflow_operators.py
[2024-07-20T00:17:38.406+0000] {logging_mixin.py:154} INFO - [2024-07-20T00:17:38.406+0000] {dag.py:2941} INFO - Sync 1 DAGs
[2024-07-20T00:17:38.450+0000] {logging_mixin.py:154} INFO - [2024-07-20T00:17:38.449+0000] {dag.py:2963} INFO - Creating ORM DAG for example_dynamic_task_mapping_with_no_taskflow_operators
[2024-07-20T00:17:38.512+0000] {logging_mixin.py:154} INFO - [2024-07-20T00:17:38.512+0000] {dag.py:3722} INFO - Setting next_dagrun for example_dynamic_task_mapping_with_no_taskflow_operators to 2024-07-19T00:17:38.511639+00:00, run_after=2024-07-20T00:17:38.511639+00:00
[2024-07-20T00:17:38.684+0000] {processor.py:179} INFO - Processing /home/airflow/.local/lib/python3.8/site-packages/airflow/example_dags/example_dynamic_task_mapping_with_no_taskflow_operators.py took 0.338 seconds
[2024-07-20T00:18:09.636+0000] {processor.py:157} INFO - Started process (PID=422) to work on /home/airflow/.local/lib/python3.8/site-packages/airflow/example_dags/example_dynamic_task_mapping_with_no_taskflow_operators.py
[2024-07-20T00:18:09.645+0000] {processor.py:829} INFO - Processing file /home/airflow/.local/lib/python3.8/site-packages/airflow/example_dags/example_dynamic_task_mapping_with_no_taskflow_operators.py for tasks to queue
[2024-07-20T00:18:09.675+0000] {logging_mixin.py:154} INFO - [2024-07-20T00:18:09.655+0000] {dagbag.py:536} INFO - Filling up the DagBag from /home/airflow/.local/lib/python3.8/site-packages/airflow/example_dags/example_dynamic_task_mapping_with_no_taskflow_operators.py
[2024-07-20T00:18:09.712+0000] {processor.py:839} INFO - DAG(s) dict_keys(['example_dynamic_task_mapping_with_no_taskflow_operators']) retrieved from /home/airflow/.local/lib/python3.8/site-packages/airflow/example_dags/example_dynamic_task_mapping_with_no_taskflow_operators.py
[2024-07-20T00:18:09.803+0000] {logging_mixin.py:154} INFO - [2024-07-20T00:18:09.803+0000] {dag.py:2941} INFO - Sync 1 DAGs
[2024-07-20T00:18:09.890+0000] {logging_mixin.py:154} INFO - [2024-07-20T00:18:09.889+0000] {dag.py:3722} INFO - Setting next_dagrun for example_dynamic_task_mapping_with_no_taskflow_operators to 2024-07-19T00:18:09.889489+00:00, run_after=2024-07-20T00:18:09.889489+00:00
[2024-07-20T00:18:09.991+0000] {processor.py:179} INFO - Processing /home/airflow/.local/lib/python3.8/site-packages/airflow/example_dags/example_dynamic_task_mapping_with_no_taskflow_operators.py took 0.384 seconds
[2024-07-20T00:18:40.137+0000] {processor.py:157} INFO - Started process (PID=663) to work on /home/airflow/.local/lib/python3.8/site-packages/airflow/example_dags/example_dynamic_task_mapping_with_no_taskflow_operators.py
[2024-07-20T00:18:40.139+0000] {processor.py:829} INFO - Processing file /home/airflow/.local/lib/python3.8/site-packages/airflow/example_dags/example_dynamic_task_mapping_with_no_taskflow_operators.py for tasks to queue
[2024-07-20T00:18:40.141+0000] {logging_mixin.py:154} INFO - [2024-07-20T00:18:40.140+0000] {dagbag.py:536} INFO - Filling up the DagBag from /home/airflow/.local/lib/python3.8/site-packages/airflow/example_dags/example_dynamic_task_mapping_with_no_taskflow_operators.py
[2024-07-20T00:18:40.155+0000] {processor.py:839} INFO - DAG(s) dict_keys(['example_dynamic_task_mapping_with_no_taskflow_operators']) retrieved from /home/airflow/.local/lib/python3.8/site-packages/airflow/example_dags/example_dynamic_task_mapping_with_no_taskflow_operators.py
[2024-07-20T00:18:40.190+0000] {logging_mixin.py:154} INFO - [2024-07-20T00:18:40.190+0000] {dag.py:2941} INFO - Sync 1 DAGs
[2024-07-20T00:18:40.217+0000] {logging_mixin.py:154} INFO - [2024-07-20T00:18:40.217+0000] {dag.py:3722} INFO - Setting next_dagrun for example_dynamic_task_mapping_with_no_taskflow_operators to 2024-07-19T00:18:40.217005+00:00, run_after=2024-07-20T00:18:40.217005+00:00
[2024-07-20T00:18:40.243+0000] {processor.py:179} INFO - Processing /home/airflow/.local/lib/python3.8/site-packages/airflow/example_dags/example_dynamic_task_mapping_with_no_taskflow_operators.py took 0.111 seconds
[2024-07-20T00:19:10.986+0000] {processor.py:157} INFO - Started process (PID=905) to work on /home/airflow/.local/lib/python3.8/site-packages/airflow/example_dags/example_dynamic_task_mapping_with_no_taskflow_operators.py
[2024-07-20T00:19:10.989+0000] {processor.py:829} INFO - Processing file /home/airflow/.local/lib/python3.8/site-packages/airflow/example_dags/example_dynamic_task_mapping_with_no_taskflow_operators.py for tasks to queue
[2024-07-20T00:19:10.992+0000] {logging_mixin.py:154} INFO - [2024-07-20T00:19:10.991+0000] {dagbag.py:536} INFO - Filling up the DagBag from /home/airflow/.local/lib/python3.8/site-packages/airflow/example_dags/example_dynamic_task_mapping_with_no_taskflow_operators.py
[2024-07-20T00:19:11.012+0000] {processor.py:839} INFO - DAG(s) dict_keys(['example_dynamic_task_mapping_with_no_taskflow_operators']) retrieved from /home/airflow/.local/lib/python3.8/site-packages/airflow/example_dags/example_dynamic_task_mapping_with_no_taskflow_operators.py
[2024-07-20T00:19:11.093+0000] {logging_mixin.py:154} INFO - [2024-07-20T00:19:11.093+0000] {dag.py:2941} INFO - Sync 1 DAGs
[2024-07-20T00:19:11.149+0000] {logging_mixin.py:154} INFO - [2024-07-20T00:19:11.148+0000] {dag.py:3722} INFO - Setting next_dagrun for example_dynamic_task_mapping_with_no_taskflow_operators to 2024-07-19T00:19:11.148494+00:00, run_after=2024-07-20T00:19:11.148494+00:00
[2024-07-20T00:19:11.182+0000] {processor.py:179} INFO - Processing /home/airflow/.local/lib/python3.8/site-packages/airflow/example_dags/example_dynamic_task_mapping_with_no_taskflow_operators.py took 0.209 seconds
