[2024-07-20T00:17:41.073+0000] {processor.py:157} INFO - Started process (PID=227) to work on /home/airflow/.local/lib/python3.8/site-packages/airflow/example_dags/example_datasets.py
[2024-07-20T00:17:41.075+0000] {processor.py:829} INFO - Processing file /home/airflow/.local/lib/python3.8/site-packages/airflow/example_dags/example_datasets.py for tasks to queue
[2024-07-20T00:17:41.095+0000] {logging_mixin.py:154} INFO - [2024-07-20T00:17:41.077+0000] {dagbag.py:536} INFO - Filling up the DagBag from /home/airflow/.local/lib/python3.8/site-packages/airflow/example_dags/example_datasets.py
[2024-07-20T00:17:41.130+0000] {processor.py:839} INFO - DAG(s) dict_keys(['dataset_produces_2', 'dataset_consumes_1', 'dataset_produces_1', 'dataset_consumes_1_and_2', 'dataset_consumes_1_never_scheduled', 'dataset_consumes_unknown_never_scheduled']) retrieved from /home/airflow/.local/lib/python3.8/site-packages/airflow/example_dags/example_datasets.py
[2024-07-20T00:17:41.170+0000] {logging_mixin.py:154} INFO - [2024-07-20T00:17:41.170+0000] {dag.py:2941} INFO - Sync 6 DAGs
[2024-07-20T00:17:41.254+0000] {logging_mixin.py:154} INFO - [2024-07-20T00:17:41.254+0000] {dag.py:2963} INFO - Creating ORM DAG for dataset_consumes_1
[2024-07-20T00:17:41.259+0000] {logging_mixin.py:154} INFO - [2024-07-20T00:17:41.258+0000] {dag.py:2963} INFO - Creating ORM DAG for dataset_produces_1
[2024-07-20T00:17:41.262+0000] {logging_mixin.py:154} INFO - [2024-07-20T00:17:41.261+0000] {dag.py:2963} INFO - Creating ORM DAG for dataset_produces_2
[2024-07-20T00:17:41.264+0000] {logging_mixin.py:154} INFO - [2024-07-20T00:17:41.264+0000] {dag.py:2963} INFO - Creating ORM DAG for dataset_consumes_1_and_2
[2024-07-20T00:17:41.267+0000] {logging_mixin.py:154} INFO - [2024-07-20T00:17:41.266+0000] {dag.py:2963} INFO - Creating ORM DAG for dataset_consumes_unknown_never_scheduled
[2024-07-20T00:17:41.270+0000] {logging_mixin.py:154} INFO - [2024-07-20T00:17:41.269+0000] {dag.py:2963} INFO - Creating ORM DAG for dataset_consumes_1_never_scheduled
[2024-07-20T00:17:41.354+0000] {logging_mixin.py:154} INFO - [2024-07-20T00:17:41.354+0000] {dag.py:3722} INFO - Setting next_dagrun for dataset_consumes_1 to None, run_after=None
[2024-07-20T00:17:41.357+0000] {logging_mixin.py:154} INFO - [2024-07-20T00:17:41.357+0000] {dag.py:3722} INFO - Setting next_dagrun for dataset_consumes_1_and_2 to None, run_after=None
[2024-07-20T00:17:41.362+0000] {logging_mixin.py:154} INFO - [2024-07-20T00:17:41.361+0000] {dag.py:3722} INFO - Setting next_dagrun for dataset_consumes_1_never_scheduled to None, run_after=None
[2024-07-20T00:17:41.368+0000] {logging_mixin.py:154} INFO - [2024-07-20T00:17:41.367+0000] {dag.py:3722} INFO - Setting next_dagrun for dataset_consumes_unknown_never_scheduled to None, run_after=None
[2024-07-20T00:17:41.380+0000] {logging_mixin.py:154} INFO - [2024-07-20T00:17:41.380+0000] {dag.py:3722} INFO - Setting next_dagrun for dataset_produces_1 to 2024-07-19T00:00:00+00:00, run_after=2024-07-20T00:00:00+00:00
[2024-07-20T00:17:41.382+0000] {logging_mixin.py:154} INFO - [2024-07-20T00:17:41.381+0000] {dag.py:3722} INFO - Setting next_dagrun for dataset_produces_2 to None, run_after=None
[2024-07-20T00:17:41.646+0000] {processor.py:179} INFO - Processing /home/airflow/.local/lib/python3.8/site-packages/airflow/example_dags/example_datasets.py took 0.581 seconds
[2024-07-20T00:18:13.058+0000] {processor.py:157} INFO - Started process (PID=468) to work on /home/airflow/.local/lib/python3.8/site-packages/airflow/example_dags/example_datasets.py
[2024-07-20T00:18:13.063+0000] {processor.py:829} INFO - Processing file /home/airflow/.local/lib/python3.8/site-packages/airflow/example_dags/example_datasets.py for tasks to queue
[2024-07-20T00:18:13.068+0000] {logging_mixin.py:154} INFO - [2024-07-20T00:18:13.066+0000] {dagbag.py:536} INFO - Filling up the DagBag from /home/airflow/.local/lib/python3.8/site-packages/airflow/example_dags/example_datasets.py
[2024-07-20T00:18:13.109+0000] {processor.py:839} INFO - DAG(s) dict_keys(['dataset_consumes_unknown_never_scheduled', 'dataset_produces_1', 'dataset_produces_2', 'dataset_consumes_1_never_scheduled', 'dataset_consumes_1_and_2', 'dataset_consumes_1']) retrieved from /home/airflow/.local/lib/python3.8/site-packages/airflow/example_dags/example_datasets.py
[2024-07-20T00:18:13.225+0000] {logging_mixin.py:154} INFO - [2024-07-20T00:18:13.225+0000] {dag.py:2941} INFO - Sync 6 DAGs
[2024-07-20T00:18:13.264+0000] {logging_mixin.py:154} INFO - [2024-07-20T00:18:13.263+0000] {dag.py:3722} INFO - Setting next_dagrun for dataset_consumes_1 to None, run_after=None
[2024-07-20T00:18:13.273+0000] {logging_mixin.py:154} INFO - [2024-07-20T00:18:13.273+0000] {dag.py:3722} INFO - Setting next_dagrun for dataset_consumes_1_and_2 to None, run_after=None
[2024-07-20T00:18:13.276+0000] {logging_mixin.py:154} INFO - [2024-07-20T00:18:13.275+0000] {dag.py:3722} INFO - Setting next_dagrun for dataset_consumes_1_never_scheduled to None, run_after=None
[2024-07-20T00:18:13.279+0000] {logging_mixin.py:154} INFO - [2024-07-20T00:18:13.279+0000] {dag.py:3722} INFO - Setting next_dagrun for dataset_consumes_unknown_never_scheduled to None, run_after=None
[2024-07-20T00:18:13.315+0000] {logging_mixin.py:154} INFO - [2024-07-20T00:18:13.315+0000] {dag.py:3722} INFO - Setting next_dagrun for dataset_produces_1 to 2024-07-19T00:00:00+00:00, run_after=2024-07-20T00:00:00+00:00
[2024-07-20T00:18:13.324+0000] {logging_mixin.py:154} INFO - [2024-07-20T00:18:13.324+0000] {dag.py:3722} INFO - Setting next_dagrun for dataset_produces_2 to None, run_after=None
[2024-07-20T00:18:13.405+0000] {processor.py:179} INFO - Processing /home/airflow/.local/lib/python3.8/site-packages/airflow/example_dags/example_datasets.py took 0.368 seconds
[2024-07-20T00:18:43.683+0000] {processor.py:157} INFO - Started process (PID=711) to work on /home/airflow/.local/lib/python3.8/site-packages/airflow/example_dags/example_datasets.py
[2024-07-20T00:18:43.686+0000] {processor.py:829} INFO - Processing file /home/airflow/.local/lib/python3.8/site-packages/airflow/example_dags/example_datasets.py for tasks to queue
[2024-07-20T00:18:43.691+0000] {logging_mixin.py:154} INFO - [2024-07-20T00:18:43.690+0000] {dagbag.py:536} INFO - Filling up the DagBag from /home/airflow/.local/lib/python3.8/site-packages/airflow/example_dags/example_datasets.py
[2024-07-20T00:18:43.710+0000] {processor.py:839} INFO - DAG(s) dict_keys(['dataset_consumes_unknown_never_scheduled', 'dataset_consumes_1_never_scheduled', 'dataset_consumes_1_and_2', 'dataset_produces_1', 'dataset_produces_2', 'dataset_consumes_1']) retrieved from /home/airflow/.local/lib/python3.8/site-packages/airflow/example_dags/example_datasets.py
[2024-07-20T00:18:43.868+0000] {logging_mixin.py:154} INFO - [2024-07-20T00:18:43.868+0000] {dag.py:2941} INFO - Sync 6 DAGs
[2024-07-20T00:18:43.904+0000] {logging_mixin.py:154} INFO - [2024-07-20T00:18:43.903+0000] {dag.py:3722} INFO - Setting next_dagrun for dataset_consumes_1 to None, run_after=None
[2024-07-20T00:18:43.931+0000] {logging_mixin.py:154} INFO - [2024-07-20T00:18:43.931+0000] {dag.py:3722} INFO - Setting next_dagrun for dataset_consumes_1_and_2 to None, run_after=None
[2024-07-20T00:18:43.934+0000] {logging_mixin.py:154} INFO - [2024-07-20T00:18:43.934+0000] {dag.py:3722} INFO - Setting next_dagrun for dataset_consumes_1_never_scheduled to None, run_after=None
[2024-07-20T00:18:43.937+0000] {logging_mixin.py:154} INFO - [2024-07-20T00:18:43.937+0000] {dag.py:3722} INFO - Setting next_dagrun for dataset_consumes_unknown_never_scheduled to None, run_after=None
[2024-07-20T00:18:43.942+0000] {logging_mixin.py:154} INFO - [2024-07-20T00:18:43.942+0000] {dag.py:3722} INFO - Setting next_dagrun for dataset_produces_1 to 2024-07-19T00:00:00+00:00, run_after=2024-07-20T00:00:00+00:00
[2024-07-20T00:18:43.945+0000] {logging_mixin.py:154} INFO - [2024-07-20T00:18:43.945+0000] {dag.py:3722} INFO - Setting next_dagrun for dataset_produces_2 to None, run_after=None
[2024-07-20T00:18:43.998+0000] {processor.py:179} INFO - Processing /home/airflow/.local/lib/python3.8/site-packages/airflow/example_dags/example_datasets.py took 0.322 seconds
[2024-07-20T00:19:15.030+0000] {processor.py:157} INFO - Started process (PID=953) to work on /home/airflow/.local/lib/python3.8/site-packages/airflow/example_dags/example_datasets.py
[2024-07-20T00:19:15.031+0000] {processor.py:829} INFO - Processing file /home/airflow/.local/lib/python3.8/site-packages/airflow/example_dags/example_datasets.py for tasks to queue
[2024-07-20T00:19:15.034+0000] {logging_mixin.py:154} INFO - [2024-07-20T00:19:15.033+0000] {dagbag.py:536} INFO - Filling up the DagBag from /home/airflow/.local/lib/python3.8/site-packages/airflow/example_dags/example_datasets.py
[2024-07-20T00:19:15.051+0000] {processor.py:839} INFO - DAG(s) dict_keys(['dataset_consumes_1_never_scheduled', 'dataset_produces_1', 'dataset_consumes_1', 'dataset_consumes_1_and_2', 'dataset_produces_2', 'dataset_consumes_unknown_never_scheduled']) retrieved from /home/airflow/.local/lib/python3.8/site-packages/airflow/example_dags/example_datasets.py
[2024-07-20T00:19:15.155+0000] {logging_mixin.py:154} INFO - [2024-07-20T00:19:15.154+0000] {dag.py:2941} INFO - Sync 6 DAGs
[2024-07-20T00:19:15.212+0000] {logging_mixin.py:154} INFO - [2024-07-20T00:19:15.212+0000] {dag.py:3722} INFO - Setting next_dagrun for dataset_consumes_1 to None, run_after=None
[2024-07-20T00:19:15.218+0000] {logging_mixin.py:154} INFO - [2024-07-20T00:19:15.218+0000] {dag.py:3722} INFO - Setting next_dagrun for dataset_consumes_1_and_2 to None, run_after=None
[2024-07-20T00:19:15.221+0000] {logging_mixin.py:154} INFO - [2024-07-20T00:19:15.221+0000] {dag.py:3722} INFO - Setting next_dagrun for dataset_consumes_1_never_scheduled to None, run_after=None
[2024-07-20T00:19:15.223+0000] {logging_mixin.py:154} INFO - [2024-07-20T00:19:15.223+0000] {dag.py:3722} INFO - Setting next_dagrun for dataset_consumes_unknown_never_scheduled to None, run_after=None
[2024-07-20T00:19:15.229+0000] {logging_mixin.py:154} INFO - [2024-07-20T00:19:15.229+0000] {dag.py:3722} INFO - Setting next_dagrun for dataset_produces_1 to 2024-07-19T00:00:00+00:00, run_after=2024-07-20T00:00:00+00:00
[2024-07-20T00:19:15.232+0000] {logging_mixin.py:154} INFO - [2024-07-20T00:19:15.232+0000] {dag.py:3722} INFO - Setting next_dagrun for dataset_produces_2 to None, run_after=None
[2024-07-20T00:19:15.275+0000] {processor.py:179} INFO - Processing /home/airflow/.local/lib/python3.8/site-packages/airflow/example_dags/example_datasets.py took 0.253 seconds
