[2024-07-20T00:17:46.721+0000] {processor.py:157} INFO - Started process (PID=310) to work on /home/airflow/.local/lib/python3.8/site-packages/airflow/example_dags/example_time_delta_sensor_async.py
[2024-07-20T00:17:46.724+0000] {processor.py:829} INFO - Processing file /home/airflow/.local/lib/python3.8/site-packages/airflow/example_dags/example_time_delta_sensor_async.py for tasks to queue
[2024-07-20T00:17:46.728+0000] {logging_mixin.py:154} INFO - [2024-07-20T00:17:46.726+0000] {dagbag.py:536} INFO - Filling up the DagBag from /home/airflow/.local/lib/python3.8/site-packages/airflow/example_dags/example_time_delta_sensor_async.py
[2024-07-20T00:17:46.760+0000] {processor.py:839} INFO - DAG(s) dict_keys(['example_time_delta_sensor_async']) retrieved from /home/airflow/.local/lib/python3.8/site-packages/airflow/example_dags/example_time_delta_sensor_async.py
[2024-07-20T00:17:46.823+0000] {logging_mixin.py:154} INFO - [2024-07-20T00:17:46.823+0000] {dag.py:2941} INFO - Sync 1 DAGs
[2024-07-20T00:17:46.916+0000] {logging_mixin.py:154} INFO - [2024-07-20T00:17:46.915+0000] {dag.py:2963} INFO - Creating ORM DAG for example_time_delta_sensor_async
[2024-07-20T00:17:46.921+0000] {logging_mixin.py:154} INFO - [2024-07-20T00:17:46.920+0000] {dag.py:3722} INFO - Setting next_dagrun for example_time_delta_sensor_async to None, run_after=None
[2024-07-20T00:17:46.997+0000] {processor.py:179} INFO - Processing /home/airflow/.local/lib/python3.8/site-packages/airflow/example_dags/example_time_delta_sensor_async.py took 0.295 seconds
[2024-07-20T00:18:17.402+0000] {processor.py:157} INFO - Started process (PID=551) to work on /home/airflow/.local/lib/python3.8/site-packages/airflow/example_dags/example_time_delta_sensor_async.py
[2024-07-20T00:18:17.410+0000] {processor.py:829} INFO - Processing file /home/airflow/.local/lib/python3.8/site-packages/airflow/example_dags/example_time_delta_sensor_async.py for tasks to queue
[2024-07-20T00:18:17.415+0000] {logging_mixin.py:154} INFO - [2024-07-20T00:18:17.413+0000] {dagbag.py:536} INFO - Filling up the DagBag from /home/airflow/.local/lib/python3.8/site-packages/airflow/example_dags/example_time_delta_sensor_async.py
[2024-07-20T00:18:17.460+0000] {processor.py:839} INFO - DAG(s) dict_keys(['example_time_delta_sensor_async']) retrieved from /home/airflow/.local/lib/python3.8/site-packages/airflow/example_dags/example_time_delta_sensor_async.py
[2024-07-20T00:18:17.512+0000] {logging_mixin.py:154} INFO - [2024-07-20T00:18:17.511+0000] {dag.py:2941} INFO - Sync 1 DAGs
[2024-07-20T00:18:17.573+0000] {logging_mixin.py:154} INFO - [2024-07-20T00:18:17.573+0000] {dag.py:3722} INFO - Setting next_dagrun for example_time_delta_sensor_async to None, run_after=None
[2024-07-20T00:18:17.636+0000] {processor.py:179} INFO - Processing /home/airflow/.local/lib/python3.8/site-packages/airflow/example_dags/example_time_delta_sensor_async.py took 0.254 seconds
[2024-07-20T00:18:47.936+0000] {processor.py:157} INFO - Started process (PID=796) to work on /home/airflow/.local/lib/python3.8/site-packages/airflow/example_dags/example_time_delta_sensor_async.py
[2024-07-20T00:18:47.939+0000] {processor.py:829} INFO - Processing file /home/airflow/.local/lib/python3.8/site-packages/airflow/example_dags/example_time_delta_sensor_async.py for tasks to queue
[2024-07-20T00:18:47.942+0000] {logging_mixin.py:154} INFO - [2024-07-20T00:18:47.940+0000] {dagbag.py:536} INFO - Filling up the DagBag from /home/airflow/.local/lib/python3.8/site-packages/airflow/example_dags/example_time_delta_sensor_async.py
[2024-07-20T00:18:47.958+0000] {processor.py:839} INFO - DAG(s) dict_keys(['example_time_delta_sensor_async']) retrieved from /home/airflow/.local/lib/python3.8/site-packages/airflow/example_dags/example_time_delta_sensor_async.py
[2024-07-20T00:18:48.038+0000] {logging_mixin.py:154} INFO - [2024-07-20T00:18:48.037+0000] {dag.py:2941} INFO - Sync 1 DAGs
[2024-07-20T00:18:48.057+0000] {logging_mixin.py:154} INFO - [2024-07-20T00:18:48.056+0000] {dag.py:3722} INFO - Setting next_dagrun for example_time_delta_sensor_async to None, run_after=None
[2024-07-20T00:18:48.080+0000] {processor.py:179} INFO - Processing /home/airflow/.local/lib/python3.8/site-packages/airflow/example_dags/example_time_delta_sensor_async.py took 0.153 seconds
[2024-07-20T00:19:19.395+0000] {processor.py:157} INFO - Started process (PID=1046) to work on /home/airflow/.local/lib/python3.8/site-packages/airflow/example_dags/example_time_delta_sensor_async.py
[2024-07-20T00:19:19.397+0000] {processor.py:829} INFO - Processing file /home/airflow/.local/lib/python3.8/site-packages/airflow/example_dags/example_time_delta_sensor_async.py for tasks to queue
[2024-07-20T00:19:19.400+0000] {logging_mixin.py:154} INFO - [2024-07-20T00:19:19.399+0000] {dagbag.py:536} INFO - Filling up the DagBag from /home/airflow/.local/lib/python3.8/site-packages/airflow/example_dags/example_time_delta_sensor_async.py
[2024-07-20T00:19:19.412+0000] {processor.py:839} INFO - DAG(s) dict_keys(['example_time_delta_sensor_async']) retrieved from /home/airflow/.local/lib/python3.8/site-packages/airflow/example_dags/example_time_delta_sensor_async.py
[2024-07-20T00:19:19.513+0000] {logging_mixin.py:154} INFO - [2024-07-20T00:19:19.512+0000] {dag.py:2941} INFO - Sync 1 DAGs
[2024-07-20T00:19:19.601+0000] {logging_mixin.py:154} INFO - [2024-07-20T00:19:19.601+0000] {dag.py:3722} INFO - Setting next_dagrun for example_time_delta_sensor_async to None, run_after=None
[2024-07-20T00:19:19.744+0000] {processor.py:179} INFO - Processing /home/airflow/.local/lib/python3.8/site-packages/airflow/example_dags/example_time_delta_sensor_async.py took 0.356 seconds
