[2024-07-20T00:17:44.355+0000] {processor.py:157} INFO - Started process (PID=265) to work on /home/airflow/.local/lib/python3.8/site-packages/airflow/example_dags/example_sensors.py
[2024-07-20T00:17:44.357+0000] {processor.py:829} INFO - Processing file /home/airflow/.local/lib/python3.8/site-packages/airflow/example_dags/example_sensors.py for tasks to queue
[2024-07-20T00:17:44.359+0000] {logging_mixin.py:154} INFO - [2024-07-20T00:17:44.359+0000] {dagbag.py:536} INFO - Filling up the DagBag from /home/airflow/.local/lib/python3.8/site-packages/airflow/example_dags/example_sensors.py
[2024-07-20T00:17:44.398+0000] {processor.py:839} INFO - DAG(s) dict_keys(['example_sensors']) retrieved from /home/airflow/.local/lib/python3.8/site-packages/airflow/example_dags/example_sensors.py
[2024-07-20T00:17:44.445+0000] {logging_mixin.py:154} INFO - [2024-07-20T00:17:44.444+0000] {dag.py:2941} INFO - Sync 1 DAGs
[2024-07-20T00:17:44.469+0000] {logging_mixin.py:154} INFO - [2024-07-20T00:17:44.469+0000] {dag.py:2963} INFO - Creating ORM DAG for example_sensors
[2024-07-20T00:17:44.471+0000] {logging_mixin.py:154} INFO - [2024-07-20T00:17:44.471+0000] {dag.py:3722} INFO - Setting next_dagrun for example_sensors to None, run_after=None
[2024-07-20T00:17:44.657+0000] {processor.py:179} INFO - Processing /home/airflow/.local/lib/python3.8/site-packages/airflow/example_dags/example_sensors.py took 0.338 seconds
[2024-07-20T00:18:14.804+0000] {processor.py:157} INFO - Started process (PID=510) to work on /home/airflow/.local/lib/python3.8/site-packages/airflow/example_dags/example_sensors.py
[2024-07-20T00:18:14.806+0000] {processor.py:829} INFO - Processing file /home/airflow/.local/lib/python3.8/site-packages/airflow/example_dags/example_sensors.py for tasks to queue
[2024-07-20T00:18:14.827+0000] {logging_mixin.py:154} INFO - [2024-07-20T00:18:14.826+0000] {dagbag.py:536} INFO - Filling up the DagBag from /home/airflow/.local/lib/python3.8/site-packages/airflow/example_dags/example_sensors.py
[2024-07-20T00:18:14.849+0000] {processor.py:839} INFO - DAG(s) dict_keys(['example_sensors']) retrieved from /home/airflow/.local/lib/python3.8/site-packages/airflow/example_dags/example_sensors.py
[2024-07-20T00:18:14.891+0000] {logging_mixin.py:154} INFO - [2024-07-20T00:18:14.891+0000] {dag.py:2941} INFO - Sync 1 DAGs
[2024-07-20T00:18:14.944+0000] {logging_mixin.py:154} INFO - [2024-07-20T00:18:14.944+0000] {dag.py:3722} INFO - Setting next_dagrun for example_sensors to None, run_after=None
[2024-07-20T00:18:14.974+0000] {processor.py:179} INFO - Processing /home/airflow/.local/lib/python3.8/site-packages/airflow/example_dags/example_sensors.py took 0.177 seconds
[2024-07-20T00:18:45.041+0000] {processor.py:157} INFO - Started process (PID=753) to work on /home/airflow/.local/lib/python3.8/site-packages/airflow/example_dags/example_sensors.py
[2024-07-20T00:18:45.043+0000] {processor.py:829} INFO - Processing file /home/airflow/.local/lib/python3.8/site-packages/airflow/example_dags/example_sensors.py for tasks to queue
[2024-07-20T00:18:45.046+0000] {logging_mixin.py:154} INFO - [2024-07-20T00:18:45.045+0000] {dagbag.py:536} INFO - Filling up the DagBag from /home/airflow/.local/lib/python3.8/site-packages/airflow/example_dags/example_sensors.py
[2024-07-20T00:18:45.063+0000] {processor.py:839} INFO - DAG(s) dict_keys(['example_sensors']) retrieved from /home/airflow/.local/lib/python3.8/site-packages/airflow/example_dags/example_sensors.py
[2024-07-20T00:18:45.101+0000] {logging_mixin.py:154} INFO - [2024-07-20T00:18:45.101+0000] {dag.py:2941} INFO - Sync 1 DAGs
[2024-07-20T00:18:45.117+0000] {logging_mixin.py:154} INFO - [2024-07-20T00:18:45.117+0000] {dag.py:3722} INFO - Setting next_dagrun for example_sensors to None, run_after=None
[2024-07-20T00:18:45.165+0000] {processor.py:179} INFO - Processing /home/airflow/.local/lib/python3.8/site-packages/airflow/example_dags/example_sensors.py took 0.129 seconds
[2024-07-20T00:19:16.595+0000] {processor.py:157} INFO - Started process (PID=993) to work on /home/airflow/.local/lib/python3.8/site-packages/airflow/example_dags/example_sensors.py
[2024-07-20T00:19:16.597+0000] {processor.py:829} INFO - Processing file /home/airflow/.local/lib/python3.8/site-packages/airflow/example_dags/example_sensors.py for tasks to queue
[2024-07-20T00:19:16.599+0000] {logging_mixin.py:154} INFO - [2024-07-20T00:19:16.599+0000] {dagbag.py:536} INFO - Filling up the DagBag from /home/airflow/.local/lib/python3.8/site-packages/airflow/example_dags/example_sensors.py
[2024-07-20T00:19:16.644+0000] {processor.py:839} INFO - DAG(s) dict_keys(['example_sensors']) retrieved from /home/airflow/.local/lib/python3.8/site-packages/airflow/example_dags/example_sensors.py
[2024-07-20T00:19:16.700+0000] {logging_mixin.py:154} INFO - [2024-07-20T00:19:16.700+0000] {dag.py:2941} INFO - Sync 1 DAGs
[2024-07-20T00:19:16.761+0000] {logging_mixin.py:154} INFO - [2024-07-20T00:19:16.758+0000] {dag.py:3722} INFO - Setting next_dagrun for example_sensors to None, run_after=None
[2024-07-20T00:19:16.807+0000] {processor.py:179} INFO - Processing /home/airflow/.local/lib/python3.8/site-packages/airflow/example_dags/example_sensors.py took 0.218 seconds
