[2024-07-20T00:17:47.439+0000] {processor.py:157} INFO - Started process (PID=325) to work on /home/airflow/.local/lib/python3.8/site-packages/airflow/example_dags/example_branch_operator_decorator.py
[2024-07-20T00:17:47.446+0000] {processor.py:829} INFO - Processing file /home/airflow/.local/lib/python3.8/site-packages/airflow/example_dags/example_branch_operator_decorator.py for tasks to queue
[2024-07-20T00:17:47.448+0000] {logging_mixin.py:154} INFO - [2024-07-20T00:17:47.448+0000] {dagbag.py:536} INFO - Filling up the DagBag from /home/airflow/.local/lib/python3.8/site-packages/airflow/example_dags/example_branch_operator_decorator.py
[2024-07-20T00:17:47.501+0000] {processor.py:839} INFO - DAG(s) dict_keys(['example_branch_python_operator_decorator']) retrieved from /home/airflow/.local/lib/python3.8/site-packages/airflow/example_dags/example_branch_operator_decorator.py
[2024-07-20T00:17:47.531+0000] {logging_mixin.py:154} INFO - [2024-07-20T00:17:47.531+0000] {dag.py:2941} INFO - Sync 1 DAGs
[2024-07-20T00:17:47.570+0000] {logging_mixin.py:154} INFO - [2024-07-20T00:17:47.570+0000] {dag.py:2963} INFO - Creating ORM DAG for example_branch_python_operator_decorator
[2024-07-20T00:17:47.622+0000] {logging_mixin.py:154} INFO - [2024-07-20T00:17:47.622+0000] {dag.py:3722} INFO - Setting next_dagrun for example_branch_python_operator_decorator to 2024-07-19T00:00:00+00:00, run_after=2024-07-20T00:00:00+00:00
[2024-07-20T00:17:47.654+0000] {processor.py:179} INFO - Processing /home/airflow/.local/lib/python3.8/site-packages/airflow/example_dags/example_branch_operator_decorator.py took 0.227 seconds
[2024-07-20T00:18:18.306+0000] {processor.py:157} INFO - Started process (PID=574) to work on /home/airflow/.local/lib/python3.8/site-packages/airflow/example_dags/example_branch_operator_decorator.py
[2024-07-20T00:18:18.313+0000] {processor.py:829} INFO - Processing file /home/airflow/.local/lib/python3.8/site-packages/airflow/example_dags/example_branch_operator_decorator.py for tasks to queue
[2024-07-20T00:18:18.320+0000] {logging_mixin.py:154} INFO - [2024-07-20T00:18:18.318+0000] {dagbag.py:536} INFO - Filling up the DagBag from /home/airflow/.local/lib/python3.8/site-packages/airflow/example_dags/example_branch_operator_decorator.py
[2024-07-20T00:18:18.443+0000] {processor.py:839} INFO - DAG(s) dict_keys(['example_branch_python_operator_decorator']) retrieved from /home/airflow/.local/lib/python3.8/site-packages/airflow/example_dags/example_branch_operator_decorator.py
[2024-07-20T00:18:18.512+0000] {logging_mixin.py:154} INFO - [2024-07-20T00:18:18.511+0000] {dag.py:2941} INFO - Sync 1 DAGs
[2024-07-20T00:18:18.618+0000] {logging_mixin.py:154} INFO - [2024-07-20T00:18:18.618+0000] {dag.py:3722} INFO - Setting next_dagrun for example_branch_python_operator_decorator to 2024-07-19T00:00:00+00:00, run_after=2024-07-20T00:00:00+00:00
[2024-07-20T00:18:18.658+0000] {processor.py:179} INFO - Processing /home/airflow/.local/lib/python3.8/site-packages/airflow/example_dags/example_branch_operator_decorator.py took 0.367 seconds
[2024-07-20T00:18:49.324+0000] {processor.py:157} INFO - Started process (PID=818) to work on /home/airflow/.local/lib/python3.8/site-packages/airflow/example_dags/example_branch_operator_decorator.py
[2024-07-20T00:18:49.333+0000] {processor.py:829} INFO - Processing file /home/airflow/.local/lib/python3.8/site-packages/airflow/example_dags/example_branch_operator_decorator.py for tasks to queue
[2024-07-20T00:18:49.337+0000] {logging_mixin.py:154} INFO - [2024-07-20T00:18:49.336+0000] {dagbag.py:536} INFO - Filling up the DagBag from /home/airflow/.local/lib/python3.8/site-packages/airflow/example_dags/example_branch_operator_decorator.py
[2024-07-20T00:18:49.354+0000] {processor.py:839} INFO - DAG(s) dict_keys(['example_branch_python_operator_decorator']) retrieved from /home/airflow/.local/lib/python3.8/site-packages/airflow/example_dags/example_branch_operator_decorator.py
[2024-07-20T00:18:49.414+0000] {logging_mixin.py:154} INFO - [2024-07-20T00:18:49.414+0000] {dag.py:2941} INFO - Sync 1 DAGs
[2024-07-20T00:18:49.485+0000] {logging_mixin.py:154} INFO - [2024-07-20T00:18:49.484+0000] {dag.py:3722} INFO - Setting next_dagrun for example_branch_python_operator_decorator to 2024-07-19T00:00:00+00:00, run_after=2024-07-20T00:00:00+00:00
[2024-07-20T00:18:49.510+0000] {processor.py:179} INFO - Processing /home/airflow/.local/lib/python3.8/site-packages/airflow/example_dags/example_branch_operator_decorator.py took 0.194 seconds
[2024-07-20T00:19:20.209+0000] {processor.py:157} INFO - Started process (PID=1063) to work on /home/airflow/.local/lib/python3.8/site-packages/airflow/example_dags/example_branch_operator_decorator.py
[2024-07-20T00:19:20.211+0000] {processor.py:829} INFO - Processing file /home/airflow/.local/lib/python3.8/site-packages/airflow/example_dags/example_branch_operator_decorator.py for tasks to queue
[2024-07-20T00:19:20.213+0000] {logging_mixin.py:154} INFO - [2024-07-20T00:19:20.212+0000] {dagbag.py:536} INFO - Filling up the DagBag from /home/airflow/.local/lib/python3.8/site-packages/airflow/example_dags/example_branch_operator_decorator.py
[2024-07-20T00:19:20.256+0000] {processor.py:839} INFO - DAG(s) dict_keys(['example_branch_python_operator_decorator']) retrieved from /home/airflow/.local/lib/python3.8/site-packages/airflow/example_dags/example_branch_operator_decorator.py
[2024-07-20T00:19:20.310+0000] {logging_mixin.py:154} INFO - [2024-07-20T00:19:20.309+0000] {dag.py:2941} INFO - Sync 1 DAGs
[2024-07-20T00:19:20.387+0000] {logging_mixin.py:154} INFO - [2024-07-20T00:19:20.387+0000] {dag.py:3722} INFO - Setting next_dagrun for example_branch_python_operator_decorator to 2024-07-19T00:00:00+00:00, run_after=2024-07-20T00:00:00+00:00
[2024-07-20T00:19:20.464+0000] {processor.py:179} INFO - Processing /home/airflow/.local/lib/python3.8/site-packages/airflow/example_dags/example_branch_operator_decorator.py took 0.263 seconds
