[2024-07-20T00:17:48.685+0000] {processor.py:157} INFO - Started process (PID=357) to work on /home/airflow/.local/lib/python3.8/site-packages/airflow/example_dags/example_complex.py
[2024-07-20T00:17:48.689+0000] {processor.py:829} INFO - Processing file /home/airflow/.local/lib/python3.8/site-packages/airflow/example_dags/example_complex.py for tasks to queue
[2024-07-20T00:17:48.711+0000] {logging_mixin.py:154} INFO - [2024-07-20T00:17:48.710+0000] {dagbag.py:536} INFO - Filling up the DagBag from /home/airflow/.local/lib/python3.8/site-packages/airflow/example_dags/example_complex.py
[2024-07-20T00:17:48.767+0000] {processor.py:839} INFO - DAG(s) dict_keys(['example_complex']) retrieved from /home/airflow/.local/lib/python3.8/site-packages/airflow/example_dags/example_complex.py
[2024-07-20T00:17:48.874+0000] {logging_mixin.py:154} INFO - [2024-07-20T00:17:48.873+0000] {dag.py:2941} INFO - Sync 1 DAGs
[2024-07-20T00:17:48.922+0000] {logging_mixin.py:154} INFO - [2024-07-20T00:17:48.921+0000] {dag.py:2963} INFO - Creating ORM DAG for example_complex
[2024-07-20T00:17:48.925+0000] {logging_mixin.py:154} INFO - [2024-07-20T00:17:48.924+0000] {dag.py:3722} INFO - Setting next_dagrun for example_complex to None, run_after=None
[2024-07-20T00:17:48.961+0000] {processor.py:179} INFO - Processing /home/airflow/.local/lib/python3.8/site-packages/airflow/example_dags/example_complex.py took 0.293 seconds
[2024-07-20T00:18:19.909+0000] {processor.py:157} INFO - Started process (PID=600) to work on /home/airflow/.local/lib/python3.8/site-packages/airflow/example_dags/example_complex.py
[2024-07-20T00:18:19.911+0000] {processor.py:829} INFO - Processing file /home/airflow/.local/lib/python3.8/site-packages/airflow/example_dags/example_complex.py for tasks to queue
[2024-07-20T00:18:19.917+0000] {logging_mixin.py:154} INFO - [2024-07-20T00:18:19.916+0000] {dagbag.py:536} INFO - Filling up the DagBag from /home/airflow/.local/lib/python3.8/site-packages/airflow/example_dags/example_complex.py
[2024-07-20T00:18:20.009+0000] {processor.py:839} INFO - DAG(s) dict_keys(['example_complex']) retrieved from /home/airflow/.local/lib/python3.8/site-packages/airflow/example_dags/example_complex.py
[2024-07-20T00:18:20.242+0000] {logging_mixin.py:154} INFO - [2024-07-20T00:18:20.238+0000] {dag.py:2941} INFO - Sync 1 DAGs
[2024-07-20T00:18:20.323+0000] {logging_mixin.py:154} INFO - [2024-07-20T00:18:20.323+0000] {dag.py:3722} INFO - Setting next_dagrun for example_complex to None, run_after=None
[2024-07-20T00:18:20.421+0000] {processor.py:179} INFO - Processing /home/airflow/.local/lib/python3.8/site-packages/airflow/example_dags/example_complex.py took 0.545 seconds
[2024-07-20T00:18:51.013+0000] {processor.py:157} INFO - Started process (PID=842) to work on /home/airflow/.local/lib/python3.8/site-packages/airflow/example_dags/example_complex.py
[2024-07-20T00:18:51.015+0000] {processor.py:829} INFO - Processing file /home/airflow/.local/lib/python3.8/site-packages/airflow/example_dags/example_complex.py for tasks to queue
[2024-07-20T00:18:51.018+0000] {logging_mixin.py:154} INFO - [2024-07-20T00:18:51.017+0000] {dagbag.py:536} INFO - Filling up the DagBag from /home/airflow/.local/lib/python3.8/site-packages/airflow/example_dags/example_complex.py
[2024-07-20T00:18:51.045+0000] {processor.py:839} INFO - DAG(s) dict_keys(['example_complex']) retrieved from /home/airflow/.local/lib/python3.8/site-packages/airflow/example_dags/example_complex.py
[2024-07-20T00:18:51.424+0000] {logging_mixin.py:154} INFO - [2024-07-20T00:18:51.423+0000] {dag.py:2941} INFO - Sync 1 DAGs
[2024-07-20T00:18:51.448+0000] {logging_mixin.py:154} INFO - [2024-07-20T00:18:51.448+0000] {dag.py:3722} INFO - Setting next_dagrun for example_complex to None, run_after=None
[2024-07-20T00:18:51.508+0000] {processor.py:179} INFO - Processing /home/airflow/.local/lib/python3.8/site-packages/airflow/example_dags/example_complex.py took 0.505 seconds
[2024-07-20T00:19:21.960+0000] {processor.py:157} INFO - Started process (PID=1086) to work on /home/airflow/.local/lib/python3.8/site-packages/airflow/example_dags/example_complex.py
[2024-07-20T00:19:21.964+0000] {processor.py:829} INFO - Processing file /home/airflow/.local/lib/python3.8/site-packages/airflow/example_dags/example_complex.py for tasks to queue
[2024-07-20T00:19:21.968+0000] {logging_mixin.py:154} INFO - [2024-07-20T00:19:21.966+0000] {dagbag.py:536} INFO - Filling up the DagBag from /home/airflow/.local/lib/python3.8/site-packages/airflow/example_dags/example_complex.py
[2024-07-20T00:19:22.032+0000] {processor.py:839} INFO - DAG(s) dict_keys(['example_complex']) retrieved from /home/airflow/.local/lib/python3.8/site-packages/airflow/example_dags/example_complex.py
[2024-07-20T00:19:22.180+0000] {logging_mixin.py:154} INFO - [2024-07-20T00:19:22.180+0000] {dag.py:2941} INFO - Sync 1 DAGs
[2024-07-20T00:19:22.273+0000] {logging_mixin.py:154} INFO - [2024-07-20T00:19:22.272+0000] {dag.py:3722} INFO - Setting next_dagrun for example_complex to None, run_after=None
[2024-07-20T00:19:22.524+0000] {processor.py:179} INFO - Processing /home/airflow/.local/lib/python3.8/site-packages/airflow/example_dags/example_complex.py took 0.576 seconds
