[2024-07-20T00:17:41.854+0000] {processor.py:157} INFO - Started process (PID=240) to work on /home/airflow/.local/lib/python3.8/site-packages/airflow/example_dags/example_branch_datetime_operator.py
[2024-07-20T00:17:41.858+0000] {processor.py:829} INFO - Processing file /home/airflow/.local/lib/python3.8/site-packages/airflow/example_dags/example_branch_datetime_operator.py for tasks to queue
[2024-07-20T00:17:41.863+0000] {logging_mixin.py:154} INFO - [2024-07-20T00:17:41.862+0000] {dagbag.py:536} INFO - Filling up the DagBag from /home/airflow/.local/lib/python3.8/site-packages/airflow/example_dags/example_branch_datetime_operator.py
[2024-07-20T00:17:41.940+0000] {processor.py:839} INFO - DAG(s) dict_keys(['example_branch_datetime_operator_3', 'example_branch_datetime_operator_2', 'example_branch_datetime_operator']) retrieved from /home/airflow/.local/lib/python3.8/site-packages/airflow/example_dags/example_branch_datetime_operator.py
[2024-07-20T00:17:41.972+0000] {logging_mixin.py:154} INFO - [2024-07-20T00:17:41.972+0000] {dag.py:2941} INFO - Sync 3 DAGs
[2024-07-20T00:17:42.041+0000] {logging_mixin.py:154} INFO - [2024-07-20T00:17:42.041+0000] {dag.py:2963} INFO - Creating ORM DAG for example_branch_datetime_operator_2
[2024-07-20T00:17:42.053+0000] {logging_mixin.py:154} INFO - [2024-07-20T00:17:42.053+0000] {dag.py:2963} INFO - Creating ORM DAG for example_branch_datetime_operator_3
[2024-07-20T00:17:42.059+0000] {logging_mixin.py:154} INFO - [2024-07-20T00:17:42.058+0000] {dag.py:2963} INFO - Creating ORM DAG for example_branch_datetime_operator
[2024-07-20T00:17:42.439+0000] {logging_mixin.py:154} INFO - [2024-07-20T00:17:42.439+0000] {dag.py:3722} INFO - Setting next_dagrun for example_branch_datetime_operator to 2024-07-19T00:00:00+00:00, run_after=2024-07-20T00:00:00+00:00
[2024-07-20T00:17:42.484+0000] {logging_mixin.py:154} INFO - [2024-07-20T00:17:42.484+0000] {dag.py:3722} INFO - Setting next_dagrun for example_branch_datetime_operator_2 to 2024-07-19T00:00:00+00:00, run_after=2024-07-20T00:00:00+00:00
[2024-07-20T00:17:42.526+0000] {logging_mixin.py:154} INFO - [2024-07-20T00:17:42.526+0000] {dag.py:3722} INFO - Setting next_dagrun for example_branch_datetime_operator_3 to 2024-07-19T00:00:00+00:00, run_after=2024-07-20T00:00:00+00:00
[2024-07-20T00:17:42.648+0000] {processor.py:179} INFO - Processing /home/airflow/.local/lib/python3.8/site-packages/airflow/example_dags/example_branch_datetime_operator.py took 0.807 seconds
[2024-07-20T00:18:13.566+0000] {processor.py:157} INFO - Started process (PID=483) to work on /home/airflow/.local/lib/python3.8/site-packages/airflow/example_dags/example_branch_datetime_operator.py
[2024-07-20T00:18:13.568+0000] {processor.py:829} INFO - Processing file /home/airflow/.local/lib/python3.8/site-packages/airflow/example_dags/example_branch_datetime_operator.py for tasks to queue
[2024-07-20T00:18:13.570+0000] {logging_mixin.py:154} INFO - [2024-07-20T00:18:13.569+0000] {dagbag.py:536} INFO - Filling up the DagBag from /home/airflow/.local/lib/python3.8/site-packages/airflow/example_dags/example_branch_datetime_operator.py
[2024-07-20T00:18:13.587+0000] {processor.py:839} INFO - DAG(s) dict_keys(['example_branch_datetime_operator', 'example_branch_datetime_operator_3', 'example_branch_datetime_operator_2']) retrieved from /home/airflow/.local/lib/python3.8/site-packages/airflow/example_dags/example_branch_datetime_operator.py
[2024-07-20T00:18:13.655+0000] {logging_mixin.py:154} INFO - [2024-07-20T00:18:13.655+0000] {dag.py:2941} INFO - Sync 3 DAGs
[2024-07-20T00:18:13.689+0000] {logging_mixin.py:154} INFO - [2024-07-20T00:18:13.688+0000] {dag.py:3722} INFO - Setting next_dagrun for example_branch_datetime_operator to 2024-07-19T00:00:00+00:00, run_after=2024-07-20T00:00:00+00:00
[2024-07-20T00:18:13.717+0000] {logging_mixin.py:154} INFO - [2024-07-20T00:18:13.717+0000] {dag.py:3722} INFO - Setting next_dagrun for example_branch_datetime_operator_2 to 2024-07-19T00:00:00+00:00, run_after=2024-07-20T00:00:00+00:00
[2024-07-20T00:18:13.729+0000] {logging_mixin.py:154} INFO - [2024-07-20T00:18:13.729+0000] {dag.py:3722} INFO - Setting next_dagrun for example_branch_datetime_operator_3 to 2024-07-19T00:00:00+00:00, run_after=2024-07-20T00:00:00+00:00
[2024-07-20T00:18:13.831+0000] {processor.py:179} INFO - Processing /home/airflow/.local/lib/python3.8/site-packages/airflow/example_dags/example_branch_datetime_operator.py took 0.271 seconds
[2024-07-20T00:18:44.110+0000] {processor.py:157} INFO - Started process (PID=726) to work on /home/airflow/.local/lib/python3.8/site-packages/airflow/example_dags/example_branch_datetime_operator.py
[2024-07-20T00:18:44.113+0000] {processor.py:829} INFO - Processing file /home/airflow/.local/lib/python3.8/site-packages/airflow/example_dags/example_branch_datetime_operator.py for tasks to queue
[2024-07-20T00:18:44.123+0000] {logging_mixin.py:154} INFO - [2024-07-20T00:18:44.120+0000] {dagbag.py:536} INFO - Filling up the DagBag from /home/airflow/.local/lib/python3.8/site-packages/airflow/example_dags/example_branch_datetime_operator.py
[2024-07-20T00:18:44.164+0000] {processor.py:839} INFO - DAG(s) dict_keys(['example_branch_datetime_operator_3', 'example_branch_datetime_operator_2', 'example_branch_datetime_operator']) retrieved from /home/airflow/.local/lib/python3.8/site-packages/airflow/example_dags/example_branch_datetime_operator.py
[2024-07-20T00:18:44.207+0000] {logging_mixin.py:154} INFO - [2024-07-20T00:18:44.207+0000] {dag.py:2941} INFO - Sync 3 DAGs
[2024-07-20T00:18:44.274+0000] {logging_mixin.py:154} INFO - [2024-07-20T00:18:44.274+0000] {dag.py:3722} INFO - Setting next_dagrun for example_branch_datetime_operator to 2024-07-19T00:00:00+00:00, run_after=2024-07-20T00:00:00+00:00
[2024-07-20T00:18:44.290+0000] {logging_mixin.py:154} INFO - [2024-07-20T00:18:44.289+0000] {dag.py:3722} INFO - Setting next_dagrun for example_branch_datetime_operator_2 to 2024-07-19T00:00:00+00:00, run_after=2024-07-20T00:00:00+00:00
[2024-07-20T00:18:44.297+0000] {logging_mixin.py:154} INFO - [2024-07-20T00:18:44.297+0000] {dag.py:3722} INFO - Setting next_dagrun for example_branch_datetime_operator_3 to 2024-07-19T00:00:00+00:00, run_after=2024-07-20T00:00:00+00:00
[2024-07-20T00:18:44.347+0000] {processor.py:179} INFO - Processing /home/airflow/.local/lib/python3.8/site-packages/airflow/example_dags/example_branch_datetime_operator.py took 0.248 seconds
[2024-07-20T00:19:15.455+0000] {processor.py:157} INFO - Started process (PID=968) to work on /home/airflow/.local/lib/python3.8/site-packages/airflow/example_dags/example_branch_datetime_operator.py
[2024-07-20T00:19:15.457+0000] {processor.py:829} INFO - Processing file /home/airflow/.local/lib/python3.8/site-packages/airflow/example_dags/example_branch_datetime_operator.py for tasks to queue
[2024-07-20T00:19:15.462+0000] {logging_mixin.py:154} INFO - [2024-07-20T00:19:15.460+0000] {dagbag.py:536} INFO - Filling up the DagBag from /home/airflow/.local/lib/python3.8/site-packages/airflow/example_dags/example_branch_datetime_operator.py
[2024-07-20T00:19:15.485+0000] {processor.py:839} INFO - DAG(s) dict_keys(['example_branch_datetime_operator_2', 'example_branch_datetime_operator_3', 'example_branch_datetime_operator']) retrieved from /home/airflow/.local/lib/python3.8/site-packages/airflow/example_dags/example_branch_datetime_operator.py
[2024-07-20T00:19:15.572+0000] {logging_mixin.py:154} INFO - [2024-07-20T00:19:15.572+0000] {dag.py:2941} INFO - Sync 3 DAGs
[2024-07-20T00:19:15.848+0000] {logging_mixin.py:154} INFO - [2024-07-20T00:19:15.848+0000] {dag.py:3722} INFO - Setting next_dagrun for example_branch_datetime_operator to 2024-07-19T00:00:00+00:00, run_after=2024-07-20T00:00:00+00:00
[2024-07-20T00:19:15.859+0000] {logging_mixin.py:154} INFO - [2024-07-20T00:19:15.859+0000] {dag.py:3722} INFO - Setting next_dagrun for example_branch_datetime_operator_2 to 2024-07-19T00:00:00+00:00, run_after=2024-07-20T00:00:00+00:00
[2024-07-20T00:19:15.867+0000] {logging_mixin.py:154} INFO - [2024-07-20T00:19:15.867+0000] {dag.py:3722} INFO - Setting next_dagrun for example_branch_datetime_operator_3 to 2024-07-19T00:00:00+00:00, run_after=2024-07-20T00:00:00+00:00
[2024-07-20T00:19:15.901+0000] {processor.py:179} INFO - Processing /home/airflow/.local/lib/python3.8/site-packages/airflow/example_dags/example_branch_datetime_operator.py took 0.456 seconds
