[2024-07-20T00:17:46.354+0000] {processor.py:157} INFO - Started process (PID=300) to work on /home/airflow/.local/lib/python3.8/site-packages/airflow/example_dags/example_short_circuit_decorator.py
[2024-07-20T00:17:46.357+0000] {processor.py:829} INFO - Processing file /home/airflow/.local/lib/python3.8/site-packages/airflow/example_dags/example_short_circuit_decorator.py for tasks to queue
[2024-07-20T00:17:46.380+0000] {logging_mixin.py:154} INFO - [2024-07-20T00:17:46.379+0000] {dagbag.py:536} INFO - Filling up the DagBag from /home/airflow/.local/lib/python3.8/site-packages/airflow/example_dags/example_short_circuit_decorator.py
[2024-07-20T00:17:46.405+0000] {processor.py:839} INFO - DAG(s) dict_keys(['example_short_circuit_decorator']) retrieved from /home/airflow/.local/lib/python3.8/site-packages/airflow/example_dags/example_short_circuit_decorator.py
[2024-07-20T00:17:46.429+0000] {logging_mixin.py:154} INFO - [2024-07-20T00:17:46.429+0000] {dag.py:2941} INFO - Sync 1 DAGs
[2024-07-20T00:17:46.455+0000] {logging_mixin.py:154} INFO - [2024-07-20T00:17:46.455+0000] {dag.py:2963} INFO - Creating ORM DAG for example_short_circuit_decorator
[2024-07-20T00:17:46.501+0000] {logging_mixin.py:154} INFO - [2024-07-20T00:17:46.500+0000] {dag.py:3722} INFO - Setting next_dagrun for example_short_circuit_decorator to 2024-07-19T00:17:46.499517+00:00, run_after=2024-07-20T00:17:46.499517+00:00
[2024-07-20T00:17:46.542+0000] {processor.py:179} INFO - Processing /home/airflow/.local/lib/python3.8/site-packages/airflow/example_dags/example_short_circuit_decorator.py took 0.209 seconds
[2024-07-20T00:18:17.129+0000] {processor.py:157} INFO - Started process (PID=545) to work on /home/airflow/.local/lib/python3.8/site-packages/airflow/example_dags/example_short_circuit_decorator.py
[2024-07-20T00:18:17.131+0000] {processor.py:829} INFO - Processing file /home/airflow/.local/lib/python3.8/site-packages/airflow/example_dags/example_short_circuit_decorator.py for tasks to queue
[2024-07-20T00:18:17.134+0000] {logging_mixin.py:154} INFO - [2024-07-20T00:18:17.134+0000] {dagbag.py:536} INFO - Filling up the DagBag from /home/airflow/.local/lib/python3.8/site-packages/airflow/example_dags/example_short_circuit_decorator.py
[2024-07-20T00:18:17.171+0000] {processor.py:839} INFO - DAG(s) dict_keys(['example_short_circuit_decorator']) retrieved from /home/airflow/.local/lib/python3.8/site-packages/airflow/example_dags/example_short_circuit_decorator.py
[2024-07-20T00:18:17.207+0000] {logging_mixin.py:154} INFO - [2024-07-20T00:18:17.207+0000] {dag.py:2941} INFO - Sync 1 DAGs
[2024-07-20T00:18:17.237+0000] {logging_mixin.py:154} INFO - [2024-07-20T00:18:17.237+0000] {dag.py:3722} INFO - Setting next_dagrun for example_short_circuit_decorator to 2024-07-19T00:18:17.236829+00:00, run_after=2024-07-20T00:18:17.236829+00:00
[2024-07-20T00:18:17.281+0000] {processor.py:179} INFO - Processing /home/airflow/.local/lib/python3.8/site-packages/airflow/example_dags/example_short_circuit_decorator.py took 0.160 seconds
[2024-07-20T00:18:47.649+0000] {processor.py:157} INFO - Started process (PID=786) to work on /home/airflow/.local/lib/python3.8/site-packages/airflow/example_dags/example_short_circuit_decorator.py
[2024-07-20T00:18:47.654+0000] {processor.py:829} INFO - Processing file /home/airflow/.local/lib/python3.8/site-packages/airflow/example_dags/example_short_circuit_decorator.py for tasks to queue
[2024-07-20T00:18:47.659+0000] {logging_mixin.py:154} INFO - [2024-07-20T00:18:47.657+0000] {dagbag.py:536} INFO - Filling up the DagBag from /home/airflow/.local/lib/python3.8/site-packages/airflow/example_dags/example_short_circuit_decorator.py
[2024-07-20T00:18:47.705+0000] {processor.py:839} INFO - DAG(s) dict_keys(['example_short_circuit_decorator']) retrieved from /home/airflow/.local/lib/python3.8/site-packages/airflow/example_dags/example_short_circuit_decorator.py
[2024-07-20T00:18:47.755+0000] {logging_mixin.py:154} INFO - [2024-07-20T00:18:47.755+0000] {dag.py:2941} INFO - Sync 1 DAGs
[2024-07-20T00:18:47.811+0000] {logging_mixin.py:154} INFO - [2024-07-20T00:18:47.811+0000] {dag.py:3722} INFO - Setting next_dagrun for example_short_circuit_decorator to 2024-07-19T00:18:47.811211+00:00, run_after=2024-07-20T00:18:47.811211+00:00
[2024-07-20T00:18:47.842+0000] {processor.py:179} INFO - Processing /home/airflow/.local/lib/python3.8/site-packages/airflow/example_dags/example_short_circuit_decorator.py took 0.206 seconds
[2024-07-20T00:19:18.903+0000] {processor.py:157} INFO - Started process (PID=1036) to work on /home/airflow/.local/lib/python3.8/site-packages/airflow/example_dags/example_short_circuit_decorator.py
[2024-07-20T00:19:18.906+0000] {processor.py:829} INFO - Processing file /home/airflow/.local/lib/python3.8/site-packages/airflow/example_dags/example_short_circuit_decorator.py for tasks to queue
[2024-07-20T00:19:18.909+0000] {logging_mixin.py:154} INFO - [2024-07-20T00:19:18.908+0000] {dagbag.py:536} INFO - Filling up the DagBag from /home/airflow/.local/lib/python3.8/site-packages/airflow/example_dags/example_short_circuit_decorator.py
[2024-07-20T00:19:18.936+0000] {processor.py:839} INFO - DAG(s) dict_keys(['example_short_circuit_decorator']) retrieved from /home/airflow/.local/lib/python3.8/site-packages/airflow/example_dags/example_short_circuit_decorator.py
[2024-07-20T00:19:19.019+0000] {logging_mixin.py:154} INFO - [2024-07-20T00:19:19.019+0000] {dag.py:2941} INFO - Sync 1 DAGs
[2024-07-20T00:19:19.094+0000] {logging_mixin.py:154} INFO - [2024-07-20T00:19:19.094+0000] {dag.py:3722} INFO - Setting next_dagrun for example_short_circuit_decorator to 2024-07-19T00:19:19.093260+00:00, run_after=2024-07-20T00:19:19.093260+00:00
[2024-07-20T00:19:19.143+0000] {processor.py:179} INFO - Processing /home/airflow/.local/lib/python3.8/site-packages/airflow/example_dags/example_short_circuit_decorator.py took 0.247 seconds
