[2024-07-20T00:17:45.531+0000] {processor.py:157} INFO - Started process (PID=287) to work on /home/airflow/.local/lib/python3.8/site-packages/airflow/example_dags/example_subdag_operator.py
[2024-07-20T00:17:45.534+0000] {processor.py:829} INFO - Processing file /home/airflow/.local/lib/python3.8/site-packages/airflow/example_dags/example_subdag_operator.py for tasks to queue
[2024-07-20T00:17:45.552+0000] {logging_mixin.py:154} INFO - [2024-07-20T00:17:45.536+0000] {dagbag.py:536} INFO - Filling up the DagBag from /home/airflow/.local/lib/python3.8/site-packages/airflow/example_dags/example_subdag_operator.py
[2024-07-20T00:17:45.594+0000] {processor.py:839} INFO - DAG(s) dict_keys(['example_subdag_operator.section-1', 'example_subdag_operator.section-2', 'example_subdag_operator']) retrieved from /home/airflow/.local/lib/python3.8/site-packages/airflow/example_dags/example_subdag_operator.py
[2024-07-20T00:17:45.605+0000] {logging_mixin.py:154} INFO - [2024-07-20T00:17:45.604+0000] {dag.py:2941} INFO - Sync 3 DAGs
[2024-07-20T00:17:45.646+0000] {logging_mixin.py:154} INFO - [2024-07-20T00:17:45.645+0000] {dag.py:2963} INFO - Creating ORM DAG for example_subdag_operator.section-2
[2024-07-20T00:17:45.658+0000] {logging_mixin.py:154} INFO - [2024-07-20T00:17:45.658+0000] {dag.py:2963} INFO - Creating ORM DAG for example_subdag_operator
[2024-07-20T00:17:45.666+0000] {logging_mixin.py:154} INFO - [2024-07-20T00:17:45.666+0000] {dag.py:2963} INFO - Creating ORM DAG for example_subdag_operator.section-1
[2024-07-20T00:17:45.686+0000] {logging_mixin.py:154} INFO - [2024-07-20T00:17:45.686+0000] {dag.py:3722} INFO - Setting next_dagrun for example_subdag_operator to 2022-01-01T00:00:00+00:00, run_after=2022-01-01T00:00:00+00:00
[2024-07-20T00:17:45.689+0000] {logging_mixin.py:154} INFO - [2024-07-20T00:17:45.688+0000] {dag.py:3722} INFO - Setting next_dagrun for example_subdag_operator.section-1 to None, run_after=None
[2024-07-20T00:17:45.690+0000] {logging_mixin.py:154} INFO - [2024-07-20T00:17:45.690+0000] {dag.py:3722} INFO - Setting next_dagrun for example_subdag_operator.section-2 to None, run_after=None
[2024-07-20T00:17:45.711+0000] {logging_mixin.py:154} INFO - [2024-07-20T00:17:45.710+0000] {dag.py:2941} INFO - Sync 2 DAGs
[2024-07-20T00:17:45.727+0000] {logging_mixin.py:154} INFO - [2024-07-20T00:17:45.727+0000] {dag.py:3722} INFO - Setting next_dagrun for example_subdag_operator.section-1 to None, run_after=None
[2024-07-20T00:17:45.738+0000] {logging_mixin.py:154} INFO - [2024-07-20T00:17:45.738+0000] {dag.py:3722} INFO - Setting next_dagrun for example_subdag_operator.section-2 to None, run_after=None
[2024-07-20T00:17:45.800+0000] {processor.py:179} INFO - Processing /home/airflow/.local/lib/python3.8/site-packages/airflow/example_dags/example_subdag_operator.py took 0.277 seconds
[2024-07-20T00:18:16.512+0000] {processor.py:157} INFO - Started process (PID=530) to work on /home/airflow/.local/lib/python3.8/site-packages/airflow/example_dags/example_subdag_operator.py
[2024-07-20T00:18:16.517+0000] {processor.py:829} INFO - Processing file /home/airflow/.local/lib/python3.8/site-packages/airflow/example_dags/example_subdag_operator.py for tasks to queue
[2024-07-20T00:18:16.522+0000] {logging_mixin.py:154} INFO - [2024-07-20T00:18:16.521+0000] {dagbag.py:536} INFO - Filling up the DagBag from /home/airflow/.local/lib/python3.8/site-packages/airflow/example_dags/example_subdag_operator.py
[2024-07-20T00:18:16.586+0000] {processor.py:839} INFO - DAG(s) dict_keys(['example_subdag_operator.section-1', 'example_subdag_operator.section-2', 'example_subdag_operator']) retrieved from /home/airflow/.local/lib/python3.8/site-packages/airflow/example_dags/example_subdag_operator.py
[2024-07-20T00:18:16.610+0000] {logging_mixin.py:154} INFO - [2024-07-20T00:18:16.610+0000] {dag.py:2941} INFO - Sync 3 DAGs
[2024-07-20T00:18:16.661+0000] {logging_mixin.py:154} INFO - [2024-07-20T00:18:16.661+0000] {dag.py:3722} INFO - Setting next_dagrun for example_subdag_operator to 2022-01-01T00:00:00+00:00, run_after=2022-01-01T00:00:00+00:00
[2024-07-20T00:18:16.669+0000] {logging_mixin.py:154} INFO - [2024-07-20T00:18:16.668+0000] {dag.py:3722} INFO - Setting next_dagrun for example_subdag_operator.section-1 to None, run_after=None
[2024-07-20T00:18:16.672+0000] {logging_mixin.py:154} INFO - [2024-07-20T00:18:16.672+0000] {dag.py:3722} INFO - Setting next_dagrun for example_subdag_operator.section-2 to None, run_after=None
[2024-07-20T00:18:16.684+0000] {logging_mixin.py:154} INFO - [2024-07-20T00:18:16.683+0000] {dag.py:2941} INFO - Sync 2 DAGs
[2024-07-20T00:18:16.693+0000] {logging_mixin.py:154} INFO - [2024-07-20T00:18:16.693+0000] {dag.py:3722} INFO - Setting next_dagrun for example_subdag_operator.section-1 to None, run_after=None
[2024-07-20T00:18:16.695+0000] {logging_mixin.py:154} INFO - [2024-07-20T00:18:16.695+0000] {dag.py:3722} INFO - Setting next_dagrun for example_subdag_operator.section-2 to None, run_after=None
[2024-07-20T00:18:16.712+0000] {processor.py:179} INFO - Processing /home/airflow/.local/lib/python3.8/site-packages/airflow/example_dags/example_subdag_operator.py took 0.218 seconds
[2024-07-20T00:18:47.311+0000] {processor.py:157} INFO - Started process (PID=773) to work on /home/airflow/.local/lib/python3.8/site-packages/airflow/example_dags/example_subdag_operator.py
[2024-07-20T00:18:47.313+0000] {processor.py:829} INFO - Processing file /home/airflow/.local/lib/python3.8/site-packages/airflow/example_dags/example_subdag_operator.py for tasks to queue
[2024-07-20T00:18:47.316+0000] {logging_mixin.py:154} INFO - [2024-07-20T00:18:47.315+0000] {dagbag.py:536} INFO - Filling up the DagBag from /home/airflow/.local/lib/python3.8/site-packages/airflow/example_dags/example_subdag_operator.py
[2024-07-20T00:18:47.379+0000] {processor.py:839} INFO - DAG(s) dict_keys(['example_subdag_operator.section-1', 'example_subdag_operator.section-2', 'example_subdag_operator']) retrieved from /home/airflow/.local/lib/python3.8/site-packages/airflow/example_dags/example_subdag_operator.py
[2024-07-20T00:18:47.408+0000] {logging_mixin.py:154} INFO - [2024-07-20T00:18:47.407+0000] {dag.py:2941} INFO - Sync 3 DAGs
[2024-07-20T00:18:47.439+0000] {logging_mixin.py:154} INFO - [2024-07-20T00:18:47.439+0000] {dag.py:3722} INFO - Setting next_dagrun for example_subdag_operator to 2022-01-01T00:00:00+00:00, run_after=2022-01-01T00:00:00+00:00
[2024-07-20T00:18:47.449+0000] {logging_mixin.py:154} INFO - [2024-07-20T00:18:47.448+0000] {dag.py:3722} INFO - Setting next_dagrun for example_subdag_operator.section-1 to None, run_after=None
[2024-07-20T00:18:47.452+0000] {logging_mixin.py:154} INFO - [2024-07-20T00:18:47.451+0000] {dag.py:3722} INFO - Setting next_dagrun for example_subdag_operator.section-2 to None, run_after=None
[2024-07-20T00:18:47.466+0000] {logging_mixin.py:154} INFO - [2024-07-20T00:18:47.466+0000] {dag.py:2941} INFO - Sync 2 DAGs
[2024-07-20T00:18:47.496+0000] {logging_mixin.py:154} INFO - [2024-07-20T00:18:47.496+0000] {dag.py:3722} INFO - Setting next_dagrun for example_subdag_operator.section-1 to None, run_after=None
[2024-07-20T00:18:47.499+0000] {logging_mixin.py:154} INFO - [2024-07-20T00:18:47.498+0000] {dag.py:3722} INFO - Setting next_dagrun for example_subdag_operator.section-2 to None, run_after=None
[2024-07-20T00:18:47.519+0000] {processor.py:179} INFO - Processing /home/airflow/.local/lib/python3.8/site-packages/airflow/example_dags/example_subdag_operator.py took 0.215 seconds
[2024-07-20T00:19:18.278+0000] {processor.py:157} INFO - Started process (PID=1013) to work on /home/airflow/.local/lib/python3.8/site-packages/airflow/example_dags/example_subdag_operator.py
[2024-07-20T00:19:18.281+0000] {processor.py:829} INFO - Processing file /home/airflow/.local/lib/python3.8/site-packages/airflow/example_dags/example_subdag_operator.py for tasks to queue
[2024-07-20T00:19:18.283+0000] {logging_mixin.py:154} INFO - [2024-07-20T00:19:18.283+0000] {dagbag.py:536} INFO - Filling up the DagBag from /home/airflow/.local/lib/python3.8/site-packages/airflow/example_dags/example_subdag_operator.py
[2024-07-20T00:19:18.333+0000] {processor.py:839} INFO - DAG(s) dict_keys(['example_subdag_operator.section-1', 'example_subdag_operator.section-2', 'example_subdag_operator']) retrieved from /home/airflow/.local/lib/python3.8/site-packages/airflow/example_dags/example_subdag_operator.py
[2024-07-20T00:19:18.386+0000] {logging_mixin.py:154} INFO - [2024-07-20T00:19:18.386+0000] {dag.py:2941} INFO - Sync 3 DAGs
[2024-07-20T00:19:18.448+0000] {logging_mixin.py:154} INFO - [2024-07-20T00:19:18.448+0000] {dag.py:3722} INFO - Setting next_dagrun for example_subdag_operator to 2022-01-01T00:00:00+00:00, run_after=2022-01-01T00:00:00+00:00
[2024-07-20T00:19:18.485+0000] {logging_mixin.py:154} INFO - [2024-07-20T00:19:18.485+0000] {dag.py:3722} INFO - Setting next_dagrun for example_subdag_operator.section-1 to None, run_after=None
[2024-07-20T00:19:18.497+0000] {logging_mixin.py:154} INFO - [2024-07-20T00:19:18.496+0000] {dag.py:3722} INFO - Setting next_dagrun for example_subdag_operator.section-2 to None, run_after=None
[2024-07-20T00:19:18.515+0000] {logging_mixin.py:154} INFO - [2024-07-20T00:19:18.515+0000] {dag.py:2941} INFO - Sync 2 DAGs
[2024-07-20T00:19:18.523+0000] {logging_mixin.py:154} INFO - [2024-07-20T00:19:18.522+0000] {dag.py:3722} INFO - Setting next_dagrun for example_subdag_operator.section-1 to None, run_after=None
[2024-07-20T00:19:18.543+0000] {logging_mixin.py:154} INFO - [2024-07-20T00:19:18.536+0000] {dag.py:3722} INFO - Setting next_dagrun for example_subdag_operator.section-2 to None, run_after=None
[2024-07-20T00:19:18.622+0000] {processor.py:179} INFO - Processing /home/airflow/.local/lib/python3.8/site-packages/airflow/example_dags/example_subdag_operator.py took 0.355 seconds
