[2024-07-20T00:17:43.062+0000] {processor.py:157} INFO - Started process (PID=252) to work on /home/airflow/.local/lib/python3.8/site-packages/airflow/example_dags/example_bash_operator.py
[2024-07-20T00:17:43.065+0000] {processor.py:829} INFO - Processing file /home/airflow/.local/lib/python3.8/site-packages/airflow/example_dags/example_bash_operator.py for tasks to queue
[2024-07-20T00:17:43.069+0000] {logging_mixin.py:154} INFO - [2024-07-20T00:17:43.068+0000] {dagbag.py:536} INFO - Filling up the DagBag from /home/airflow/.local/lib/python3.8/site-packages/airflow/example_dags/example_bash_operator.py
[2024-07-20T00:17:43.164+0000] {processor.py:839} INFO - DAG(s) dict_keys(['example_bash_operator']) retrieved from /home/airflow/.local/lib/python3.8/site-packages/airflow/example_dags/example_bash_operator.py
[2024-07-20T00:17:43.239+0000] {logging_mixin.py:154} INFO - [2024-07-20T00:17:43.238+0000] {dag.py:2941} INFO - Sync 1 DAGs
[2024-07-20T00:17:43.333+0000] {logging_mixin.py:154} INFO - [2024-07-20T00:17:43.333+0000] {dag.py:2963} INFO - Creating ORM DAG for example_bash_operator
[2024-07-20T00:17:43.366+0000] {logging_mixin.py:154} INFO - [2024-07-20T00:17:43.365+0000] {dag.py:3722} INFO - Setting next_dagrun for example_bash_operator to 2024-07-19T00:00:00+00:00, run_after=2024-07-20T00:00:00+00:00
[2024-07-20T00:17:43.491+0000] {processor.py:179} INFO - Processing /home/airflow/.local/lib/python3.8/site-packages/airflow/example_dags/example_bash_operator.py took 0.439 seconds
[2024-07-20T00:18:14.077+0000] {processor.py:157} INFO - Started process (PID=495) to work on /home/airflow/.local/lib/python3.8/site-packages/airflow/example_dags/example_bash_operator.py
[2024-07-20T00:18:14.079+0000] {processor.py:829} INFO - Processing file /home/airflow/.local/lib/python3.8/site-packages/airflow/example_dags/example_bash_operator.py for tasks to queue
[2024-07-20T00:18:14.081+0000] {logging_mixin.py:154} INFO - [2024-07-20T00:18:14.080+0000] {dagbag.py:536} INFO - Filling up the DagBag from /home/airflow/.local/lib/python3.8/site-packages/airflow/example_dags/example_bash_operator.py
[2024-07-20T00:18:14.120+0000] {processor.py:839} INFO - DAG(s) dict_keys(['example_bash_operator']) retrieved from /home/airflow/.local/lib/python3.8/site-packages/airflow/example_dags/example_bash_operator.py
[2024-07-20T00:18:14.165+0000] {logging_mixin.py:154} INFO - [2024-07-20T00:18:14.165+0000] {dag.py:2941} INFO - Sync 1 DAGs
[2024-07-20T00:18:14.198+0000] {logging_mixin.py:154} INFO - [2024-07-20T00:18:14.198+0000] {dag.py:3722} INFO - Setting next_dagrun for example_bash_operator to 2024-07-19T00:00:00+00:00, run_after=2024-07-20T00:00:00+00:00
[2024-07-20T00:18:14.255+0000] {processor.py:179} INFO - Processing /home/airflow/.local/lib/python3.8/site-packages/airflow/example_dags/example_bash_operator.py took 0.184 seconds
[2024-07-20T00:18:44.454+0000] {processor.py:157} INFO - Started process (PID=736) to work on /home/airflow/.local/lib/python3.8/site-packages/airflow/example_dags/example_bash_operator.py
[2024-07-20T00:18:44.463+0000] {processor.py:829} INFO - Processing file /home/airflow/.local/lib/python3.8/site-packages/airflow/example_dags/example_bash_operator.py for tasks to queue
[2024-07-20T00:18:44.468+0000] {logging_mixin.py:154} INFO - [2024-07-20T00:18:44.466+0000] {dagbag.py:536} INFO - Filling up the DagBag from /home/airflow/.local/lib/python3.8/site-packages/airflow/example_dags/example_bash_operator.py
[2024-07-20T00:18:44.502+0000] {processor.py:839} INFO - DAG(s) dict_keys(['example_bash_operator']) retrieved from /home/airflow/.local/lib/python3.8/site-packages/airflow/example_dags/example_bash_operator.py
[2024-07-20T00:18:44.584+0000] {logging_mixin.py:154} INFO - [2024-07-20T00:18:44.584+0000] {dag.py:2941} INFO - Sync 1 DAGs
[2024-07-20T00:18:44.670+0000] {logging_mixin.py:154} INFO - [2024-07-20T00:18:44.669+0000] {dag.py:3722} INFO - Setting next_dagrun for example_bash_operator to 2024-07-19T00:00:00+00:00, run_after=2024-07-20T00:00:00+00:00
[2024-07-20T00:18:44.700+0000] {processor.py:179} INFO - Processing /home/airflow/.local/lib/python3.8/site-packages/airflow/example_dags/example_bash_operator.py took 0.260 seconds
[2024-07-20T00:19:16.071+0000] {processor.py:157} INFO - Started process (PID=980) to work on /home/airflow/.local/lib/python3.8/site-packages/airflow/example_dags/example_bash_operator.py
[2024-07-20T00:19:16.073+0000] {processor.py:829} INFO - Processing file /home/airflow/.local/lib/python3.8/site-packages/airflow/example_dags/example_bash_operator.py for tasks to queue
[2024-07-20T00:19:16.076+0000] {logging_mixin.py:154} INFO - [2024-07-20T00:19:16.075+0000] {dagbag.py:536} INFO - Filling up the DagBag from /home/airflow/.local/lib/python3.8/site-packages/airflow/example_dags/example_bash_operator.py
[2024-07-20T00:19:16.100+0000] {processor.py:839} INFO - DAG(s) dict_keys(['example_bash_operator']) retrieved from /home/airflow/.local/lib/python3.8/site-packages/airflow/example_dags/example_bash_operator.py
[2024-07-20T00:19:16.183+0000] {logging_mixin.py:154} INFO - [2024-07-20T00:19:16.183+0000] {dag.py:2941} INFO - Sync 1 DAGs
[2024-07-20T00:19:16.234+0000] {logging_mixin.py:154} INFO - [2024-07-20T00:19:16.234+0000] {dag.py:3722} INFO - Setting next_dagrun for example_bash_operator to 2024-07-19T00:00:00+00:00, run_after=2024-07-20T00:00:00+00:00
[2024-07-20T00:19:16.262+0000] {processor.py:179} INFO - Processing /home/airflow/.local/lib/python3.8/site-packages/airflow/example_dags/example_bash_operator.py took 0.208 seconds
