[2024-07-20T00:17:40.501+0000] {processor.py:157} INFO - Started process (PID=215) to work on /home/airflow/.local/lib/python3.8/site-packages/airflow/example_dags/example_branch_python_dop_operator_3.py
[2024-07-20T00:17:40.507+0000] {processor.py:829} INFO - Processing file /home/airflow/.local/lib/python3.8/site-packages/airflow/example_dags/example_branch_python_dop_operator_3.py for tasks to queue
[2024-07-20T00:17:40.509+0000] {logging_mixin.py:154} INFO - [2024-07-20T00:17:40.509+0000] {dagbag.py:536} INFO - Filling up the DagBag from /home/airflow/.local/lib/python3.8/site-packages/airflow/example_dags/example_branch_python_dop_operator_3.py
[2024-07-20T00:17:40.544+0000] {processor.py:839} INFO - DAG(s) dict_keys(['example_branch_dop_operator_v3']) retrieved from /home/airflow/.local/lib/python3.8/site-packages/airflow/example_dags/example_branch_python_dop_operator_3.py
[2024-07-20T00:17:40.592+0000] {logging_mixin.py:154} INFO - [2024-07-20T00:17:40.591+0000] {dag.py:2941} INFO - Sync 1 DAGs
[2024-07-20T00:17:40.633+0000] {logging_mixin.py:154} INFO - [2024-07-20T00:17:40.633+0000] {dag.py:2963} INFO - Creating ORM DAG for example_branch_dop_operator_v3
[2024-07-20T00:17:40.693+0000] {logging_mixin.py:154} INFO - [2024-07-20T00:17:40.693+0000] {dag.py:3722} INFO - Setting next_dagrun for example_branch_dop_operator_v3 to 2024-07-20T00:16:00+00:00, run_after=2024-07-20T00:17:00+00:00
[2024-07-20T00:17:40.718+0000] {processor.py:179} INFO - Processing /home/airflow/.local/lib/python3.8/site-packages/airflow/example_dags/example_branch_python_dop_operator_3.py took 0.256 seconds
[2024-07-20T00:18:12.466+0000] {processor.py:157} INFO - Started process (PID=458) to work on /home/airflow/.local/lib/python3.8/site-packages/airflow/example_dags/example_branch_python_dop_operator_3.py
[2024-07-20T00:18:12.469+0000] {processor.py:829} INFO - Processing file /home/airflow/.local/lib/python3.8/site-packages/airflow/example_dags/example_branch_python_dop_operator_3.py for tasks to queue
[2024-07-20T00:18:12.475+0000] {logging_mixin.py:154} INFO - [2024-07-20T00:18:12.474+0000] {dagbag.py:536} INFO - Filling up the DagBag from /home/airflow/.local/lib/python3.8/site-packages/airflow/example_dags/example_branch_python_dop_operator_3.py
[2024-07-20T00:18:12.523+0000] {processor.py:839} INFO - DAG(s) dict_keys(['example_branch_dop_operator_v3']) retrieved from /home/airflow/.local/lib/python3.8/site-packages/airflow/example_dags/example_branch_python_dop_operator_3.py
[2024-07-20T00:18:12.658+0000] {logging_mixin.py:154} INFO - [2024-07-20T00:18:12.658+0000] {dag.py:2941} INFO - Sync 1 DAGs
[2024-07-20T00:18:12.840+0000] {logging_mixin.py:154} INFO - [2024-07-20T00:18:12.840+0000] {dag.py:3722} INFO - Setting next_dagrun for example_branch_dop_operator_v3 to 2024-07-20T00:17:00+00:00, run_after=2024-07-20T00:18:00+00:00
[2024-07-20T00:18:12.921+0000] {processor.py:179} INFO - Processing /home/airflow/.local/lib/python3.8/site-packages/airflow/example_dags/example_branch_python_dop_operator_3.py took 0.463 seconds
[2024-07-20T00:18:43.301+0000] {processor.py:157} INFO - Started process (PID=701) to work on /home/airflow/.local/lib/python3.8/site-packages/airflow/example_dags/example_branch_python_dop_operator_3.py
[2024-07-20T00:18:43.303+0000] {processor.py:829} INFO - Processing file /home/airflow/.local/lib/python3.8/site-packages/airflow/example_dags/example_branch_python_dop_operator_3.py for tasks to queue
[2024-07-20T00:18:43.306+0000] {logging_mixin.py:154} INFO - [2024-07-20T00:18:43.305+0000] {dagbag.py:536} INFO - Filling up the DagBag from /home/airflow/.local/lib/python3.8/site-packages/airflow/example_dags/example_branch_python_dop_operator_3.py
[2024-07-20T00:18:43.347+0000] {processor.py:839} INFO - DAG(s) dict_keys(['example_branch_dop_operator_v3']) retrieved from /home/airflow/.local/lib/python3.8/site-packages/airflow/example_dags/example_branch_python_dop_operator_3.py
[2024-07-20T00:18:43.444+0000] {logging_mixin.py:154} INFO - [2024-07-20T00:18:43.443+0000] {dag.py:2941} INFO - Sync 1 DAGs
[2024-07-20T00:18:43.536+0000] {logging_mixin.py:154} INFO - [2024-07-20T00:18:43.536+0000] {dag.py:3722} INFO - Setting next_dagrun for example_branch_dop_operator_v3 to 2024-07-20T00:17:00+00:00, run_after=2024-07-20T00:18:00+00:00
[2024-07-20T00:18:43.580+0000] {processor.py:179} INFO - Processing /home/airflow/.local/lib/python3.8/site-packages/airflow/example_dags/example_branch_python_dop_operator_3.py took 0.285 seconds
[2024-07-20T00:19:14.678+0000] {processor.py:157} INFO - Started process (PID=943) to work on /home/airflow/.local/lib/python3.8/site-packages/airflow/example_dags/example_branch_python_dop_operator_3.py
[2024-07-20T00:19:14.681+0000] {processor.py:829} INFO - Processing file /home/airflow/.local/lib/python3.8/site-packages/airflow/example_dags/example_branch_python_dop_operator_3.py for tasks to queue
[2024-07-20T00:19:14.686+0000] {logging_mixin.py:154} INFO - [2024-07-20T00:19:14.685+0000] {dagbag.py:536} INFO - Filling up the DagBag from /home/airflow/.local/lib/python3.8/site-packages/airflow/example_dags/example_branch_python_dop_operator_3.py
[2024-07-20T00:19:14.725+0000] {processor.py:839} INFO - DAG(s) dict_keys(['example_branch_dop_operator_v3']) retrieved from /home/airflow/.local/lib/python3.8/site-packages/airflow/example_dags/example_branch_python_dop_operator_3.py
[2024-07-20T00:19:14.778+0000] {logging_mixin.py:154} INFO - [2024-07-20T00:19:14.778+0000] {dag.py:2941} INFO - Sync 1 DAGs
[2024-07-20T00:19:14.864+0000] {logging_mixin.py:154} INFO - [2024-07-20T00:19:14.863+0000] {dag.py:3722} INFO - Setting next_dagrun for example_branch_dop_operator_v3 to 2024-07-20T00:18:00+00:00, run_after=2024-07-20T00:19:00+00:00
[2024-07-20T00:19:14.922+0000] {processor.py:179} INFO - Processing /home/airflow/.local/lib/python3.8/site-packages/airflow/example_dags/example_branch_python_dop_operator_3.py took 0.253 seconds
