[2024-07-20T00:17:46.638+0000] {processor.py:157} INFO - Started process (PID=307) to work on /home/airflow/.local/lib/python3.8/site-packages/airflow/example_dags/example_latest_only.py
[2024-07-20T00:17:46.641+0000] {processor.py:829} INFO - Processing file /home/airflow/.local/lib/python3.8/site-packages/airflow/example_dags/example_latest_only.py for tasks to queue
[2024-07-20T00:17:46.644+0000] {logging_mixin.py:154} INFO - [2024-07-20T00:17:46.643+0000] {dagbag.py:536} INFO - Filling up the DagBag from /home/airflow/.local/lib/python3.8/site-packages/airflow/example_dags/example_latest_only.py
[2024-07-20T00:17:46.688+0000] {processor.py:839} INFO - DAG(s) dict_keys(['latest_only']) retrieved from /home/airflow/.local/lib/python3.8/site-packages/airflow/example_dags/example_latest_only.py
[2024-07-20T00:17:46.753+0000] {logging_mixin.py:154} INFO - [2024-07-20T00:17:46.752+0000] {dag.py:2941} INFO - Sync 1 DAGs
[2024-07-20T00:17:46.852+0000] {logging_mixin.py:154} INFO - [2024-07-20T00:17:46.851+0000] {dag.py:2963} INFO - Creating ORM DAG for latest_only
[2024-07-20T00:17:46.899+0000] {logging_mixin.py:154} INFO - [2024-07-20T00:17:46.899+0000] {dag.py:3722} INFO - Setting next_dagrun for latest_only to 2024-07-19T20:17:46.898972+00:00, run_after=2024-07-20T00:17:46.898972+00:00
[2024-07-20T00:17:46.968+0000] {processor.py:179} INFO - Processing /home/airflow/.local/lib/python3.8/site-packages/airflow/example_dags/example_latest_only.py took 0.350 seconds
[2024-07-20T00:18:17.372+0000] {processor.py:157} INFO - Started process (PID=550) to work on /home/airflow/.local/lib/python3.8/site-packages/airflow/example_dags/example_latest_only.py
[2024-07-20T00:18:17.375+0000] {processor.py:829} INFO - Processing file /home/airflow/.local/lib/python3.8/site-packages/airflow/example_dags/example_latest_only.py for tasks to queue
[2024-07-20T00:18:17.378+0000] {logging_mixin.py:154} INFO - [2024-07-20T00:18:17.377+0000] {dagbag.py:536} INFO - Filling up the DagBag from /home/airflow/.local/lib/python3.8/site-packages/airflow/example_dags/example_latest_only.py
[2024-07-20T00:18:17.389+0000] {processor.py:839} INFO - DAG(s) dict_keys(['latest_only']) retrieved from /home/airflow/.local/lib/python3.8/site-packages/airflow/example_dags/example_latest_only.py
[2024-07-20T00:18:17.422+0000] {logging_mixin.py:154} INFO - [2024-07-20T00:18:17.421+0000] {dag.py:2941} INFO - Sync 1 DAGs
[2024-07-20T00:18:17.509+0000] {logging_mixin.py:154} INFO - [2024-07-20T00:18:17.509+0000] {dag.py:3722} INFO - Setting next_dagrun for latest_only to 2024-07-19T20:18:17.509286+00:00, run_after=2024-07-20T00:18:17.509286+00:00
[2024-07-20T00:18:17.584+0000] {processor.py:179} INFO - Processing /home/airflow/.local/lib/python3.8/site-packages/airflow/example_dags/example_latest_only.py took 0.219 seconds
[2024-07-20T00:18:47.813+0000] {processor.py:157} INFO - Started process (PID=791) to work on /home/airflow/.local/lib/python3.8/site-packages/airflow/example_dags/example_latest_only.py
[2024-07-20T00:18:47.817+0000] {processor.py:829} INFO - Processing file /home/airflow/.local/lib/python3.8/site-packages/airflow/example_dags/example_latest_only.py for tasks to queue
[2024-07-20T00:18:47.820+0000] {logging_mixin.py:154} INFO - [2024-07-20T00:18:47.820+0000] {dagbag.py:536} INFO - Filling up the DagBag from /home/airflow/.local/lib/python3.8/site-packages/airflow/example_dags/example_latest_only.py
[2024-07-20T00:18:47.833+0000] {processor.py:839} INFO - DAG(s) dict_keys(['latest_only']) retrieved from /home/airflow/.local/lib/python3.8/site-packages/airflow/example_dags/example_latest_only.py
[2024-07-20T00:18:47.878+0000] {logging_mixin.py:154} INFO - [2024-07-20T00:18:47.877+0000] {dag.py:2941} INFO - Sync 1 DAGs
[2024-07-20T00:18:47.949+0000] {logging_mixin.py:154} INFO - [2024-07-20T00:18:47.948+0000] {dag.py:3722} INFO - Setting next_dagrun for latest_only to 2024-07-19T20:18:47.948345+00:00, run_after=2024-07-20T00:18:47.948345+00:00
[2024-07-20T00:18:48.013+0000] {processor.py:179} INFO - Processing /home/airflow/.local/lib/python3.8/site-packages/airflow/example_dags/example_latest_only.py took 0.210 seconds
[2024-07-20T00:19:19.151+0000] {processor.py:157} INFO - Started process (PID=1041) to work on /home/airflow/.local/lib/python3.8/site-packages/airflow/example_dags/example_latest_only.py
[2024-07-20T00:19:19.154+0000] {processor.py:829} INFO - Processing file /home/airflow/.local/lib/python3.8/site-packages/airflow/example_dags/example_latest_only.py for tasks to queue
[2024-07-20T00:19:19.180+0000] {logging_mixin.py:154} INFO - [2024-07-20T00:19:19.179+0000] {dagbag.py:536} INFO - Filling up the DagBag from /home/airflow/.local/lib/python3.8/site-packages/airflow/example_dags/example_latest_only.py
[2024-07-20T00:19:19.198+0000] {processor.py:839} INFO - DAG(s) dict_keys(['latest_only']) retrieved from /home/airflow/.local/lib/python3.8/site-packages/airflow/example_dags/example_latest_only.py
[2024-07-20T00:19:19.386+0000] {logging_mixin.py:154} INFO - [2024-07-20T00:19:19.385+0000] {dag.py:2941} INFO - Sync 1 DAGs
[2024-07-20T00:19:19.510+0000] {logging_mixin.py:154} INFO - [2024-07-20T00:19:19.510+0000] {dag.py:3722} INFO - Setting next_dagrun for latest_only to 2024-07-19T20:19:19.509855+00:00, run_after=2024-07-20T00:19:19.509855+00:00
[2024-07-20T00:19:19.611+0000] {processor.py:179} INFO - Processing /home/airflow/.local/lib/python3.8/site-packages/airflow/example_dags/example_latest_only.py took 0.476 seconds
