[2024-07-20T00:17:49.071+0000] {processor.py:157} INFO - Started process (PID=367) to work on /home/airflow/.local/lib/python3.8/site-packages/airflow/example_dags/example_xcom.py
[2024-07-20T00:17:49.075+0000] {processor.py:829} INFO - Processing file /home/airflow/.local/lib/python3.8/site-packages/airflow/example_dags/example_xcom.py for tasks to queue
[2024-07-20T00:17:49.079+0000] {logging_mixin.py:154} INFO - [2024-07-20T00:17:49.077+0000] {dagbag.py:536} INFO - Filling up the DagBag from /home/airflow/.local/lib/python3.8/site-packages/airflow/example_dags/example_xcom.py
[2024-07-20T00:17:49.120+0000] {processor.py:839} INFO - DAG(s) dict_keys(['example_xcom']) retrieved from /home/airflow/.local/lib/python3.8/site-packages/airflow/example_dags/example_xcom.py
[2024-07-20T00:17:49.163+0000] {logging_mixin.py:154} INFO - [2024-07-20T00:17:49.163+0000] {dag.py:2941} INFO - Sync 1 DAGs
[2024-07-20T00:17:49.227+0000] {logging_mixin.py:154} INFO - [2024-07-20T00:17:49.227+0000] {dag.py:2963} INFO - Creating ORM DAG for example_xcom
[2024-07-20T00:17:49.252+0000] {logging_mixin.py:154} INFO - [2024-07-20T00:17:49.252+0000] {dag.py:3722} INFO - Setting next_dagrun for example_xcom to 2021-01-01T00:00:00+00:00, run_after=2021-01-01T00:00:00+00:00
[2024-07-20T00:17:49.288+0000] {processor.py:179} INFO - Processing /home/airflow/.local/lib/python3.8/site-packages/airflow/example_dags/example_xcom.py took 0.225 seconds
[2024-07-20T00:18:20.412+0000] {processor.py:157} INFO - Started process (PID=610) to work on /home/airflow/.local/lib/python3.8/site-packages/airflow/example_dags/example_xcom.py
[2024-07-20T00:18:20.414+0000] {processor.py:829} INFO - Processing file /home/airflow/.local/lib/python3.8/site-packages/airflow/example_dags/example_xcom.py for tasks to queue
[2024-07-20T00:18:20.418+0000] {logging_mixin.py:154} INFO - [2024-07-20T00:18:20.417+0000] {dagbag.py:536} INFO - Filling up the DagBag from /home/airflow/.local/lib/python3.8/site-packages/airflow/example_dags/example_xcom.py
[2024-07-20T00:18:20.443+0000] {processor.py:839} INFO - DAG(s) dict_keys(['example_xcom']) retrieved from /home/airflow/.local/lib/python3.8/site-packages/airflow/example_dags/example_xcom.py
[2024-07-20T00:18:20.522+0000] {logging_mixin.py:154} INFO - [2024-07-20T00:18:20.521+0000] {dag.py:2941} INFO - Sync 1 DAGs
[2024-07-20T00:18:20.569+0000] {logging_mixin.py:154} INFO - [2024-07-20T00:18:20.569+0000] {dag.py:3722} INFO - Setting next_dagrun for example_xcom to 2021-01-01T00:00:00+00:00, run_after=2021-01-01T00:00:00+00:00
[2024-07-20T00:18:20.755+0000] {processor.py:179} INFO - Processing /home/airflow/.local/lib/python3.8/site-packages/airflow/example_dags/example_xcom.py took 0.368 seconds
[2024-07-20T00:18:51.576+0000] {processor.py:157} INFO - Started process (PID=854) to work on /home/airflow/.local/lib/python3.8/site-packages/airflow/example_dags/example_xcom.py
[2024-07-20T00:18:51.578+0000] {processor.py:829} INFO - Processing file /home/airflow/.local/lib/python3.8/site-packages/airflow/example_dags/example_xcom.py for tasks to queue
[2024-07-20T00:18:51.596+0000] {logging_mixin.py:154} INFO - [2024-07-20T00:18:51.596+0000] {dagbag.py:536} INFO - Filling up the DagBag from /home/airflow/.local/lib/python3.8/site-packages/airflow/example_dags/example_xcom.py
[2024-07-20T00:18:51.611+0000] {processor.py:839} INFO - DAG(s) dict_keys(['example_xcom']) retrieved from /home/airflow/.local/lib/python3.8/site-packages/airflow/example_dags/example_xcom.py
[2024-07-20T00:18:51.674+0000] {logging_mixin.py:154} INFO - [2024-07-20T00:18:51.674+0000] {dag.py:2941} INFO - Sync 1 DAGs
[2024-07-20T00:18:51.747+0000] {logging_mixin.py:154} INFO - [2024-07-20T00:18:51.746+0000] {dag.py:3722} INFO - Setting next_dagrun for example_xcom to 2021-01-01T00:00:00+00:00, run_after=2021-01-01T00:00:00+00:00
[2024-07-20T00:18:51.787+0000] {processor.py:179} INFO - Processing /home/airflow/.local/lib/python3.8/site-packages/airflow/example_dags/example_xcom.py took 0.216 seconds
[2024-07-20T00:19:22.684+0000] {processor.py:157} INFO - Started process (PID=1096) to work on /home/airflow/.local/lib/python3.8/site-packages/airflow/example_dags/example_xcom.py
[2024-07-20T00:19:22.716+0000] {processor.py:829} INFO - Processing file /home/airflow/.local/lib/python3.8/site-packages/airflow/example_dags/example_xcom.py for tasks to queue
[2024-07-20T00:19:22.721+0000] {logging_mixin.py:154} INFO - [2024-07-20T00:19:22.720+0000] {dagbag.py:536} INFO - Filling up the DagBag from /home/airflow/.local/lib/python3.8/site-packages/airflow/example_dags/example_xcom.py
[2024-07-20T00:19:22.743+0000] {processor.py:839} INFO - DAG(s) dict_keys(['example_xcom']) retrieved from /home/airflow/.local/lib/python3.8/site-packages/airflow/example_dags/example_xcom.py
[2024-07-20T00:19:22.846+0000] {logging_mixin.py:154} INFO - [2024-07-20T00:19:22.846+0000] {dag.py:2941} INFO - Sync 1 DAGs
[2024-07-20T00:19:22.940+0000] {logging_mixin.py:154} INFO - [2024-07-20T00:19:22.939+0000] {dag.py:3722} INFO - Setting next_dagrun for example_xcom to 2021-01-01T00:00:00+00:00, run_after=2021-01-01T00:00:00+00:00
[2024-07-20T00:19:22.986+0000] {processor.py:179} INFO - Processing /home/airflow/.local/lib/python3.8/site-packages/airflow/example_dags/example_xcom.py took 0.314 seconds
