[2024-07-20T00:17:41.582+0000] {processor.py:157} INFO - Started process (PID=235) to work on /home/airflow/.local/lib/python3.8/site-packages/airflow/example_dags/tutorial_dag.py
[2024-07-20T00:17:41.609+0000] {processor.py:829} INFO - Processing file /home/airflow/.local/lib/python3.8/site-packages/airflow/example_dags/tutorial_dag.py for tasks to queue
[2024-07-20T00:17:41.612+0000] {logging_mixin.py:154} INFO - [2024-07-20T00:17:41.612+0000] {dagbag.py:536} INFO - Filling up the DagBag from /home/airflow/.local/lib/python3.8/site-packages/airflow/example_dags/tutorial_dag.py
[2024-07-20T00:17:41.643+0000] {processor.py:839} INFO - DAG(s) dict_keys(['tutorial_dag']) retrieved from /home/airflow/.local/lib/python3.8/site-packages/airflow/example_dags/tutorial_dag.py
[2024-07-20T00:17:41.728+0000] {logging_mixin.py:154} INFO - [2024-07-20T00:17:41.728+0000] {dag.py:2941} INFO - Sync 1 DAGs
[2024-07-20T00:17:41.879+0000] {logging_mixin.py:154} INFO - [2024-07-20T00:17:41.879+0000] {dag.py:2963} INFO - Creating ORM DAG for tutorial_dag
[2024-07-20T00:17:41.881+0000] {logging_mixin.py:154} INFO - [2024-07-20T00:17:41.881+0000] {dag.py:3722} INFO - Setting next_dagrun for tutorial_dag to None, run_after=None
[2024-07-20T00:17:41.930+0000] {processor.py:179} INFO - Processing /home/airflow/.local/lib/python3.8/site-packages/airflow/example_dags/tutorial_dag.py took 0.360 seconds
[2024-07-20T00:18:13.526+0000] {processor.py:157} INFO - Started process (PID=478) to work on /home/airflow/.local/lib/python3.8/site-packages/airflow/example_dags/tutorial_dag.py
[2024-07-20T00:18:13.537+0000] {processor.py:829} INFO - Processing file /home/airflow/.local/lib/python3.8/site-packages/airflow/example_dags/tutorial_dag.py for tasks to queue
[2024-07-20T00:18:13.539+0000] {logging_mixin.py:154} INFO - [2024-07-20T00:18:13.538+0000] {dagbag.py:536} INFO - Filling up the DagBag from /home/airflow/.local/lib/python3.8/site-packages/airflow/example_dags/tutorial_dag.py
[2024-07-20T00:18:13.578+0000] {processor.py:839} INFO - DAG(s) dict_keys(['tutorial_dag']) retrieved from /home/airflow/.local/lib/python3.8/site-packages/airflow/example_dags/tutorial_dag.py
[2024-07-20T00:18:13.712+0000] {logging_mixin.py:154} INFO - [2024-07-20T00:18:13.693+0000] {dag.py:2941} INFO - Sync 1 DAGs
[2024-07-20T00:18:13.749+0000] {logging_mixin.py:154} INFO - [2024-07-20T00:18:13.748+0000] {dag.py:3722} INFO - Setting next_dagrun for tutorial_dag to None, run_after=None
[2024-07-20T00:18:13.777+0000] {processor.py:179} INFO - Processing /home/airflow/.local/lib/python3.8/site-packages/airflow/example_dags/tutorial_dag.py took 0.281 seconds
[2024-07-20T00:18:44.074+0000] {processor.py:157} INFO - Started process (PID=723) to work on /home/airflow/.local/lib/python3.8/site-packages/airflow/example_dags/tutorial_dag.py
[2024-07-20T00:18:44.076+0000] {processor.py:829} INFO - Processing file /home/airflow/.local/lib/python3.8/site-packages/airflow/example_dags/tutorial_dag.py for tasks to queue
[2024-07-20T00:18:44.079+0000] {logging_mixin.py:154} INFO - [2024-07-20T00:18:44.078+0000] {dagbag.py:536} INFO - Filling up the DagBag from /home/airflow/.local/lib/python3.8/site-packages/airflow/example_dags/tutorial_dag.py
[2024-07-20T00:18:44.090+0000] {processor.py:839} INFO - DAG(s) dict_keys(['tutorial_dag']) retrieved from /home/airflow/.local/lib/python3.8/site-packages/airflow/example_dags/tutorial_dag.py
[2024-07-20T00:18:44.172+0000] {logging_mixin.py:154} INFO - [2024-07-20T00:18:44.171+0000] {dag.py:2941} INFO - Sync 1 DAGs
[2024-07-20T00:18:44.191+0000] {logging_mixin.py:154} INFO - [2024-07-20T00:18:44.190+0000] {dag.py:3722} INFO - Setting next_dagrun for tutorial_dag to None, run_after=None
[2024-07-20T00:18:44.236+0000] {processor.py:179} INFO - Processing /home/airflow/.local/lib/python3.8/site-packages/airflow/example_dags/tutorial_dag.py took 0.169 seconds
[2024-07-20T00:19:15.371+0000] {processor.py:157} INFO - Started process (PID=963) to work on /home/airflow/.local/lib/python3.8/site-packages/airflow/example_dags/tutorial_dag.py
[2024-07-20T00:19:15.375+0000] {processor.py:829} INFO - Processing file /home/airflow/.local/lib/python3.8/site-packages/airflow/example_dags/tutorial_dag.py for tasks to queue
[2024-07-20T00:19:15.379+0000] {logging_mixin.py:154} INFO - [2024-07-20T00:19:15.378+0000] {dagbag.py:536} INFO - Filling up the DagBag from /home/airflow/.local/lib/python3.8/site-packages/airflow/example_dags/tutorial_dag.py
[2024-07-20T00:19:15.388+0000] {processor.py:839} INFO - DAG(s) dict_keys(['tutorial_dag']) retrieved from /home/airflow/.local/lib/python3.8/site-packages/airflow/example_dags/tutorial_dag.py
[2024-07-20T00:19:15.460+0000] {logging_mixin.py:154} INFO - [2024-07-20T00:19:15.460+0000] {dag.py:2941} INFO - Sync 1 DAGs
[2024-07-20T00:19:15.483+0000] {logging_mixin.py:154} INFO - [2024-07-20T00:19:15.483+0000] {dag.py:3722} INFO - Setting next_dagrun for tutorial_dag to None, run_after=None
[2024-07-20T00:19:15.536+0000] {processor.py:179} INFO - Processing /home/airflow/.local/lib/python3.8/site-packages/airflow/example_dags/tutorial_dag.py took 0.181 seconds
