[2024-07-20T00:17:39.985+0000] {processor.py:157} INFO - Started process (PID=202) to work on /home/airflow/.local/lib/python3.8/site-packages/airflow/example_dags/tutorial.py
[2024-07-20T00:17:39.991+0000] {processor.py:829} INFO - Processing file /home/airflow/.local/lib/python3.8/site-packages/airflow/example_dags/tutorial.py for tasks to queue
[2024-07-20T00:17:39.994+0000] {logging_mixin.py:154} INFO - [2024-07-20T00:17:39.993+0000] {dagbag.py:536} INFO - Filling up the DagBag from /home/airflow/.local/lib/python3.8/site-packages/airflow/example_dags/tutorial.py
[2024-07-20T00:17:40.017+0000] {processor.py:839} INFO - DAG(s) dict_keys(['tutorial']) retrieved from /home/airflow/.local/lib/python3.8/site-packages/airflow/example_dags/tutorial.py
[2024-07-20T00:17:40.055+0000] {logging_mixin.py:154} INFO - [2024-07-20T00:17:40.055+0000] {dag.py:2941} INFO - Sync 1 DAGs
[2024-07-20T00:17:40.139+0000] {logging_mixin.py:154} INFO - [2024-07-20T00:17:40.139+0000] {dag.py:2963} INFO - Creating ORM DAG for tutorial
[2024-07-20T00:17:40.189+0000] {logging_mixin.py:154} INFO - [2024-07-20T00:17:40.189+0000] {dag.py:3722} INFO - Setting next_dagrun for tutorial to 2024-07-19T00:17:40.189188+00:00, run_after=2024-07-20T00:17:40.189188+00:00
[2024-07-20T00:17:40.260+0000] {processor.py:179} INFO - Processing /home/airflow/.local/lib/python3.8/site-packages/airflow/example_dags/tutorial.py took 0.305 seconds
[2024-07-20T00:18:11.601+0000] {processor.py:157} INFO - Started process (PID=443) to work on /home/airflow/.local/lib/python3.8/site-packages/airflow/example_dags/tutorial.py
[2024-07-20T00:18:11.613+0000] {processor.py:829} INFO - Processing file /home/airflow/.local/lib/python3.8/site-packages/airflow/example_dags/tutorial.py for tasks to queue
[2024-07-20T00:18:11.617+0000] {logging_mixin.py:154} INFO - [2024-07-20T00:18:11.615+0000] {dagbag.py:536} INFO - Filling up the DagBag from /home/airflow/.local/lib/python3.8/site-packages/airflow/example_dags/tutorial.py
[2024-07-20T00:18:11.645+0000] {processor.py:839} INFO - DAG(s) dict_keys(['tutorial']) retrieved from /home/airflow/.local/lib/python3.8/site-packages/airflow/example_dags/tutorial.py
[2024-07-20T00:18:11.819+0000] {logging_mixin.py:154} INFO - [2024-07-20T00:18:11.819+0000] {dag.py:2941} INFO - Sync 1 DAGs
[2024-07-20T00:18:11.950+0000] {logging_mixin.py:154} INFO - [2024-07-20T00:18:11.949+0000] {dag.py:3722} INFO - Setting next_dagrun for tutorial to 2024-07-19T00:18:11.949446+00:00, run_after=2024-07-20T00:18:11.949446+00:00
[2024-07-20T00:18:12.036+0000] {processor.py:179} INFO - Processing /home/airflow/.local/lib/python3.8/site-packages/airflow/example_dags/tutorial.py took 0.446 seconds
[2024-07-20T00:18:42.953+0000] {processor.py:157} INFO - Started process (PID=688) to work on /home/airflow/.local/lib/python3.8/site-packages/airflow/example_dags/tutorial.py
[2024-07-20T00:18:42.955+0000] {processor.py:829} INFO - Processing file /home/airflow/.local/lib/python3.8/site-packages/airflow/example_dags/tutorial.py for tasks to queue
[2024-07-20T00:18:42.958+0000] {logging_mixin.py:154} INFO - [2024-07-20T00:18:42.958+0000] {dagbag.py:536} INFO - Filling up the DagBag from /home/airflow/.local/lib/python3.8/site-packages/airflow/example_dags/tutorial.py
[2024-07-20T00:18:42.980+0000] {processor.py:839} INFO - DAG(s) dict_keys(['tutorial']) retrieved from /home/airflow/.local/lib/python3.8/site-packages/airflow/example_dags/tutorial.py
[2024-07-20T00:18:43.024+0000] {logging_mixin.py:154} INFO - [2024-07-20T00:18:43.024+0000] {dag.py:2941} INFO - Sync 1 DAGs
[2024-07-20T00:18:43.074+0000] {logging_mixin.py:154} INFO - [2024-07-20T00:18:43.073+0000] {dag.py:3722} INFO - Setting next_dagrun for tutorial to 2024-07-19T00:18:43.073590+00:00, run_after=2024-07-20T00:18:43.073590+00:00
[2024-07-20T00:18:43.103+0000] {processor.py:179} INFO - Processing /home/airflow/.local/lib/python3.8/site-packages/airflow/example_dags/tutorial.py took 0.157 seconds
[2024-07-20T00:19:14.040+0000] {processor.py:157} INFO - Started process (PID=930) to work on /home/airflow/.local/lib/python3.8/site-packages/airflow/example_dags/tutorial.py
[2024-07-20T00:19:14.053+0000] {processor.py:829} INFO - Processing file /home/airflow/.local/lib/python3.8/site-packages/airflow/example_dags/tutorial.py for tasks to queue
[2024-07-20T00:19:14.066+0000] {logging_mixin.py:154} INFO - [2024-07-20T00:19:14.065+0000] {dagbag.py:536} INFO - Filling up the DagBag from /home/airflow/.local/lib/python3.8/site-packages/airflow/example_dags/tutorial.py
[2024-07-20T00:19:14.120+0000] {processor.py:839} INFO - DAG(s) dict_keys(['tutorial']) retrieved from /home/airflow/.local/lib/python3.8/site-packages/airflow/example_dags/tutorial.py
[2024-07-20T00:19:14.285+0000] {logging_mixin.py:154} INFO - [2024-07-20T00:19:14.284+0000] {dag.py:2941} INFO - Sync 1 DAGs
[2024-07-20T00:19:14.369+0000] {logging_mixin.py:154} INFO - [2024-07-20T00:19:14.369+0000] {dag.py:3722} INFO - Setting next_dagrun for tutorial to 2024-07-19T00:19:14.369138+00:00, run_after=2024-07-20T00:19:14.369138+00:00
[2024-07-20T00:19:14.428+0000] {processor.py:179} INFO - Processing /home/airflow/.local/lib/python3.8/site-packages/airflow/example_dags/tutorial.py took 0.402 seconds
