[2024-07-20T00:17:37.588+0000] {processor.py:157} INFO - Started process (PID=170) to work on /home/airflow/.local/lib/python3.8/site-packages/airflow/example_dags/tutorial_taskflow_api.py
[2024-07-20T00:17:37.591+0000] {processor.py:829} INFO - Processing file /home/airflow/.local/lib/python3.8/site-packages/airflow/example_dags/tutorial_taskflow_api.py for tasks to queue
[2024-07-20T00:17:37.593+0000] {logging_mixin.py:154} INFO - [2024-07-20T00:17:37.592+0000] {dagbag.py:536} INFO - Filling up the DagBag from /home/airflow/.local/lib/python3.8/site-packages/airflow/example_dags/tutorial_taskflow_api.py
[2024-07-20T00:17:37.643+0000] {processor.py:839} INFO - DAG(s) dict_keys(['tutorial_taskflow_api']) retrieved from /home/airflow/.local/lib/python3.8/site-packages/airflow/example_dags/tutorial_taskflow_api.py
[2024-07-20T00:17:37.688+0000] {logging_mixin.py:154} INFO - [2024-07-20T00:17:37.687+0000] {dag.py:2941} INFO - Sync 1 DAGs
[2024-07-20T00:17:37.788+0000] {logging_mixin.py:154} INFO - [2024-07-20T00:17:37.783+0000] {dag.py:2963} INFO - Creating ORM DAG for tutorial_taskflow_api
[2024-07-20T00:17:37.798+0000] {logging_mixin.py:154} INFO - [2024-07-20T00:17:37.797+0000] {dag.py:3722} INFO - Setting next_dagrun for tutorial_taskflow_api to None, run_after=None
[2024-07-20T00:17:37.876+0000] {processor.py:179} INFO - Processing /home/airflow/.local/lib/python3.8/site-packages/airflow/example_dags/tutorial_taskflow_api.py took 0.293 seconds
[2024-07-20T00:18:08.166+0000] {processor.py:157} INFO - Started process (PID=410) to work on /home/airflow/.local/lib/python3.8/site-packages/airflow/example_dags/tutorial_taskflow_api.py
[2024-07-20T00:18:08.177+0000] {processor.py:829} INFO - Processing file /home/airflow/.local/lib/python3.8/site-packages/airflow/example_dags/tutorial_taskflow_api.py for tasks to queue
[2024-07-20T00:18:08.179+0000] {logging_mixin.py:154} INFO - [2024-07-20T00:18:08.178+0000] {dagbag.py:536} INFO - Filling up the DagBag from /home/airflow/.local/lib/python3.8/site-packages/airflow/example_dags/tutorial_taskflow_api.py
[2024-07-20T00:18:08.208+0000] {processor.py:839} INFO - DAG(s) dict_keys(['tutorial_taskflow_api']) retrieved from /home/airflow/.local/lib/python3.8/site-packages/airflow/example_dags/tutorial_taskflow_api.py
[2024-07-20T00:18:08.313+0000] {logging_mixin.py:154} INFO - [2024-07-20T00:18:08.313+0000] {dag.py:2941} INFO - Sync 1 DAGs
[2024-07-20T00:18:08.366+0000] {logging_mixin.py:154} INFO - [2024-07-20T00:18:08.366+0000] {dag.py:3722} INFO - Setting next_dagrun for tutorial_taskflow_api to None, run_after=None
[2024-07-20T00:18:08.408+0000] {processor.py:179} INFO - Processing /home/airflow/.local/lib/python3.8/site-packages/airflow/example_dags/tutorial_taskflow_api.py took 0.250 seconds
[2024-07-20T00:18:38.682+0000] {processor.py:157} INFO - Started process (PID=649) to work on /home/airflow/.local/lib/python3.8/site-packages/airflow/example_dags/tutorial_taskflow_api.py
[2024-07-20T00:18:38.685+0000] {processor.py:829} INFO - Processing file /home/airflow/.local/lib/python3.8/site-packages/airflow/example_dags/tutorial_taskflow_api.py for tasks to queue
[2024-07-20T00:18:38.688+0000] {logging_mixin.py:154} INFO - [2024-07-20T00:18:38.687+0000] {dagbag.py:536} INFO - Filling up the DagBag from /home/airflow/.local/lib/python3.8/site-packages/airflow/example_dags/tutorial_taskflow_api.py
[2024-07-20T00:18:38.717+0000] {processor.py:839} INFO - DAG(s) dict_keys(['tutorial_taskflow_api']) retrieved from /home/airflow/.local/lib/python3.8/site-packages/airflow/example_dags/tutorial_taskflow_api.py
[2024-07-20T00:18:38.833+0000] {logging_mixin.py:154} INFO - [2024-07-20T00:18:38.833+0000] {dag.py:2941} INFO - Sync 1 DAGs
[2024-07-20T00:18:38.897+0000] {logging_mixin.py:154} INFO - [2024-07-20T00:18:38.897+0000] {dag.py:3722} INFO - Setting next_dagrun for tutorial_taskflow_api to None, run_after=None
[2024-07-20T00:18:38.949+0000] {processor.py:179} INFO - Processing /home/airflow/.local/lib/python3.8/site-packages/airflow/example_dags/tutorial_taskflow_api.py took 0.286 seconds
[2024-07-20T00:19:09.915+0000] {processor.py:157} INFO - Started process (PID=898) to work on /home/airflow/.local/lib/python3.8/site-packages/airflow/example_dags/tutorial_taskflow_api.py
[2024-07-20T00:19:09.916+0000] {processor.py:829} INFO - Processing file /home/airflow/.local/lib/python3.8/site-packages/airflow/example_dags/tutorial_taskflow_api.py for tasks to queue
[2024-07-20T00:19:09.918+0000] {logging_mixin.py:154} INFO - [2024-07-20T00:19:09.918+0000] {dagbag.py:536} INFO - Filling up the DagBag from /home/airflow/.local/lib/python3.8/site-packages/airflow/example_dags/tutorial_taskflow_api.py
[2024-07-20T00:19:09.931+0000] {processor.py:839} INFO - DAG(s) dict_keys(['tutorial_taskflow_api']) retrieved from /home/airflow/.local/lib/python3.8/site-packages/airflow/example_dags/tutorial_taskflow_api.py
[2024-07-20T00:19:10.067+0000] {logging_mixin.py:154} INFO - [2024-07-20T00:19:10.067+0000] {dag.py:2941} INFO - Sync 1 DAGs
[2024-07-20T00:19:10.096+0000] {logging_mixin.py:154} INFO - [2024-07-20T00:19:10.096+0000] {dag.py:3722} INFO - Setting next_dagrun for tutorial_taskflow_api to None, run_after=None
[2024-07-20T00:19:10.143+0000] {processor.py:179} INFO - Processing /home/airflow/.local/lib/python3.8/site-packages/airflow/example_dags/tutorial_taskflow_api.py took 0.235 seconds
