[2024-07-22T15:46:30.226+0000] {taskinstance.py:1159} INFO - Dependencies all met for dep_context=non-requeueable deps ti=<TaskInstance: dag_with_postgres_operator_v02.insert_into_table manual__2024-07-22T15:46:25.202521+00:00 [queued]>
[2024-07-22T15:46:30.243+0000] {taskinstance.py:1159} INFO - Dependencies all met for dep_context=requeueable deps ti=<TaskInstance: dag_with_postgres_operator_v02.insert_into_table manual__2024-07-22T15:46:25.202521+00:00 [queued]>
[2024-07-22T15:46:30.244+0000] {taskinstance.py:1361} INFO - Starting attempt 1 of 6
[2024-07-22T15:46:30.292+0000] {taskinstance.py:1382} INFO - Executing <Task(PostgresOperator): insert_into_table> on 2024-07-22 15:46:25.202521+00:00
[2024-07-22T15:46:30.302+0000] {standard_task_runner.py:57} INFO - Started process 8313 to run task
[2024-07-22T15:46:30.314+0000] {standard_task_runner.py:84} INFO - Running: ['***', 'tasks', 'run', 'dag_with_postgres_operator_v02', 'insert_into_table', 'manual__2024-07-22T15:46:25.202521+00:00', '--job-id', '1161', '--raw', '--subdir', 'DAGS_FOLDER/dag_with_postgres_operator.py', '--cfg-path', '/tmp/tmpdslrmbq6']
[2024-07-22T15:46:30.319+0000] {standard_task_runner.py:85} INFO - Job 1161: Subtask insert_into_table
[2024-07-22T15:46:30.433+0000] {task_command.py:416} INFO - Running <TaskInstance: dag_with_postgres_operator_v02.insert_into_table manual__2024-07-22T15:46:25.202521+00:00 [running]> on host b8647d758ea8
[2024-07-22T15:46:30.720+0000] {taskinstance.py:1662} INFO - Exporting env vars: AIRFLOW_CTX_DAG_OWNER='Bowen' AIRFLOW_CTX_DAG_ID='dag_with_postgres_operator_v02' AIRFLOW_CTX_TASK_ID='insert_into_table' AIRFLOW_CTX_EXECUTION_DATE='2024-07-22T15:46:25.202521+00:00' AIRFLOW_CTX_TRY_NUMBER='1' AIRFLOW_CTX_DAG_RUN_ID='manual__2024-07-22T15:46:25.202521+00:00'
[2024-07-22T15:46:30.722+0000] {sql.py:274} INFO - Executing: 
            insert into dag_runs (dt, dag_id) values ('2024-07-22', 'dag_with_postgres_operator_v02')
        
[2024-07-22T15:46:30.740+0000] {base.py:73} INFO - Using connection ID 'postgres_localhost' for task execution.
[2024-07-22T15:46:30.757+0000] {base.py:73} INFO - Using connection ID 'postgres_localhost' for task execution.
[2024-07-22T15:46:30.777+0000] {sql.py:418} INFO - Running statement: 
            insert into dag_runs (dt, dag_id) values ('2024-07-22', 'dag_with_postgres_operator_v02')
        , parameters: None
[2024-07-22T15:46:30.811+0000] {sql.py:427} INFO - Rows affected: 1
[2024-07-22T15:46:30.838+0000] {taskinstance.py:1400} INFO - Marking task as SUCCESS. dag_id=dag_with_postgres_operator_v02, task_id=insert_into_table, execution_date=20240722T154625, start_date=20240722T154630, end_date=20240722T154630
[2024-07-22T15:46:30.919+0000] {local_task_job_runner.py:228} INFO - Task exited with return code 0
[2024-07-22T15:46:30.955+0000] {taskinstance.py:2778} INFO - 0 downstream tasks scheduled from follow-on schedule check
