[2024-07-22T15:46:26.789+0000] {taskinstance.py:1159} INFO - Dependencies all met for dep_context=non-requeueable deps ti=<TaskInstance: dag_with_postgres_operator_v02.create_postgres_table manual__2024-07-22T15:46:25.202521+00:00 [queued]>
[2024-07-22T15:46:26.832+0000] {taskinstance.py:1159} INFO - Dependencies all met for dep_context=requeueable deps ti=<TaskInstance: dag_with_postgres_operator_v02.create_postgres_table manual__2024-07-22T15:46:25.202521+00:00 [queued]>
[2024-07-22T15:46:26.834+0000] {taskinstance.py:1361} INFO - Starting attempt 1 of 6
[2024-07-22T15:46:26.877+0000] {taskinstance.py:1382} INFO - Executing <Task(PostgresOperator): create_postgres_table> on 2024-07-22 15:46:25.202521+00:00
[2024-07-22T15:46:26.892+0000] {standard_task_runner.py:57} INFO - Started process 8302 to run task
[2024-07-22T15:46:26.938+0000] {standard_task_runner.py:84} INFO - Running: ['***', 'tasks', 'run', 'dag_with_postgres_operator_v02', 'create_postgres_table', 'manual__2024-07-22T15:46:25.202521+00:00', '--job-id', '1159', '--raw', '--subdir', 'DAGS_FOLDER/dag_with_postgres_operator.py', '--cfg-path', '/tmp/tmpeaka4h62']
[2024-07-22T15:46:26.964+0000] {standard_task_runner.py:85} INFO - Job 1159: Subtask create_postgres_table
[2024-07-22T15:46:27.383+0000] {task_command.py:416} INFO - Running <TaskInstance: dag_with_postgres_operator_v02.create_postgres_table manual__2024-07-22T15:46:25.202521+00:00 [running]> on host b8647d758ea8
[2024-07-22T15:46:27.885+0000] {taskinstance.py:1662} INFO - Exporting env vars: AIRFLOW_CTX_DAG_OWNER='Bowen' AIRFLOW_CTX_DAG_ID='dag_with_postgres_operator_v02' AIRFLOW_CTX_TASK_ID='create_postgres_table' AIRFLOW_CTX_EXECUTION_DATE='2024-07-22T15:46:25.202521+00:00' AIRFLOW_CTX_TRY_NUMBER='1' AIRFLOW_CTX_DAG_RUN_ID='manual__2024-07-22T15:46:25.202521+00:00'
[2024-07-22T15:46:27.887+0000] {sql.py:274} INFO - Executing: 
            create table if not exists dag_runs (
                dt date,
                dag_id character varying,
                primary key (dt, dag_id)
            ) 
        
[2024-07-22T15:46:27.901+0000] {base.py:73} INFO - Using connection ID 'postgres_localhost' for task execution.
[2024-07-22T15:46:27.916+0000] {base.py:73} INFO - Using connection ID 'postgres_localhost' for task execution.
[2024-07-22T15:46:28.006+0000] {sql.py:418} INFO - Running statement: 
            create table if not exists dag_runs (
                dt date,
                dag_id character varying,
                primary key (dt, dag_id)
            ) 
        , parameters: None
[2024-07-22T15:46:28.054+0000] {taskinstance.py:1400} INFO - Marking task as SUCCESS. dag_id=dag_with_postgres_operator_v02, task_id=create_postgres_table, execution_date=20240722T154625, start_date=20240722T154626, end_date=20240722T154628
[2024-07-22T15:46:28.143+0000] {local_task_job_runner.py:228} INFO - Task exited with return code 0
[2024-07-22T15:46:28.184+0000] {taskinstance.py:2778} INFO - 1 downstream tasks scheduled from follow-on schedule check
