[2024-07-22T15:34:53.000+0000] {taskinstance.py:1159} INFO - Dependencies all met for dep_context=non-requeueable deps ti=<TaskInstance: dag_with_postgres_operator_v02.insert_into_table manual__2024-07-22T15:34:43.908215+00:00 [queued]>
[2024-07-22T15:34:53.057+0000] {taskinstance.py:1159} INFO - Dependencies all met for dep_context=requeueable deps ti=<TaskInstance: dag_with_postgres_operator_v02.insert_into_table manual__2024-07-22T15:34:43.908215+00:00 [queued]>
[2024-07-22T15:34:53.058+0000] {taskinstance.py:1361} INFO - Starting attempt 1 of 6
[2024-07-22T15:34:53.247+0000] {taskinstance.py:1382} INFO - Executing <Task(PostgresOperator): insert_into_table> on 2024-07-22 15:34:43.908215+00:00
[2024-07-22T15:34:53.261+0000] {standard_task_runner.py:57} INFO - Started process 7304 to run task
[2024-07-22T15:34:53.277+0000] {standard_task_runner.py:84} INFO - Running: ['***', 'tasks', 'run', 'dag_with_postgres_operator_v02', 'insert_into_table', 'manual__2024-07-22T15:34:43.908215+00:00', '--job-id', '1158', '--raw', '--subdir', 'DAGS_FOLDER/dag_with_postgres_operator.py', '--cfg-path', '/tmp/tmpmnhe2cmf']
[2024-07-22T15:34:53.285+0000] {standard_task_runner.py:85} INFO - Job 1158: Subtask insert_into_table
[2024-07-22T15:34:53.474+0000] {task_command.py:416} INFO - Running <TaskInstance: dag_with_postgres_operator_v02.insert_into_table manual__2024-07-22T15:34:43.908215+00:00 [running]> on host b8647d758ea8
[2024-07-22T15:34:53.782+0000] {taskinstance.py:1662} INFO - Exporting env vars: AIRFLOW_CTX_DAG_OWNER='Bowen' AIRFLOW_CTX_DAG_ID='dag_with_postgres_operator_v02' AIRFLOW_CTX_TASK_ID='insert_into_table' AIRFLOW_CTX_EXECUTION_DATE='2024-07-22T15:34:43.908215+00:00' AIRFLOW_CTX_TRY_NUMBER='1' AIRFLOW_CTX_DAG_RUN_ID='manual__2024-07-22T15:34:43.908215+00:00'
[2024-07-22T15:34:53.784+0000] {sql.py:274} INFO - Executing: 
            insert into dag_runs (dt, dag_id) values ('2024-07-22', 'dag_with_postgres_operator_v02')
        
[2024-07-22T15:34:53.800+0000] {base.py:73} INFO - Using connection ID 'postgres_localhost' for task execution.
[2024-07-22T15:34:53.812+0000] {base.py:73} INFO - Using connection ID 'postgres_localhost' for task execution.
[2024-07-22T15:34:53.855+0000] {sql.py:418} INFO - Running statement: 
            insert into dag_runs (dt, dag_id) values ('2024-07-22', 'dag_with_postgres_operator_v02')
        , parameters: None
[2024-07-22T15:34:53.866+0000] {sql.py:427} INFO - Rows affected: 1
[2024-07-22T15:34:53.888+0000] {taskinstance.py:1400} INFO - Marking task as SUCCESS. dag_id=dag_with_postgres_operator_v02, task_id=insert_into_table, execution_date=20240722T153443, start_date=20240722T153453, end_date=20240722T153453
[2024-07-22T15:34:53.930+0000] {local_task_job_runner.py:228} INFO - Task exited with return code 0
[2024-07-22T15:34:53.980+0000] {taskinstance.py:2778} INFO - 0 downstream tasks scheduled from follow-on schedule check
