[2024-07-20T00:48:41.751+0000] {processor.py:157} INFO - Started process (PID=641) to work on /opt/airflow/dags/my_second_dag.py
[2024-07-20T00:48:41.752+0000] {processor.py:829} INFO - Processing file /opt/airflow/dags/my_second_dag.py for tasks to queue
[2024-07-20T00:48:41.757+0000] {logging_mixin.py:154} INFO - [2024-07-20T00:48:41.756+0000] {dagbag.py:536} INFO - Filling up the DagBag from /opt/airflow/dags/my_second_dag.py
[2024-07-20T00:48:41.790+0000] {processor.py:839} INFO - DAG(s) dict_keys(['our_first_dag_v5']) retrieved from /opt/airflow/dags/my_second_dag.py
[2024-07-20T00:48:41.972+0000] {logging_mixin.py:154} INFO - [2024-07-20T00:48:41.972+0000] {manager.py:499} INFO - Created Permission View: %s
[2024-07-20T00:48:42.006+0000] {logging_mixin.py:154} INFO - [2024-07-20T00:48:42.006+0000] {manager.py:499} INFO - Created Permission View: %s
[2024-07-20T00:48:42.019+0000] {logging_mixin.py:154} INFO - [2024-07-20T00:48:42.018+0000] {manager.py:499} INFO - Created Permission View: %s
[2024-07-20T00:48:42.020+0000] {logging_mixin.py:154} INFO - [2024-07-20T00:48:42.020+0000] {dag.py:2941} INFO - Sync 1 DAGs
[2024-07-20T00:48:42.038+0000] {logging_mixin.py:154} INFO - [2024-07-20T00:48:42.038+0000] {dag.py:2963} INFO - Creating ORM DAG for our_first_dag_v5
[2024-07-20T00:48:42.056+0000] {logging_mixin.py:154} INFO - [2024-07-20T00:48:42.055+0000] {dag.py:3722} INFO - Setting next_dagrun for our_first_dag_v5 to 2021-07-30T00:00:00+00:00, run_after=2021-07-31T00:00:00+00:00
[2024-07-20T00:48:42.106+0000] {processor.py:179} INFO - Processing /opt/airflow/dags/my_second_dag.py took 0.363 seconds
[2024-07-20T00:49:12.203+0000] {processor.py:157} INFO - Started process (PID=658) to work on /opt/airflow/dags/my_second_dag.py
[2024-07-20T00:49:12.205+0000] {processor.py:829} INFO - Processing file /opt/airflow/dags/my_second_dag.py for tasks to queue
[2024-07-20T00:49:12.208+0000] {logging_mixin.py:154} INFO - [2024-07-20T00:49:12.207+0000] {dagbag.py:536} INFO - Filling up the DagBag from /opt/airflow/dags/my_second_dag.py
[2024-07-20T00:49:12.248+0000] {processor.py:839} INFO - DAG(s) dict_keys(['our_first_dag_v5']) retrieved from /opt/airflow/dags/my_second_dag.py
[2024-07-20T00:49:12.284+0000] {logging_mixin.py:154} INFO - [2024-07-20T00:49:12.284+0000] {dag.py:2941} INFO - Sync 1 DAGs
[2024-07-20T00:49:12.314+0000] {logging_mixin.py:154} INFO - [2024-07-20T00:49:12.313+0000] {dag.py:3722} INFO - Setting next_dagrun for our_first_dag_v5 to 2021-07-30T00:00:00+00:00, run_after=2021-07-31T00:00:00+00:00
[2024-07-20T00:49:12.350+0000] {processor.py:179} INFO - Processing /opt/airflow/dags/my_second_dag.py took 0.153 seconds
[2024-07-20T00:49:42.608+0000] {processor.py:157} INFO - Started process (PID=675) to work on /opt/airflow/dags/my_second_dag.py
[2024-07-20T00:49:42.611+0000] {processor.py:829} INFO - Processing file /opt/airflow/dags/my_second_dag.py for tasks to queue
[2024-07-20T00:49:42.613+0000] {logging_mixin.py:154} INFO - [2024-07-20T00:49:42.612+0000] {dagbag.py:536} INFO - Filling up the DagBag from /opt/airflow/dags/my_second_dag.py
[2024-07-20T00:49:42.656+0000] {processor.py:839} INFO - DAG(s) dict_keys(['our_first_dag_v5']) retrieved from /opt/airflow/dags/my_second_dag.py
[2024-07-20T00:49:42.693+0000] {logging_mixin.py:154} INFO - [2024-07-20T00:49:42.693+0000] {dag.py:2941} INFO - Sync 1 DAGs
[2024-07-20T00:49:42.727+0000] {logging_mixin.py:154} INFO - [2024-07-20T00:49:42.727+0000] {dag.py:3722} INFO - Setting next_dagrun for our_first_dag_v5 to 2021-07-30T00:00:00+00:00, run_after=2021-07-31T00:00:00+00:00
[2024-07-20T00:49:42.773+0000] {processor.py:179} INFO - Processing /opt/airflow/dags/my_second_dag.py took 0.170 seconds
[2024-07-20T00:50:13.077+0000] {processor.py:157} INFO - Started process (PID=692) to work on /opt/airflow/dags/my_second_dag.py
[2024-07-20T00:50:13.080+0000] {processor.py:829} INFO - Processing file /opt/airflow/dags/my_second_dag.py for tasks to queue
[2024-07-20T00:50:13.083+0000] {logging_mixin.py:154} INFO - [2024-07-20T00:50:13.082+0000] {dagbag.py:536} INFO - Filling up the DagBag from /opt/airflow/dags/my_second_dag.py
[2024-07-20T00:50:13.114+0000] {processor.py:839} INFO - DAG(s) dict_keys(['our_first_dag_v5']) retrieved from /opt/airflow/dags/my_second_dag.py
[2024-07-20T00:50:13.169+0000] {logging_mixin.py:154} INFO - [2024-07-20T00:50:13.168+0000] {dag.py:2941} INFO - Sync 1 DAGs
[2024-07-20T00:50:13.202+0000] {logging_mixin.py:154} INFO - [2024-07-20T00:50:13.202+0000] {dag.py:3722} INFO - Setting next_dagrun for our_first_dag_v5 to 2021-07-30T00:00:00+00:00, run_after=2021-07-31T00:00:00+00:00
[2024-07-20T00:50:13.227+0000] {processor.py:179} INFO - Processing /opt/airflow/dags/my_second_dag.py took 0.162 seconds
[2024-07-20T00:50:43.543+0000] {processor.py:157} INFO - Started process (PID=709) to work on /opt/airflow/dags/my_second_dag.py
[2024-07-20T00:50:43.546+0000] {processor.py:829} INFO - Processing file /opt/airflow/dags/my_second_dag.py for tasks to queue
[2024-07-20T00:50:43.548+0000] {logging_mixin.py:154} INFO - [2024-07-20T00:50:43.548+0000] {dagbag.py:536} INFO - Filling up the DagBag from /opt/airflow/dags/my_second_dag.py
[2024-07-20T00:50:43.573+0000] {processor.py:839} INFO - DAG(s) dict_keys(['our_first_dag_v5']) retrieved from /opt/airflow/dags/my_second_dag.py
[2024-07-20T00:50:43.624+0000] {logging_mixin.py:154} INFO - [2024-07-20T00:50:43.624+0000] {dag.py:2941} INFO - Sync 1 DAGs
[2024-07-20T00:50:43.656+0000] {logging_mixin.py:154} INFO - [2024-07-20T00:50:43.656+0000] {dag.py:3722} INFO - Setting next_dagrun for our_first_dag_v5 to 2021-07-30T00:00:00+00:00, run_after=2021-07-31T00:00:00+00:00
[2024-07-20T00:50:43.696+0000] {processor.py:179} INFO - Processing /opt/airflow/dags/my_second_dag.py took 0.158 seconds
[2024-07-20T00:51:13.990+0000] {processor.py:157} INFO - Started process (PID=726) to work on /opt/airflow/dags/my_second_dag.py
[2024-07-20T00:51:13.992+0000] {processor.py:829} INFO - Processing file /opt/airflow/dags/my_second_dag.py for tasks to queue
[2024-07-20T00:51:13.995+0000] {logging_mixin.py:154} INFO - [2024-07-20T00:51:13.994+0000] {dagbag.py:536} INFO - Filling up the DagBag from /opt/airflow/dags/my_second_dag.py
[2024-07-20T00:51:14.022+0000] {processor.py:839} INFO - DAG(s) dict_keys(['our_first_dag_v5']) retrieved from /opt/airflow/dags/my_second_dag.py
[2024-07-20T00:51:14.061+0000] {logging_mixin.py:154} INFO - [2024-07-20T00:51:14.060+0000] {dag.py:2941} INFO - Sync 1 DAGs
[2024-07-20T00:51:14.098+0000] {logging_mixin.py:154} INFO - [2024-07-20T00:51:14.098+0000] {dag.py:3722} INFO - Setting next_dagrun for our_first_dag_v5 to 2021-07-30T00:00:00+00:00, run_after=2021-07-31T00:00:00+00:00
[2024-07-20T00:51:14.124+0000] {processor.py:179} INFO - Processing /opt/airflow/dags/my_second_dag.py took 0.141 seconds
[2024-07-20T00:51:44.556+0000] {processor.py:157} INFO - Started process (PID=743) to work on /opt/airflow/dags/my_second_dag.py
[2024-07-20T00:51:44.558+0000] {processor.py:829} INFO - Processing file /opt/airflow/dags/my_second_dag.py for tasks to queue
[2024-07-20T00:51:44.567+0000] {logging_mixin.py:154} INFO - [2024-07-20T00:51:44.567+0000] {dagbag.py:536} INFO - Filling up the DagBag from /opt/airflow/dags/my_second_dag.py
[2024-07-20T00:51:44.650+0000] {processor.py:839} INFO - DAG(s) dict_keys(['our_first_dag_v5']) retrieved from /opt/airflow/dags/my_second_dag.py
[2024-07-20T00:51:44.733+0000] {logging_mixin.py:154} INFO - [2024-07-20T00:51:44.733+0000] {dag.py:2941} INFO - Sync 1 DAGs
[2024-07-20T00:51:44.763+0000] {logging_mixin.py:154} INFO - [2024-07-20T00:51:44.762+0000] {dag.py:3722} INFO - Setting next_dagrun for our_first_dag_v5 to 2021-07-30T00:00:00+00:00, run_after=2021-07-31T00:00:00+00:00
[2024-07-20T00:51:44.812+0000] {processor.py:179} INFO - Processing /opt/airflow/dags/my_second_dag.py took 0.270 seconds
[2024-07-20T00:52:16.752+0000] {processor.py:157} INFO - Started process (PID=807) to work on /opt/airflow/dags/my_second_dag.py
[2024-07-20T00:52:16.846+0000] {processor.py:829} INFO - Processing file /opt/airflow/dags/my_second_dag.py for tasks to queue
[2024-07-20T00:52:16.859+0000] {logging_mixin.py:154} INFO - [2024-07-20T00:52:16.857+0000] {dagbag.py:536} INFO - Filling up the DagBag from /opt/airflow/dags/my_second_dag.py
[2024-07-20T00:52:17.646+0000] {processor.py:839} INFO - DAG(s) dict_keys(['our_first_dag_v5']) retrieved from /opt/airflow/dags/my_second_dag.py
[2024-07-20T00:52:18.104+0000] {logging_mixin.py:154} INFO - [2024-07-20T00:52:18.104+0000] {dag.py:2941} INFO - Sync 1 DAGs
[2024-07-20T00:52:19.101+0000] {logging_mixin.py:154} INFO - [2024-07-20T00:52:19.091+0000] {dag.py:3722} INFO - Setting next_dagrun for our_first_dag_v5 to 2021-08-11T00:00:00+00:00, run_after=2021-08-12T00:00:00+00:00
[2024-07-20T00:52:19.730+0000] {processor.py:179} INFO - Processing /opt/airflow/dags/my_second_dag.py took 3.100 seconds
[2024-07-20T00:52:51.294+0000] {processor.py:157} INFO - Started process (PID=936) to work on /opt/airflow/dags/my_second_dag.py
[2024-07-20T00:52:51.366+0000] {processor.py:829} INFO - Processing file /opt/airflow/dags/my_second_dag.py for tasks to queue
[2024-07-20T00:52:51.372+0000] {logging_mixin.py:154} INFO - [2024-07-20T00:52:51.371+0000] {dagbag.py:536} INFO - Filling up the DagBag from /opt/airflow/dags/my_second_dag.py
[2024-07-20T00:52:52.389+0000] {processor.py:839} INFO - DAG(s) dict_keys(['our_first_dag_v5']) retrieved from /opt/airflow/dags/my_second_dag.py
[2024-07-20T00:52:53.551+0000] {logging_mixin.py:154} INFO - [2024-07-20T00:52:53.550+0000] {dag.py:2941} INFO - Sync 1 DAGs
[2024-07-20T00:52:54.652+0000] {logging_mixin.py:154} INFO - [2024-07-20T00:52:54.652+0000] {dag.py:3722} INFO - Setting next_dagrun for our_first_dag_v5 to 2021-08-23T00:00:00+00:00, run_after=2021-08-24T00:00:00+00:00
[2024-07-20T00:52:55.584+0000] {processor.py:179} INFO - Processing /opt/airflow/dags/my_second_dag.py took 4.542 seconds
[2024-07-20T00:53:26.720+0000] {processor.py:157} INFO - Started process (PID=1064) to work on /opt/airflow/dags/my_second_dag.py
[2024-07-20T00:53:26.770+0000] {processor.py:829} INFO - Processing file /opt/airflow/dags/my_second_dag.py for tasks to queue
[2024-07-20T00:53:26.802+0000] {logging_mixin.py:154} INFO - [2024-07-20T00:53:26.802+0000] {dagbag.py:536} INFO - Filling up the DagBag from /opt/airflow/dags/my_second_dag.py
[2024-07-20T00:53:27.337+0000] {processor.py:839} INFO - DAG(s) dict_keys(['our_first_dag_v5']) retrieved from /opt/airflow/dags/my_second_dag.py
[2024-07-20T00:53:28.058+0000] {logging_mixin.py:154} INFO - [2024-07-20T00:53:28.058+0000] {dag.py:2941} INFO - Sync 1 DAGs
[2024-07-20T00:53:30.348+0000] {logging_mixin.py:154} INFO - [2024-07-20T00:53:30.348+0000] {dag.py:3722} INFO - Setting next_dagrun for our_first_dag_v5 to 2021-09-03T00:00:00+00:00, run_after=2021-09-04T00:00:00+00:00
[2024-07-20T00:53:30.845+0000] {processor.py:179} INFO - Processing /opt/airflow/dags/my_second_dag.py took 4.219 seconds
[2024-07-20T13:22:13.358+0000] {processor.py:157} INFO - Started process (PID=168) to work on /opt/airflow/dags/my_second_dag.py
[2024-07-20T13:22:13.365+0000] {processor.py:829} INFO - Processing file /opt/airflow/dags/my_second_dag.py for tasks to queue
[2024-07-20T13:22:13.394+0000] {logging_mixin.py:154} INFO - [2024-07-20T13:22:13.393+0000] {dagbag.py:536} INFO - Filling up the DagBag from /opt/airflow/dags/my_second_dag.py
[2024-07-20T13:22:13.727+0000] {processor.py:839} INFO - DAG(s) dict_keys(['our_first_dag_v5']) retrieved from /opt/airflow/dags/my_second_dag.py
[2024-07-20T13:22:15.569+0000] {logging_mixin.py:154} INFO - [2024-07-20T13:22:15.569+0000] {dag.py:2941} INFO - Sync 1 DAGs
[2024-07-20T13:22:19.030+0000] {logging_mixin.py:154} INFO - [2024-07-20T13:22:19.030+0000] {dag.py:3722} INFO - Setting next_dagrun for our_first_dag_v5 to 2021-09-05T00:00:00+00:00, run_after=2021-09-06T00:00:00+00:00
[2024-07-20T13:22:20.776+0000] {processor.py:179} INFO - Processing /opt/airflow/dags/my_second_dag.py took 7.617 seconds
[2024-07-20T13:22:51.376+0000] {processor.py:157} INFO - Started process (PID=242) to work on /opt/airflow/dags/my_second_dag.py
[2024-07-20T13:22:51.399+0000] {processor.py:829} INFO - Processing file /opt/airflow/dags/my_second_dag.py for tasks to queue
[2024-07-20T13:22:51.432+0000] {logging_mixin.py:154} INFO - [2024-07-20T13:22:51.426+0000] {dagbag.py:536} INFO - Filling up the DagBag from /opt/airflow/dags/my_second_dag.py
[2024-07-20T13:22:51.785+0000] {processor.py:839} INFO - DAG(s) dict_keys(['our_first_dag_v5']) retrieved from /opt/airflow/dags/my_second_dag.py
[2024-07-20T13:22:52.761+0000] {logging_mixin.py:154} INFO - [2024-07-20T13:22:52.749+0000] {dag.py:2941} INFO - Sync 1 DAGs
[2024-07-20T13:22:54.071+0000] {logging_mixin.py:154} INFO - [2024-07-20T13:22:54.071+0000] {dag.py:3722} INFO - Setting next_dagrun for our_first_dag_v5 to 2021-09-10T00:00:00+00:00, run_after=2021-09-11T00:00:00+00:00
[2024-07-20T13:22:55.146+0000] {processor.py:179} INFO - Processing /opt/airflow/dags/my_second_dag.py took 3.837 seconds
[2024-07-20T13:23:26.316+0000] {processor.py:157} INFO - Started process (PID=332) to work on /opt/airflow/dags/my_second_dag.py
[2024-07-20T13:23:26.385+0000] {processor.py:829} INFO - Processing file /opt/airflow/dags/my_second_dag.py for tasks to queue
[2024-07-20T13:23:26.439+0000] {logging_mixin.py:154} INFO - [2024-07-20T13:23:26.423+0000] {dagbag.py:536} INFO - Filling up the DagBag from /opt/airflow/dags/my_second_dag.py
[2024-07-20T13:23:28.158+0000] {processor.py:839} INFO - DAG(s) dict_keys(['our_first_dag_v5']) retrieved from /opt/airflow/dags/my_second_dag.py
[2024-07-20T13:23:30.618+0000] {logging_mixin.py:154} INFO - [2024-07-20T13:23:30.611+0000] {dag.py:2941} INFO - Sync 1 DAGs
[2024-07-20T13:23:35.675+0000] {logging_mixin.py:154} INFO - [2024-07-20T13:23:35.674+0000] {dag.py:3722} INFO - Setting next_dagrun for our_first_dag_v5 to 2021-09-20T00:00:00+00:00, run_after=2021-09-21T00:00:00+00:00
[2024-07-20T13:23:36.511+0000] {processor.py:179} INFO - Processing /opt/airflow/dags/my_second_dag.py took 10.329 seconds
[2024-07-20T13:24:08.359+0000] {processor.py:157} INFO - Started process (PID=450) to work on /opt/airflow/dags/my_second_dag.py
[2024-07-20T13:24:08.381+0000] {processor.py:829} INFO - Processing file /opt/airflow/dags/my_second_dag.py for tasks to queue
[2024-07-20T13:24:08.495+0000] {logging_mixin.py:154} INFO - [2024-07-20T13:24:08.495+0000] {dagbag.py:536} INFO - Filling up the DagBag from /opt/airflow/dags/my_second_dag.py
[2024-07-20T13:24:08.944+0000] {processor.py:839} INFO - DAG(s) dict_keys(['our_first_dag_v5']) retrieved from /opt/airflow/dags/my_second_dag.py
[2024-07-20T13:24:09.616+0000] {logging_mixin.py:154} INFO - [2024-07-20T13:24:09.615+0000] {dag.py:2941} INFO - Sync 1 DAGs
[2024-07-20T13:24:13.867+0000] {logging_mixin.py:154} INFO - [2024-07-20T13:24:13.867+0000] {dag.py:3722} INFO - Setting next_dagrun for our_first_dag_v5 to 2021-10-02T00:00:00+00:00, run_after=2021-10-03T00:00:00+00:00
[2024-07-20T13:24:15.075+0000] {processor.py:179} INFO - Processing /opt/airflow/dags/my_second_dag.py took 6.799 seconds
[2024-07-20T13:24:48.430+0000] {processor.py:157} INFO - Started process (PID=581) to work on /opt/airflow/dags/my_second_dag.py
[2024-07-20T13:24:48.586+0000] {processor.py:829} INFO - Processing file /opt/airflow/dags/my_second_dag.py for tasks to queue
[2024-07-20T13:24:48.869+0000] {logging_mixin.py:154} INFO - [2024-07-20T13:24:48.866+0000] {dagbag.py:536} INFO - Filling up the DagBag from /opt/airflow/dags/my_second_dag.py
[2024-07-20T13:24:50.323+0000] {processor.py:839} INFO - DAG(s) dict_keys(['our_first_dag_v5']) retrieved from /opt/airflow/dags/my_second_dag.py
[2024-07-20T13:24:51.828+0000] {logging_mixin.py:154} INFO - [2024-07-20T13:24:51.827+0000] {dag.py:2941} INFO - Sync 1 DAGs
[2024-07-20T13:24:54.689+0000] {logging_mixin.py:154} INFO - [2024-07-20T13:24:54.689+0000] {dag.py:3722} INFO - Setting next_dagrun for our_first_dag_v5 to 2021-10-13T00:00:00+00:00, run_after=2021-10-14T00:00:00+00:00
[2024-07-20T13:24:55.485+0000] {processor.py:179} INFO - Processing /opt/airflow/dags/my_second_dag.py took 7.273 seconds
[2024-07-20T13:25:26.613+0000] {processor.py:157} INFO - Started process (PID=723) to work on /opt/airflow/dags/my_second_dag.py
[2024-07-20T13:25:26.631+0000] {processor.py:829} INFO - Processing file /opt/airflow/dags/my_second_dag.py for tasks to queue
[2024-07-20T13:25:26.647+0000] {logging_mixin.py:154} INFO - [2024-07-20T13:25:26.640+0000] {dagbag.py:536} INFO - Filling up the DagBag from /opt/airflow/dags/my_second_dag.py
[2024-07-20T13:25:27.301+0000] {processor.py:839} INFO - DAG(s) dict_keys(['our_first_dag_v5']) retrieved from /opt/airflow/dags/my_second_dag.py
[2024-07-20T13:25:27.876+0000] {logging_mixin.py:154} INFO - [2024-07-20T13:25:27.876+0000] {dag.py:2941} INFO - Sync 1 DAGs
[2024-07-20T13:25:29.399+0000] {logging_mixin.py:154} INFO - [2024-07-20T13:25:29.399+0000] {dag.py:3722} INFO - Setting next_dagrun for our_first_dag_v5 to 2021-10-26T00:00:00+00:00, run_after=2021-10-27T00:00:00+00:00
[2024-07-20T13:25:30.046+0000] {processor.py:179} INFO - Processing /opt/airflow/dags/my_second_dag.py took 3.507 seconds
[2024-07-20T13:26:01.116+0000] {processor.py:157} INFO - Started process (PID=857) to work on /opt/airflow/dags/my_second_dag.py
[2024-07-20T13:26:01.161+0000] {processor.py:829} INFO - Processing file /opt/airflow/dags/my_second_dag.py for tasks to queue
[2024-07-20T13:26:01.179+0000] {logging_mixin.py:154} INFO - [2024-07-20T13:26:01.179+0000] {dagbag.py:536} INFO - Filling up the DagBag from /opt/airflow/dags/my_second_dag.py
[2024-07-20T13:26:01.510+0000] {processor.py:839} INFO - DAG(s) dict_keys(['our_first_dag_v5']) retrieved from /opt/airflow/dags/my_second_dag.py
[2024-07-20T13:26:02.502+0000] {logging_mixin.py:154} INFO - [2024-07-20T13:26:02.502+0000] {dag.py:2941} INFO - Sync 1 DAGs
[2024-07-20T13:26:03.269+0000] {logging_mixin.py:154} INFO - [2024-07-20T13:26:03.268+0000] {dag.py:3722} INFO - Setting next_dagrun for our_first_dag_v5 to 2021-11-09T00:00:00+00:00, run_after=2021-11-10T00:00:00+00:00
[2024-07-20T13:26:04.140+0000] {processor.py:179} INFO - Processing /opt/airflow/dags/my_second_dag.py took 3.045 seconds
[2024-07-20T13:26:34.662+0000] {processor.py:157} INFO - Started process (PID=968) to work on /opt/airflow/dags/my_second_dag.py
[2024-07-20T13:26:34.703+0000] {processor.py:829} INFO - Processing file /opt/airflow/dags/my_second_dag.py for tasks to queue
[2024-07-20T13:26:34.710+0000] {logging_mixin.py:154} INFO - [2024-07-20T13:26:34.710+0000] {dagbag.py:536} INFO - Filling up the DagBag from /opt/airflow/dags/my_second_dag.py
[2024-07-20T13:26:35.025+0000] {processor.py:839} INFO - DAG(s) dict_keys(['our_first_dag_v5']) retrieved from /opt/airflow/dags/my_second_dag.py
[2024-07-20T13:26:35.446+0000] {logging_mixin.py:154} INFO - [2024-07-20T13:26:35.439+0000] {dag.py:2941} INFO - Sync 1 DAGs
[2024-07-20T13:26:37.135+0000] {logging_mixin.py:154} INFO - [2024-07-20T13:26:37.134+0000] {dag.py:3722} INFO - Setting next_dagrun for our_first_dag_v5 to 2021-11-19T00:00:00+00:00, run_after=2021-11-20T00:00:00+00:00
[2024-07-20T13:26:37.596+0000] {processor.py:179} INFO - Processing /opt/airflow/dags/my_second_dag.py took 3.021 seconds
[2024-07-20T13:27:08.961+0000] {processor.py:157} INFO - Started process (PID=1093) to work on /opt/airflow/dags/my_second_dag.py
[2024-07-20T13:27:08.987+0000] {processor.py:829} INFO - Processing file /opt/airflow/dags/my_second_dag.py for tasks to queue
[2024-07-20T13:27:09.954+0000] {logging_mixin.py:154} INFO - [2024-07-20T13:27:09.948+0000] {dagbag.py:536} INFO - Filling up the DagBag from /opt/airflow/dags/my_second_dag.py
[2024-07-20T13:27:10.447+0000] {processor.py:839} INFO - DAG(s) dict_keys(['our_first_dag_v5']) retrieved from /opt/airflow/dags/my_second_dag.py
[2024-07-20T13:27:10.960+0000] {logging_mixin.py:154} INFO - [2024-07-20T13:27:10.959+0000] {dag.py:2941} INFO - Sync 1 DAGs
[2024-07-20T13:27:13.155+0000] {logging_mixin.py:154} INFO - [2024-07-20T13:27:13.134+0000] {dag.py:3722} INFO - Setting next_dagrun for our_first_dag_v5 to 2021-12-02T00:00:00+00:00, run_after=2021-12-03T00:00:00+00:00
[2024-07-20T13:27:13.856+0000] {processor.py:179} INFO - Processing /opt/airflow/dags/my_second_dag.py took 4.929 seconds
[2024-07-20T13:27:44.563+0000] {processor.py:157} INFO - Started process (PID=1231) to work on /opt/airflow/dags/my_second_dag.py
[2024-07-20T13:27:44.572+0000] {processor.py:829} INFO - Processing file /opt/airflow/dags/my_second_dag.py for tasks to queue
[2024-07-20T13:27:44.579+0000] {logging_mixin.py:154} INFO - [2024-07-20T13:27:44.579+0000] {dagbag.py:536} INFO - Filling up the DagBag from /opt/airflow/dags/my_second_dag.py
[2024-07-20T13:27:44.846+0000] {processor.py:839} INFO - DAG(s) dict_keys(['our_first_dag_v5']) retrieved from /opt/airflow/dags/my_second_dag.py
[2024-07-20T13:27:45.473+0000] {logging_mixin.py:154} INFO - [2024-07-20T13:27:45.472+0000] {dag.py:2941} INFO - Sync 1 DAGs
[2024-07-20T13:27:46.564+0000] {logging_mixin.py:154} INFO - [2024-07-20T13:27:46.564+0000] {dag.py:3722} INFO - Setting next_dagrun for our_first_dag_v5 to 2021-12-13T00:00:00+00:00, run_after=2021-12-14T00:00:00+00:00
[2024-07-20T13:27:47.064+0000] {processor.py:179} INFO - Processing /opt/airflow/dags/my_second_dag.py took 2.830 seconds
[2024-07-20T13:28:17.845+0000] {processor.py:157} INFO - Started process (PID=1388) to work on /opt/airflow/dags/my_second_dag.py
[2024-07-20T13:28:17.848+0000] {processor.py:829} INFO - Processing file /opt/airflow/dags/my_second_dag.py for tasks to queue
[2024-07-20T13:28:17.850+0000] {logging_mixin.py:154} INFO - [2024-07-20T13:28:17.849+0000] {dagbag.py:536} INFO - Filling up the DagBag from /opt/airflow/dags/my_second_dag.py
[2024-07-20T13:28:17.885+0000] {processor.py:839} INFO - DAG(s) dict_keys(['our_first_dag_v5']) retrieved from /opt/airflow/dags/my_second_dag.py
[2024-07-20T13:28:17.944+0000] {logging_mixin.py:154} INFO - [2024-07-20T13:28:17.944+0000] {dag.py:2941} INFO - Sync 1 DAGs
[2024-07-20T13:28:18.000+0000] {logging_mixin.py:154} INFO - [2024-07-20T13:28:18.000+0000] {dag.py:3722} INFO - Setting next_dagrun for our_first_dag_v5 to 2021-12-23T00:00:00+00:00, run_after=2021-12-24T00:00:00+00:00
[2024-07-20T13:28:18.028+0000] {processor.py:179} INFO - Processing /opt/airflow/dags/my_second_dag.py took 0.189 seconds
[2024-07-20T13:28:48.580+0000] {processor.py:157} INFO - Started process (PID=1511) to work on /opt/airflow/dags/my_second_dag.py
[2024-07-20T13:28:48.593+0000] {processor.py:829} INFO - Processing file /opt/airflow/dags/my_second_dag.py for tasks to queue
[2024-07-20T13:28:48.596+0000] {logging_mixin.py:154} INFO - [2024-07-20T13:28:48.596+0000] {dagbag.py:536} INFO - Filling up the DagBag from /opt/airflow/dags/my_second_dag.py
[2024-07-20T13:28:48.658+0000] {processor.py:839} INFO - DAG(s) dict_keys(['our_first_dag_v5']) retrieved from /opt/airflow/dags/my_second_dag.py
[2024-07-20T13:28:48.738+0000] {logging_mixin.py:154} INFO - [2024-07-20T13:28:48.737+0000] {dag.py:2941} INFO - Sync 1 DAGs
[2024-07-20T13:28:48.800+0000] {logging_mixin.py:154} INFO - [2024-07-20T13:28:48.800+0000] {dag.py:3722} INFO - Setting next_dagrun for our_first_dag_v5 to 2022-01-04T00:00:00+00:00, run_after=2022-01-05T00:00:00+00:00
[2024-07-20T13:28:48.864+0000] {processor.py:179} INFO - Processing /opt/airflow/dags/my_second_dag.py took 0.292 seconds
[2024-07-20T13:29:19.736+0000] {processor.py:157} INFO - Started process (PID=1609) to work on /opt/airflow/dags/my_second_dag.py
[2024-07-20T13:29:19.739+0000] {processor.py:829} INFO - Processing file /opt/airflow/dags/my_second_dag.py for tasks to queue
[2024-07-20T13:29:19.742+0000] {logging_mixin.py:154} INFO - [2024-07-20T13:29:19.741+0000] {dagbag.py:536} INFO - Filling up the DagBag from /opt/airflow/dags/my_second_dag.py
[2024-07-20T13:29:19.774+0000] {processor.py:839} INFO - DAG(s) dict_keys(['our_first_dag_v5']) retrieved from /opt/airflow/dags/my_second_dag.py
[2024-07-20T13:29:19.855+0000] {logging_mixin.py:154} INFO - [2024-07-20T13:29:19.855+0000] {dag.py:2941} INFO - Sync 1 DAGs
[2024-07-20T13:29:19.898+0000] {logging_mixin.py:154} INFO - [2024-07-20T13:29:19.897+0000] {dag.py:3722} INFO - Setting next_dagrun for our_first_dag_v5 to 2022-01-13T00:00:00+00:00, run_after=2022-01-14T00:00:00+00:00
[2024-07-20T13:29:19.939+0000] {processor.py:179} INFO - Processing /opt/airflow/dags/my_second_dag.py took 0.231 seconds
[2024-07-20T13:29:50.732+0000] {processor.py:157} INFO - Started process (PID=1743) to work on /opt/airflow/dags/my_second_dag.py
[2024-07-20T13:29:50.852+0000] {processor.py:829} INFO - Processing file /opt/airflow/dags/my_second_dag.py for tasks to queue
[2024-07-20T13:29:50.903+0000] {logging_mixin.py:154} INFO - [2024-07-20T13:29:50.902+0000] {dagbag.py:536} INFO - Filling up the DagBag from /opt/airflow/dags/my_second_dag.py
[2024-07-20T13:29:51.221+0000] {processor.py:839} INFO - DAG(s) dict_keys(['our_first_dag_v5']) retrieved from /opt/airflow/dags/my_second_dag.py
[2024-07-20T13:29:51.616+0000] {logging_mixin.py:154} INFO - [2024-07-20T13:29:51.616+0000] {dag.py:2941} INFO - Sync 1 DAGs
[2024-07-20T13:29:52.931+0000] {logging_mixin.py:154} INFO - [2024-07-20T13:29:52.931+0000] {dag.py:3722} INFO - Setting next_dagrun for our_first_dag_v5 to 2022-02-02T00:00:00+00:00, run_after=2022-02-03T00:00:00+00:00
[2024-07-20T13:29:53.566+0000] {processor.py:179} INFO - Processing /opt/airflow/dags/my_second_dag.py took 2.884 seconds
[2024-07-20T13:30:24.121+0000] {processor.py:157} INFO - Started process (PID=1877) to work on /opt/airflow/dags/my_second_dag.py
[2024-07-20T13:30:24.127+0000] {processor.py:829} INFO - Processing file /opt/airflow/dags/my_second_dag.py for tasks to queue
[2024-07-20T13:30:24.130+0000] {logging_mixin.py:154} INFO - [2024-07-20T13:30:24.129+0000] {dagbag.py:536} INFO - Filling up the DagBag from /opt/airflow/dags/my_second_dag.py
[2024-07-20T13:30:24.434+0000] {processor.py:839} INFO - DAG(s) dict_keys(['our_first_dag_v5']) retrieved from /opt/airflow/dags/my_second_dag.py
[2024-07-20T13:30:25.138+0000] {logging_mixin.py:154} INFO - [2024-07-20T13:30:25.135+0000] {dag.py:2941} INFO - Sync 1 DAGs
[2024-07-20T13:30:26.148+0000] {logging_mixin.py:154} INFO - [2024-07-20T13:30:26.148+0000] {dag.py:3722} INFO - Setting next_dagrun for our_first_dag_v5 to 2022-02-15T00:00:00+00:00, run_after=2022-02-16T00:00:00+00:00
[2024-07-20T13:30:26.652+0000] {processor.py:179} INFO - Processing /opt/airflow/dags/my_second_dag.py took 2.562 seconds
[2024-07-20T13:30:57.133+0000] {processor.py:157} INFO - Started process (PID=2013) to work on /opt/airflow/dags/my_second_dag.py
[2024-07-20T13:30:57.144+0000] {processor.py:829} INFO - Processing file /opt/airflow/dags/my_second_dag.py for tasks to queue
[2024-07-20T13:30:57.155+0000] {logging_mixin.py:154} INFO - [2024-07-20T13:30:57.154+0000] {dagbag.py:536} INFO - Filling up the DagBag from /opt/airflow/dags/my_second_dag.py
[2024-07-20T13:30:57.730+0000] {processor.py:839} INFO - DAG(s) dict_keys(['our_first_dag_v5']) retrieved from /opt/airflow/dags/my_second_dag.py
[2024-07-20T13:30:57.965+0000] {logging_mixin.py:154} INFO - [2024-07-20T13:30:57.964+0000] {dag.py:2941} INFO - Sync 1 DAGs
[2024-07-20T13:30:58.995+0000] {logging_mixin.py:154} INFO - [2024-07-20T13:30:58.995+0000] {dag.py:3722} INFO - Setting next_dagrun for our_first_dag_v5 to 2022-02-25T00:00:00+00:00, run_after=2022-02-26T00:00:00+00:00
[2024-07-20T13:30:59.361+0000] {processor.py:179} INFO - Processing /opt/airflow/dags/my_second_dag.py took 2.316 seconds
[2024-07-20T13:31:29.986+0000] {processor.py:157} INFO - Started process (PID=2143) to work on /opt/airflow/dags/my_second_dag.py
[2024-07-20T13:31:30.015+0000] {processor.py:829} INFO - Processing file /opt/airflow/dags/my_second_dag.py for tasks to queue
[2024-07-20T13:31:30.021+0000] {logging_mixin.py:154} INFO - [2024-07-20T13:31:30.020+0000] {dagbag.py:536} INFO - Filling up the DagBag from /opt/airflow/dags/my_second_dag.py
[2024-07-20T13:31:30.789+0000] {processor.py:839} INFO - DAG(s) dict_keys(['our_first_dag_v5']) retrieved from /opt/airflow/dags/my_second_dag.py
[2024-07-20T13:31:31.220+0000] {logging_mixin.py:154} INFO - [2024-07-20T13:31:31.220+0000] {dag.py:2941} INFO - Sync 1 DAGs
[2024-07-20T13:31:32.264+0000] {logging_mixin.py:154} INFO - [2024-07-20T13:31:32.264+0000] {dag.py:3722} INFO - Setting next_dagrun for our_first_dag_v5 to 2022-03-10T00:00:00+00:00, run_after=2022-03-11T00:00:00+00:00
[2024-07-20T13:31:32.750+0000] {processor.py:179} INFO - Processing /opt/airflow/dags/my_second_dag.py took 2.981 seconds
[2024-07-20T13:32:03.093+0000] {processor.py:157} INFO - Started process (PID=2283) to work on /opt/airflow/dags/my_second_dag.py
[2024-07-20T13:32:03.105+0000] {processor.py:829} INFO - Processing file /opt/airflow/dags/my_second_dag.py for tasks to queue
[2024-07-20T13:32:03.113+0000] {logging_mixin.py:154} INFO - [2024-07-20T13:32:03.113+0000] {dagbag.py:536} INFO - Filling up the DagBag from /opt/airflow/dags/my_second_dag.py
[2024-07-20T13:32:03.292+0000] {processor.py:839} INFO - DAG(s) dict_keys(['our_first_dag_v5']) retrieved from /opt/airflow/dags/my_second_dag.py
[2024-07-20T13:32:03.475+0000] {logging_mixin.py:154} INFO - [2024-07-20T13:32:03.475+0000] {dag.py:2941} INFO - Sync 1 DAGs
[2024-07-20T13:32:03.719+0000] {logging_mixin.py:154} INFO - [2024-07-20T13:32:03.718+0000] {dag.py:3722} INFO - Setting next_dagrun for our_first_dag_v5 to 2022-03-20T00:00:00+00:00, run_after=2022-03-21T00:00:00+00:00
[2024-07-20T13:32:03.776+0000] {processor.py:179} INFO - Processing /opt/airflow/dags/my_second_dag.py took 0.765 seconds
[2024-07-20T13:32:35.406+0000] {processor.py:157} INFO - Started process (PID=2412) to work on /opt/airflow/dags/my_second_dag.py
[2024-07-20T13:32:35.411+0000] {processor.py:829} INFO - Processing file /opt/airflow/dags/my_second_dag.py for tasks to queue
[2024-07-20T13:32:35.450+0000] {logging_mixin.py:154} INFO - [2024-07-20T13:32:35.449+0000] {dagbag.py:536} INFO - Filling up the DagBag from /opt/airflow/dags/my_second_dag.py
[2024-07-20T13:32:36.570+0000] {processor.py:839} INFO - DAG(s) dict_keys(['our_first_dag_v5']) retrieved from /opt/airflow/dags/my_second_dag.py
[2024-07-20T13:32:36.862+0000] {logging_mixin.py:154} INFO - [2024-07-20T13:32:36.861+0000] {dag.py:2941} INFO - Sync 1 DAGs
[2024-07-20T13:32:37.553+0000] {logging_mixin.py:154} INFO - [2024-07-20T13:32:37.553+0000] {dag.py:3722} INFO - Setting next_dagrun for our_first_dag_v5 to 2022-04-09T00:00:00+00:00, run_after=2022-04-10T00:00:00+00:00
[2024-07-20T13:32:38.193+0000] {processor.py:179} INFO - Processing /opt/airflow/dags/my_second_dag.py took 2.797 seconds
[2024-07-20T13:33:09.398+0000] {processor.py:157} INFO - Started process (PID=2564) to work on /opt/airflow/dags/my_second_dag.py
[2024-07-20T13:33:09.438+0000] {processor.py:829} INFO - Processing file /opt/airflow/dags/my_second_dag.py for tasks to queue
[2024-07-20T13:33:09.451+0000] {logging_mixin.py:154} INFO - [2024-07-20T13:33:09.446+0000] {dagbag.py:536} INFO - Filling up the DagBag from /opt/airflow/dags/my_second_dag.py
[2024-07-20T13:33:10.408+0000] {processor.py:839} INFO - DAG(s) dict_keys(['our_first_dag_v5']) retrieved from /opt/airflow/dags/my_second_dag.py
[2024-07-20T13:33:10.826+0000] {logging_mixin.py:154} INFO - [2024-07-20T13:33:10.826+0000] {dag.py:2941} INFO - Sync 1 DAGs
[2024-07-20T13:33:11.761+0000] {logging_mixin.py:154} INFO - [2024-07-20T13:33:11.731+0000] {dag.py:3722} INFO - Setting next_dagrun for our_first_dag_v5 to 2022-04-20T00:00:00+00:00, run_after=2022-04-21T00:00:00+00:00
[2024-07-20T13:33:12.299+0000] {processor.py:179} INFO - Processing /opt/airflow/dags/my_second_dag.py took 2.936 seconds
[2024-07-20T13:33:42.939+0000] {processor.py:157} INFO - Started process (PID=2702) to work on /opt/airflow/dags/my_second_dag.py
[2024-07-20T13:33:42.949+0000] {processor.py:829} INFO - Processing file /opt/airflow/dags/my_second_dag.py for tasks to queue
[2024-07-20T13:33:42.956+0000] {logging_mixin.py:154} INFO - [2024-07-20T13:33:42.956+0000] {dagbag.py:536} INFO - Filling up the DagBag from /opt/airflow/dags/my_second_dag.py
[2024-07-20T13:33:43.145+0000] {processor.py:839} INFO - DAG(s) dict_keys(['our_first_dag_v5']) retrieved from /opt/airflow/dags/my_second_dag.py
[2024-07-20T13:33:43.335+0000] {logging_mixin.py:154} INFO - [2024-07-20T13:33:43.333+0000] {dag.py:2941} INFO - Sync 1 DAGs
[2024-07-20T13:33:44.050+0000] {logging_mixin.py:154} INFO - [2024-07-20T13:33:44.049+0000] {dag.py:3722} INFO - Setting next_dagrun for our_first_dag_v5 to 2022-05-05T00:00:00+00:00, run_after=2022-05-06T00:00:00+00:00
[2024-07-20T13:33:44.290+0000] {processor.py:179} INFO - Processing /opt/airflow/dags/my_second_dag.py took 1.432 seconds
[2024-07-20T13:34:14.966+0000] {processor.py:157} INFO - Started process (PID=2857) to work on /opt/airflow/dags/my_second_dag.py
[2024-07-20T13:34:14.980+0000] {processor.py:829} INFO - Processing file /opt/airflow/dags/my_second_dag.py for tasks to queue
[2024-07-20T13:34:14.985+0000] {logging_mixin.py:154} INFO - [2024-07-20T13:34:14.983+0000] {dagbag.py:536} INFO - Filling up the DagBag from /opt/airflow/dags/my_second_dag.py
[2024-07-20T13:34:15.280+0000] {processor.py:839} INFO - DAG(s) dict_keys(['our_first_dag_v5']) retrieved from /opt/airflow/dags/my_second_dag.py
[2024-07-20T13:34:16.044+0000] {logging_mixin.py:154} INFO - [2024-07-20T13:34:16.038+0000] {dag.py:2941} INFO - Sync 1 DAGs
[2024-07-20T13:34:16.369+0000] {logging_mixin.py:154} INFO - [2024-07-20T13:34:16.349+0000] {dag.py:3722} INFO - Setting next_dagrun for our_first_dag_v5 to 2022-05-22T00:00:00+00:00, run_after=2022-05-23T00:00:00+00:00
[2024-07-20T13:34:16.734+0000] {processor.py:179} INFO - Processing /opt/airflow/dags/my_second_dag.py took 1.846 seconds
[2024-07-20T13:34:47.627+0000] {processor.py:157} INFO - Started process (PID=3015) to work on /opt/airflow/dags/my_second_dag.py
[2024-07-20T13:34:47.646+0000] {processor.py:829} INFO - Processing file /opt/airflow/dags/my_second_dag.py for tasks to queue
[2024-07-20T13:34:47.653+0000] {logging_mixin.py:154} INFO - [2024-07-20T13:34:47.653+0000] {dagbag.py:536} INFO - Filling up the DagBag from /opt/airflow/dags/my_second_dag.py
[2024-07-20T13:34:48.832+0000] {processor.py:839} INFO - DAG(s) dict_keys(['our_first_dag_v5']) retrieved from /opt/airflow/dags/my_second_dag.py
[2024-07-20T13:34:49.198+0000] {logging_mixin.py:154} INFO - [2024-07-20T13:34:49.197+0000] {dag.py:2941} INFO - Sync 1 DAGs
[2024-07-20T13:34:50.978+0000] {logging_mixin.py:154} INFO - [2024-07-20T13:34:50.965+0000] {dag.py:3722} INFO - Setting next_dagrun for our_first_dag_v5 to 2022-06-04T00:00:00+00:00, run_after=2022-06-05T00:00:00+00:00
[2024-07-20T13:34:51.397+0000] {processor.py:179} INFO - Processing /opt/airflow/dags/my_second_dag.py took 3.780 seconds
[2024-07-20T13:35:22.384+0000] {processor.py:157} INFO - Started process (PID=3100) to work on /opt/airflow/dags/my_second_dag.py
[2024-07-20T13:35:22.431+0000] {processor.py:829} INFO - Processing file /opt/airflow/dags/my_second_dag.py for tasks to queue
[2024-07-20T13:35:22.513+0000] {logging_mixin.py:154} INFO - [2024-07-20T13:35:22.436+0000] {dagbag.py:536} INFO - Filling up the DagBag from /opt/airflow/dags/my_second_dag.py
[2024-07-20T13:35:22.784+0000] {processor.py:839} INFO - DAG(s) dict_keys(['our_first_dag_v5']) retrieved from /opt/airflow/dags/my_second_dag.py
[2024-07-20T13:35:23.312+0000] {logging_mixin.py:154} INFO - [2024-07-20T13:35:23.312+0000] {dag.py:2941} INFO - Sync 1 DAGs
[2024-07-20T13:35:25.829+0000] {logging_mixin.py:154} INFO - [2024-07-20T13:35:25.779+0000] {dag.py:3722} INFO - Setting next_dagrun for our_first_dag_v5 to 2022-06-15T00:00:00+00:00, run_after=2022-06-16T00:00:00+00:00
[2024-07-20T13:35:28.730+0000] {processor.py:179} INFO - Processing /opt/airflow/dags/my_second_dag.py took 5.502 seconds
[2024-07-20T13:36:03.647+0000] {processor.py:157} INFO - Started process (PID=3154) to work on /opt/airflow/dags/my_second_dag.py
[2024-07-20T13:36:03.673+0000] {processor.py:829} INFO - Processing file /opt/airflow/dags/my_second_dag.py for tasks to queue
[2024-07-20T13:36:03.718+0000] {logging_mixin.py:154} INFO - [2024-07-20T13:36:03.717+0000] {dagbag.py:536} INFO - Filling up the DagBag from /opt/airflow/dags/my_second_dag.py
[2024-07-20T13:36:05.008+0000] {processor.py:839} INFO - DAG(s) dict_keys(['our_first_dag_v5']) retrieved from /opt/airflow/dags/my_second_dag.py
[2024-07-20T13:36:05.486+0000] {logging_mixin.py:154} INFO - [2024-07-20T13:36:05.486+0000] {dag.py:2941} INFO - Sync 1 DAGs
[2024-07-20T13:36:07.008+0000] {logging_mixin.py:154} INFO - [2024-07-20T13:36:07.007+0000] {dag.py:3722} INFO - Setting next_dagrun for our_first_dag_v5 to 2022-06-16T00:00:00+00:00, run_after=2022-06-17T00:00:00+00:00
[2024-07-20T13:36:07.921+0000] {processor.py:179} INFO - Processing /opt/airflow/dags/my_second_dag.py took 4.497 seconds
[2024-07-20T13:36:38.686+0000] {processor.py:157} INFO - Started process (PID=3256) to work on /opt/airflow/dags/my_second_dag.py
[2024-07-20T13:36:38.696+0000] {processor.py:829} INFO - Processing file /opt/airflow/dags/my_second_dag.py for tasks to queue
[2024-07-20T13:36:38.704+0000] {logging_mixin.py:154} INFO - [2024-07-20T13:36:38.699+0000] {dagbag.py:536} INFO - Filling up the DagBag from /opt/airflow/dags/my_second_dag.py
[2024-07-20T13:36:38.864+0000] {processor.py:839} INFO - DAG(s) dict_keys(['our_first_dag_v5']) retrieved from /opt/airflow/dags/my_second_dag.py
[2024-07-20T13:36:39.002+0000] {logging_mixin.py:154} INFO - [2024-07-20T13:36:39.002+0000] {dag.py:2941} INFO - Sync 1 DAGs
[2024-07-20T13:36:39.310+0000] {logging_mixin.py:154} INFO - [2024-07-20T13:36:39.308+0000] {dag.py:3722} INFO - Setting next_dagrun for our_first_dag_v5 to 2022-06-24T00:00:00+00:00, run_after=2022-06-25T00:00:00+00:00
[2024-07-20T13:36:39.481+0000] {processor.py:179} INFO - Processing /opt/airflow/dags/my_second_dag.py took 0.839 seconds
[2024-07-20T13:36:42.942+0000] {processor.py:157} INFO - Started process (PID=3278) to work on /opt/airflow/dags/my_second_dag.py
[2024-07-20T13:36:42.986+0000] {processor.py:829} INFO - Processing file /opt/airflow/dags/my_second_dag.py for tasks to queue
[2024-07-20T13:36:42.990+0000] {logging_mixin.py:154} INFO - [2024-07-20T13:36:42.989+0000] {dagbag.py:536} INFO - Filling up the DagBag from /opt/airflow/dags/my_second_dag.py
[2024-07-20T13:36:43.356+0000] {processor.py:839} INFO - DAG(s) dict_keys(['our_first_dag_v5']) retrieved from /opt/airflow/dags/my_second_dag.py
[2024-07-20T13:36:44.534+0000] {logging_mixin.py:154} INFO - [2024-07-20T13:36:44.533+0000] {dag.py:2941} INFO - Sync 1 DAGs
[2024-07-20T13:36:44.674+0000] {logging_mixin.py:154} INFO - [2024-07-20T13:36:44.673+0000] {dag.py:3722} INFO - Setting next_dagrun for our_first_dag_v5 to 2022-06-26T00:00:00+00:00, run_after=2022-06-27T00:00:00+00:00
[2024-07-20T13:36:44.772+0000] {processor.py:179} INFO - Processing /opt/airflow/dags/my_second_dag.py took 1.928 seconds
[2024-07-20T13:36:48.072+0000] {processor.py:157} INFO - Started process (PID=3295) to work on /opt/airflow/dags/my_second_dag.py
[2024-07-20T13:36:48.077+0000] {processor.py:829} INFO - Processing file /opt/airflow/dags/my_second_dag.py for tasks to queue
[2024-07-20T13:36:48.109+0000] {logging_mixin.py:154} INFO - [2024-07-20T13:36:48.108+0000] {dagbag.py:536} INFO - Filling up the DagBag from /opt/airflow/dags/my_second_dag.py
[2024-07-20T13:36:48.223+0000] {processor.py:839} INFO - DAG(s) dict_keys(['our_first_dag_v5']) retrieved from /opt/airflow/dags/my_second_dag.py
[2024-07-20T13:36:48.287+0000] {logging_mixin.py:154} INFO - [2024-07-20T13:36:48.286+0000] {dag.py:2941} INFO - Sync 1 DAGs
[2024-07-20T13:36:48.363+0000] {logging_mixin.py:154} INFO - [2024-07-20T13:36:48.362+0000] {dag.py:3722} INFO - Setting next_dagrun for our_first_dag_v5 to 2022-06-26T00:00:00+00:00, run_after=2022-06-27T00:00:00+00:00
[2024-07-20T13:36:48.424+0000] {processor.py:179} INFO - Processing /opt/airflow/dags/my_second_dag.py took 0.357 seconds
[2024-07-20T13:37:19.049+0000] {processor.py:157} INFO - Started process (PID=3378) to work on /opt/airflow/dags/my_second_dag.py
[2024-07-20T13:37:19.055+0000] {processor.py:829} INFO - Processing file /opt/airflow/dags/my_second_dag.py for tasks to queue
[2024-07-20T13:37:19.058+0000] {logging_mixin.py:154} INFO - [2024-07-20T13:37:19.057+0000] {dagbag.py:536} INFO - Filling up the DagBag from /opt/airflow/dags/my_second_dag.py
[2024-07-20T13:37:19.144+0000] {processor.py:839} INFO - DAG(s) dict_keys(['our_first_dag_v5']) retrieved from /opt/airflow/dags/my_second_dag.py
[2024-07-20T13:37:19.569+0000] {logging_mixin.py:154} INFO - [2024-07-20T13:37:19.569+0000] {dag.py:2941} INFO - Sync 1 DAGs
[2024-07-20T13:37:19.764+0000] {logging_mixin.py:154} INFO - [2024-07-20T13:37:19.761+0000] {dag.py:3722} INFO - Setting next_dagrun for our_first_dag_v5 to 2022-07-21T00:00:00+00:00, run_after=2022-07-22T00:00:00+00:00
[2024-07-20T13:37:20.064+0000] {processor.py:179} INFO - Processing /opt/airflow/dags/my_second_dag.py took 1.097 seconds
[2024-07-20T13:37:35.087+0000] {processor.py:157} INFO - Started process (PID=3428) to work on /opt/airflow/dags/my_second_dag.py
[2024-07-20T13:37:35.090+0000] {processor.py:829} INFO - Processing file /opt/airflow/dags/my_second_dag.py for tasks to queue
[2024-07-20T13:37:35.098+0000] {logging_mixin.py:154} INFO - [2024-07-20T13:37:35.096+0000] {dagbag.py:536} INFO - Filling up the DagBag from /opt/airflow/dags/my_second_dag.py
[2024-07-20T13:37:35.200+0000] {processor.py:839} INFO - DAG(s) dict_keys(['our_first_dag_v5']) retrieved from /opt/airflow/dags/my_second_dag.py
[2024-07-20T13:37:35.356+0000] {logging_mixin.py:154} INFO - [2024-07-20T13:37:35.355+0000] {dag.py:2941} INFO - Sync 1 DAGs
[2024-07-20T13:37:36.929+0000] {logging_mixin.py:154} INFO - [2024-07-20T13:37:36.929+0000] {dag.py:3722} INFO - Setting next_dagrun for our_first_dag_v5 to 2022-08-04T00:00:00+00:00, run_after=2022-08-05T00:00:00+00:00
[2024-07-20T13:37:37.501+0000] {processor.py:179} INFO - Processing /opt/airflow/dags/my_second_dag.py took 2.460 seconds
[2024-07-20T13:37:53.048+0000] {processor.py:157} INFO - Started process (PID=3491) to work on /opt/airflow/dags/my_second_dag.py
[2024-07-20T13:37:53.055+0000] {processor.py:829} INFO - Processing file /opt/airflow/dags/my_second_dag.py for tasks to queue
[2024-07-20T13:37:53.085+0000] {logging_mixin.py:154} INFO - [2024-07-20T13:37:53.084+0000] {dagbag.py:536} INFO - Filling up the DagBag from /opt/airflow/dags/my_second_dag.py
[2024-07-20T13:37:53.345+0000] {processor.py:839} INFO - DAG(s) dict_keys(['our_first_dag_v5']) retrieved from /opt/airflow/dags/my_second_dag.py
[2024-07-20T13:37:53.699+0000] {logging_mixin.py:154} INFO - [2024-07-20T13:37:53.698+0000] {dag.py:2941} INFO - Sync 1 DAGs
[2024-07-20T13:37:54.823+0000] {logging_mixin.py:154} INFO - [2024-07-20T13:37:54.823+0000] {dag.py:3722} INFO - Setting next_dagrun for our_first_dag_v5 to 2022-08-21T00:00:00+00:00, run_after=2022-08-22T00:00:00+00:00
[2024-07-20T13:37:55.041+0000] {processor.py:179} INFO - Processing /opt/airflow/dags/my_second_dag.py took 2.016 seconds
[2024-07-20T13:38:25.878+0000] {processor.py:157} INFO - Started process (PID=3586) to work on /opt/airflow/dags/my_second_dag.py
[2024-07-20T13:38:25.885+0000] {processor.py:829} INFO - Processing file /opt/airflow/dags/my_second_dag.py for tasks to queue
[2024-07-20T13:38:25.889+0000] {logging_mixin.py:154} INFO - [2024-07-20T13:38:25.888+0000] {dagbag.py:536} INFO - Filling up the DagBag from /opt/airflow/dags/my_second_dag.py
[2024-07-20T13:38:26.014+0000] {processor.py:839} INFO - DAG(s) dict_keys(['our_first_dag_v5']) retrieved from /opt/airflow/dags/my_second_dag.py
[2024-07-20T13:38:26.183+0000] {logging_mixin.py:154} INFO - [2024-07-20T13:38:26.182+0000] {dag.py:2941} INFO - Sync 1 DAGs
[2024-07-20T13:38:26.343+0000] {logging_mixin.py:154} INFO - [2024-07-20T13:38:26.342+0000] {dag.py:3722} INFO - Setting next_dagrun for our_first_dag_v5 to 2022-09-15T00:00:00+00:00, run_after=2022-09-16T00:00:00+00:00
[2024-07-20T13:38:26.716+0000] {processor.py:179} INFO - Processing /opt/airflow/dags/my_second_dag.py took 0.846 seconds
