[2024-07-22T15:46:29.102+0000] {taskinstance.py:1159} INFO - Dependencies all met for dep_context=non-requeueable deps ti=<TaskInstance: dag_with_postgres_operator_v02.delete_data_from_table manual__2024-07-22T15:46:25.202521+00:00 [queued]>
[2024-07-22T15:46:29.115+0000] {taskinstance.py:1159} INFO - Dependencies all met for dep_context=requeueable deps ti=<TaskInstance: dag_with_postgres_operator_v02.delete_data_from_table manual__2024-07-22T15:46:25.202521+00:00 [queued]>
[2024-07-22T15:46:29.116+0000] {taskinstance.py:1361} INFO - Starting attempt 1 of 6
[2024-07-22T15:46:29.166+0000] {taskinstance.py:1382} INFO - Executing <Task(PostgresOperator): delete_data_from_table> on 2024-07-22 15:46:25.202521+00:00
[2024-07-22T15:46:29.177+0000] {standard_task_runner.py:57} INFO - Started process 8311 to run task
[2024-07-22T15:46:29.185+0000] {standard_task_runner.py:84} INFO - Running: ['***', 'tasks', 'run', 'dag_with_postgres_operator_v02', 'delete_data_from_table', 'manual__2024-07-22T15:46:25.202521+00:00', '--job-id', '1160', '--raw', '--subdir', 'DAGS_FOLDER/dag_with_postgres_operator.py', '--cfg-path', '/tmp/tmp9s5pmn00']
[2024-07-22T15:46:29.193+0000] {standard_task_runner.py:85} INFO - Job 1160: Subtask delete_data_from_table
[2024-07-22T15:46:29.307+0000] {task_command.py:416} INFO - Running <TaskInstance: dag_with_postgres_operator_v02.delete_data_from_table manual__2024-07-22T15:46:25.202521+00:00 [running]> on host b8647d758ea8
[2024-07-22T15:46:29.482+0000] {taskinstance.py:1662} INFO - Exporting env vars: AIRFLOW_CTX_DAG_OWNER='Bowen' AIRFLOW_CTX_DAG_ID='dag_with_postgres_operator_v02' AIRFLOW_CTX_TASK_ID='delete_data_from_table' AIRFLOW_CTX_EXECUTION_DATE='2024-07-22T15:46:25.202521+00:00' AIRFLOW_CTX_TRY_NUMBER='1' AIRFLOW_CTX_DAG_RUN_ID='manual__2024-07-22T15:46:25.202521+00:00'
[2024-07-22T15:46:29.484+0000] {sql.py:274} INFO - Executing: 
            delete from dag_runs where dt = '2024-07-22' and dag_id = 'dag_with_postgres_operator_v02'
        
[2024-07-22T15:46:29.499+0000] {base.py:73} INFO - Using connection ID 'postgres_localhost' for task execution.
[2024-07-22T15:46:29.517+0000] {base.py:73} INFO - Using connection ID 'postgres_localhost' for task execution.
[2024-07-22T15:46:29.537+0000] {sql.py:418} INFO - Running statement: 
            delete from dag_runs where dt = '2024-07-22' and dag_id = 'dag_with_postgres_operator_v02'
        , parameters: None
[2024-07-22T15:46:29.566+0000] {sql.py:427} INFO - Rows affected: 1
[2024-07-22T15:46:29.589+0000] {taskinstance.py:1400} INFO - Marking task as SUCCESS. dag_id=dag_with_postgres_operator_v02, task_id=delete_data_from_table, execution_date=20240722T154625, start_date=20240722T154629, end_date=20240722T154629
[2024-07-22T15:46:29.671+0000] {local_task_job_runner.py:228} INFO - Task exited with return code 0
[2024-07-22T15:46:29.713+0000] {taskinstance.py:2778} INFO - 0 downstream tasks scheduled from follow-on schedule check
